1;Газснаб;Челябинск;Садовая, 32;(416)861-783-880
2;Плюсгаз;Казань;Ленина, 62;(853)915-788-034
3;Снаббетонмонтажпроект;Ижевск;Садовая, 88;(969)882-166-968
4;Програмглав;Казань;Школьная, 89;(631)857-422-438
5;Програмпромглавспецпрод;Пермь;Центральная, 74;(168)139-234-443
6;Програмлакшеримонтаж;Омск;Новая, 58;(566)842-729-428
7;Промпродмяс;Ижевск;Садовая, 15;(630)459-173-997
8;Монтажмяспродпроект;Саратов;Набережная, 8;(326)503-003-028
9;Газжилснаб;Омск;Ленина, 63;(372)798-187-225
10;Снабмонтаж;Краснодар;Центральная, 54;(440)060-409-123
11;Снаббетонпрод;Ижевск;Ленина, 51;(158)643-894-739
12;Лакшерибетон;Санкт-Петербург;Центральная, 100;(575)958-668-723
13;Плюсмяспродснаббетон;Саратов;Новая, 19;(569)932-659-625
14;Плюсгазпродмонтаж;Пермь;Набережная, 73;(053)639-182-598
15;Жилгаз;Воронеж;Набережная, 54;(387)372-829-756
16;Мяслакшерибетонпром;Уфа;Набережная, 77;(995)776-551-843
17;Мясгазспецглав;Ростов-на-Дону;Молодёжная, 55;(714)263-861-025
18;Програмлакшерипродмонтаж;Саратов;Лесная, 80;(255)069-460-981
19;Спецплюсжилпром;Ростов-на-Дону;Набережная, 83;(377)580-457-762
20;Плюсбетонпроект;Тольятти;Ленина, 0;(707)368-421-662
21;Спецплюспрод;Тольятти;Школьная, 59;(028)396-646-802
22;Спецглав;Санкт-Петербург;Мира, 47;(425)823-692-617
23;Мяслакшерипромпроект;Самара;Набережная, 18;(690)425-665-034
24;Спецмонтаж;Саратов;Мира, 43;(528)243-847-297
25;Плюсгазпроект;Омск;Новая, 48;(726)845-332-101
26;Спецлакшерибетон;Красноярск;Ленина, 41;(252)659-006-160
27;Главспецпроджилпроект;Челябинск;Молодёжная, 89;(168)868-087-576
28;Лакшерижилбетонглав;Новосибирск;Советская, 58;(921)099-193-480
29;Снабмясмонтаж;Воронеж;Набережная, 67;(161)094-831-950
30;Плюсбетонмонтаж;Москва;Школьная, 42;(058)365-384-492
31;Спецжил;Санкт-Петербург;Ленина, 100;(750)833-632-043
32;Програмпромглавспецпроект;Казань;Школьная, 97;(772)404-147-386
33;Лакшеригазбетон;Волгоград;Школьная, 59;(522)602-363-019
34;Программонтажпроект;Омск;Новая, 27;(849)626-822-492
35;Лакшериплюсбетонглав;Казань;Советская, 90;(738)140-265-992
36;Плюсжил;Самара;Школьная, 5;(515)083-084-486
37;Промпрод;Ижевск;Центральная, 68;(857)011-491-655
38;Спецжилбетонмонтаж;Красноярск;Новая, 1;(327)558-072-970
39;Мяспрод;Воронеж;Школьная, 76;(020)119-126-702
40;Промснабглавмонтаж;Уфа;Школьная, 64;(627)947-215-341
41;Газглавснабмяс;Воронеж;Садовая, 57;(964)940-821-091
42;Плюсгаз;Тюмень;Молодёжная, 4;(151)866-658-937
43;Мясглавпрод;Челябинск;Садовая, 9;(723)363-118-680
44;Лакшерипромпроект;Казань;Советская, 18;(817)798-123-543
45;Плюспромснабгазпроект;Казань;Советская, 83;(962)814-773-463
46;Спецмясмонтаж;Ижевск;Мира, 91;(002)575-667-799
47;Лакшериснабглавпрод;Москва;Советская, 85;(039)874-039-876
48;Главпрод;Москва;Лесная, 87;(224)089-924-935
49;Програмпроммонтаж;Москва;Центральная, 44;(492)436-617-074
50;Програмпроект;Красноярск;Набережная, 3;(777)933-113-358
51;Плюспром;Красноярск;Ленина, 33;(687)952-052-134
52;Програмжилснабмяс;Воронеж;Советская, 96;(319)465-653-681
53;Спецпрод;Тюмень;Советская, 52;(925)441-780-176
54;Спецбетон;Ростов-на-Дону;Набережная, 24;(925)426-721-140
55;Програмплюсбетон;Саратов;Центральная, 65;(269)102-664-969
56;Снаббетонпрод;Тольятти;Набережная, 40;(352)228-391-691
57;Газпрод;Краснодар;Центральная, 85;(467)818-338-957
58;Бетонглав;Омск;Молодёжная, 77;(721)516-669-760
59;Программяс;Новосибирск;Молодёжная, 69;(644)638-951-389
60;Промплюспрод;Тольятти;Ленина, 53;(108)595-215-269
61;Плюспром;Новосибирск;Молодёжная, 98;(034)326-973-475
62;Мясмонтаж;Санкт-Петербург;Школьная, 31;(886)564-627-379
63;Програмпром;Тольятти;Школьная, 14;(224)340-920-916
64;Програмглавмяс;Саратов;Советская, 32;(354)384-161-065
65;Лакшериглавмяс;Ижевск;Новая, 42;(724)352-506-759
66;Газбетон;Екатеринбург;Советская, 69;(097)489-786-112
67;Спецжил;Санкт-Петербург;Лесная, 3;(814)051-728-578
68;Плюсгазпроект;Новосибирск;Мира, 89;(473)353-197-892
69;Програмлакшеримяс;Воронеж;Набережная, 20;(230)654-831-643
70;Програмбетон;Ижевск;Молодёжная, 14;(169)558-738-660
71;Програмпрод;Краснодар;Садовая, 10;(516)614-687-451
72;Промбетонмяс;Красноярск;Молодёжная, 10;(257)086-872-060
73;Лакшериглавбетонмяс;Тольятти;Садовая, 10;(819)203-234-373
74;Спецлакшериснабмонтаж;Казань;Садовая, 98;(121)612-527-594
75;Спецгазбетонмонтаж;Ростов-на-Дону;Школьная, 55;(223)478-673-133
76;Лакшериснаббетон;Пермь;Набережная, 44;(449)965-811-564
77;Плюспрод;Красноярск;Мира, 38;(474)358-652-791
78;Спецпром;Уфа;Советская, 74;(437)187-070-606
79;Програм;Новосибирск;Молодёжная, 48;(467)309-531-453
80;Газмонтаж;Пермь;Садовая, 84;(382)206-781-187
81;Мяслакшериглавмонтаж;Москва;Мира, 43;(019)440-125-434
82;Жилбетонмяспрод;Казань;Центральная, 2;(610)302-646-042
83;Програмспецпроект;Новосибирск;Мира, 71;(079)627-845-021
84;Спецгазпродпроект;Саратов;Центральная, 97;(036)432-556-564
85;Лакшеригазглавпроект;Тюмень;Ленина, 43;(705)676-310-519
86;Програмжилглавпром;Челябинск;Молодёжная, 94;(222)075-214-943
87;Програмплюсглав;Новосибирск;Центральная, 28;(605)009-693-624
88;Плюсглавспецмонтажлакшери;Ростов-на-Дону;Ленина, 51;(867)885-773-447
89;Лакшерижил;Челябинск;Центральная, 99;(845)583-401-382
90;Промплюсжилмяс;Воронеж;Центральная, 57;(877)397-258-905
91;Мясжилбетонглав;Уфа;Советская, 50;(458)394-758-766
92;Спецлакшери;Тюмень;Лесная, 25;(796)379-661-242
93;Спец;Краснодар;Школьная, 59;(858)521-746-302
94;Лакшериснаб;Воронеж;Новая, 66;(262)220-434-433
95;Лакшеримонтаж;Омск;Новая, 77;(811)931-383-975
96;Лакшериснабпром;Новосибирск;Мира, 63;(003)082-549-239
97;Програмпромглавпродснаб;Красноярск;Советская, 19;(780)394-865-664
98;Спецпроект;Тюмень;Ленина, 5;(908)046-895-041
99;Програмбетон;Саратов;Молодёжная, 30;(730)028-663-474
100;Програмжилбетонмонтаж;Краснодар;Ленина, 29;(749)810-615-405
101;Промлакшериснабмяс;Красноярск;Мира, 99;(170)183-439-326
102;Снаббетонмонтаж;Новосибирск;Лесная, 14;(284)790-905-814
103;Програмбетонпрод;Тюмень;Набережная, 19;(836)240-131-755
104;Снабмяспродпроект;Краснодар;Ленина, 65;(431)551-042-793
105;Газпроект;Ижевск;Новая, 99;(500)596-307-806
106;Жилглавпроект;Красноярск;Садовая, 44;(271)347-952-169
107;Лакшериплюсжилпроект;Новосибирск;Садовая, 23;(747)916-263-133
108;Лакшериплюсмонтаж;Уфа;Мира, 13;(830)870-650-764
109;Плюсжилглавлакшери;Красноярск;Советская, 0;(374)785-821-370
110;Плюсглавпромпрод;Новосибирск;Лесная, 28;(031)577-145-486
111;Програмлакшериснабспец;Новосибирск;Ленина, 97;(834)120-402-195
112;Промпроджилпроектлакшери;Уфа;Набережная, 16;(981)736-799-437
113;Плюсбетонмонтаж;Ростов-на-Дону;Лесная, 38;(594)097-521-213
114;Жилбетон;Тюмень;Советская, 42;(950)461-529-611
115;Спецлакшериплюспроект;Ростов-на-Дону;Набережная, 80;(180)189-581-118
116;Лакшериплюспроект;Омск;Набережная, 6;(565)404-995-939
117;Лакшерижилснабглав;Пермь;Набережная, 35;(501)544-370-777
118;Спецбетон;Уфа;Садовая, 60;(867)360-957-215
119;Монтажпроект;Волгоград;Молодёжная, 99;(165)693-991-409
120;Плюс;Санкт-Петербург;Молодёжная, 77;(485)797-768-526
121;Бетонмонтаж;Казань;Советская, 60;(661)063-160-307
122;Програмглавмонтажжилбетон;Челябинск;Советская, 49;(320)158-625-002
123;Спецпродгазбетонлакшери;Ижевск;Лесная, 13;(712)796-784-264
124;Спецпрограмгаз;Ростов-на-Дону;Советская, 27;(595)050-418-449
125;Мяспром;Пермь;Школьная, 28;(004)651-837-722
126;Спецлакшерижилбетон;Волгоград;Новая, 67;(714)633-505-584
127;Главпрод;Самара;Школьная, 95;(404)741-124-056
128;Главбетонмяс;Казань;Ленина, 94;(992)879-334-251
129;Спецснабглавмяс;Краснодар;Советская, 45;(527)177-235-129
130;Спецлакшеримясмонтаж;Нижний Новгород;Ленина, 27;(218)601-868-826
131;Лакшериснабглавмонтаж;Ростов-на-Дону;Центральная, 6;(856)397-459-957
132;Плюспром;Санкт-Петербург;Школьная, 26;(928)093-911-474
133;Снабпроммонтажпрод;Уфа;Новая, 45;(987)347-817-072
134;Програмснабпрод;Екатеринбург;Ленина, 88;(084)860-630-351
135;Жилглавмонтаж;Санкт-Петербург;Ленина, 5;(198)723-163-236
136;Програмлакшеримонтажпроект;Казань;Молодёжная, 72;(425)518-573-836
137;Мясспецмонтажжилгаз;Омск;Набережная, 72;(201)570-607-108
138;Спецмяс;Воронеж;Центральная, 0;(395)019-721-909
139;Главмонтажжилгазпроект;Санкт-Петербург;Советская, 56;(335)608-688-063
140;Жилпромпродпроект;Нижний Новгород;Ленина, 8;(958)829-178-860
141;Газбетон;Челябинск;Школьная, 46;(331)180-704-981
142;Плюсглавбетонпром;Казань;Школьная, 53;(802)621-132-629
143;Лакшеримонтаж;Челябинск;Лесная, 74;(557)853-983-238
144;Промглавмясжилгаз;Саратов;Центральная, 31;(883)825-144-870
145;Спецжилбетонпроектлакшери;Нижний Новгород;Набережная, 12;(957)470-748-687
146;Програмгазглавпроект;Ижевск;Школьная, 29;(529)118-000-277
147;Програмпроммясжиллакшери;Новосибирск;Лесная, 38;(636)740-301-509
148;Промпрод;Пермь;Набережная, 22;(667)525-489-161
149;Мяспродмонтажгазпроект;Пермь;Ленина, 70;(969)359-758-854
150;Лакшеримяс;Пермь;Школьная, 95;(930)801-260-492
151;Програмпромснаббетонлакшери;Волгоград;Советская, 63;(882)490-473-735
152;Плюспроммонтажжилпроект;Воронеж;Мира, 23;(009)790-292-711
153;Спецмонтажснаббетонлакшери;Ижевск;Молодёжная, 7;(757)577-811-941
154;Лакшеримонтажпроект;Волгоград;Лесная, 8;(799)200-398-705
155;Лакшеригазпрод;Пермь;Набережная, 100;(065)350-464-428
156;Плюсглавспецпроектлакшери;Екатеринбург;Центральная, 16;(205)923-127-450
157;Лакшериснаббетон;Красноярск;Мира, 100;(672)841-196-541
158;Промлакшерибетонмяс;Ростов-на-Дону;Советская, 24;(103)736-148-415
159;Програмснабпродпроект;Тольятти;Лесная, 33;(709)019-528-350
160;Промспецжилгазпроект;Волгоград;Ленина, 48;(953)944-249-379
161;Лакшерибетонплюс;Ижевск;Школьная, 79;(512)807-163-922
162;Мясмонтаж;Красноярск;Советская, 32;(775)106-421-814
163;Плюсгаз;Волгоград;Лесная, 51;(645)303-871-193
164;Снабмяс;Новосибирск;Молодёжная, 13;(439)688-142-686
165;Спецпрограм;Пермь;Лесная, 97;(670)602-797-281
166;Мясспецжилгазснаб;Самара;Центральная, 65;(535)489-273-921
167;Снабпрограмгаз;Новосибирск;Лесная, 75;(090)779-946-954
168;Спецплюсмонтаж;Тольятти;Молодёжная, 25;(404)439-874-001
169;Плюспромгазпроектлакшери;Санкт-Петербург;Ленина, 29;(925)485-448-911
170;Главпроект;Красноярск;Ленина, 78;(146)778-322-994
171;Програмпродпроект;Тольятти;Лесная, 46;(394)807-281-747
172;Спецснабмясмонтаж;Воронеж;Школьная, 94;(981)679-683-603
173;Жилбетонпроект;Новосибирск;Советская, 43;(500)103-527-856
174;Жилмонтаж;Самара;Советская, 89;(608)099-208-665
175;Спецгазглав;Санкт-Петербург;Советская, 25;(470)693-455-870
176;Спецплюсгазглав;Новосибирск;Советская, 4;(167)341-758-766
177;Проммяспроект;Уфа;Набережная, 52;(405)031-433-558
178;Мяслакшериглав;Краснодар;Набережная, 14;(548)701-184-667
179;Снабпроект;Санкт-Петербург;Садовая, 50;(102)646-779-829
180;Жилгазпром;Пермь;Мира, 24;(871)446-486-155
181;Мясплюспромлакшери;Тюмень;Новая, 48;(057)889-056-624
182;Лакшеримонтаж;Москва;Набережная, 47;(314)164-149-426
183;Лакшериснабпрод;Тюмень;Советская, 31;(004)401-900-369
184;Снабглавпроект;Волгоград;Центральная, 86;(428)485-562-374
185;Мяслакшериглав;Новосибирск;Советская, 25;(951)790-090-969
186;Снаббетонмонтажпроект;Екатеринбург;Мира, 83;(269)928-561-625
187;Мясбетонглав;Тюмень;Набережная, 42;(998)067-153-089
188;Главпрод;Воронеж;Мира, 6;(180)662-420-152
189;Плюсглав;Челябинск;Садовая, 56;(198)191-212-493
190;Спецгазпрод;Ижевск;Ленина, 60;(612)958-989-901
191;Програмжилгазпроектлакшери;Ижевск;Школьная, 49;(852)263-965-976
192;Лакшерижил;Уфа;Ленина, 99;(088)479-083-266
193;Газглав;Екатеринбург;Набережная, 17;(177)397-552-536
194;Жилмонтажпроект;Краснодар;Мира, 25;(176)490-288-702
195;Бетонглавмонтаж;Новосибирск;Школьная, 47;(137)609-473-803
196;Лакшериснаббетон;Уфа;Ленина, 60;(972)985-427-878
197;Спецпроджилснабпроект;Ижевск;Школьная, 5;(524)517-328-667
198;Лакшерипроект;Ижевск;Лесная, 67;(593)831-380-470
199;Газпром;Ростов-на-Дону;Молодёжная, 77;(579)623-723-220
200;Плюсмясспецгазпроект;Тольятти;Советская, 6;(828)894-482-807
201;Програмжилмяс;Екатеринбург;Набережная, 38;(133)380-476-311
202;Главпрод;Екатеринбург;Лесная, 17;(624)160-216-723
203;Програмглавгазпром;Казань;Садовая, 56;(149)798-013-110
204;Снабпродпроект;Тюмень;Набережная, 75;(941)929-303-688
205;Жилмяс;Красноярск;Школьная, 91;(286)302-153-341
206;Снабмяс;Краснодар;Новая, 67;(583)749-924-443
207;Бетонпрод;Краснодар;Школьная, 82;(156)717-030-843
208;Газснаббетон;Волгоград;Набережная, 22;(534)936-882-941
209;Промпрод;Самара;Школьная, 88;(315)039-995-768
210;Плюсмонтаж;Екатеринбург;Набережная, 49;(171)000-771-417
211;Плюсжилпроект;Волгоград;Школьная, 78;(114)815-503-844
212;Спецпрод;Новосибирск;Ленина, 99;(183)024-946-878
213;Плюсмяс;Воронеж;Садовая, 51;(327)761-312-463
214;Плюспроджилбетонпроект;Уфа;Школьная, 35;(748)601-025-042
215;Програмплюсснабспец;Воронеж;Мира, 44;(456)599-023-285
216;Лакшериплюсснабпроект;Нижний Новгород;Молодёжная, 18;(734)332-348-864
217;Програмгазглавпроект;Нижний Новгород;Ленина, 61;(228)183-140-760
218;Плюсспецмонтажснаблакшери;Казань;Мира, 30;(839)140-121-213
219;Програмбетонпроект;Омск;Центральная, 49;(284)898-636-603
220;Плюсглавспецснаббетон;Омск;Молодёжная, 27;(977)907-043-209
221;Мясмонтаж;Саратов;Новая, 41;(089)925-025-312
222;Спецлакшерипромпроект;Уфа;Лесная, 42;(584)663-665-422
223;Программяспроект;Волгоград;Ленина, 85;(326)179-387-232
224;Снабглавгазпрод;Самара;Лесная, 59;(384)960-942-954
225;Промглавмонтажснабгаз;Самара;Лесная, 99;(124)491-887-372
226;Спецлакшерипрод;Тольятти;Ленина, 38;(887)155-851-046
227;Програмгаз;Краснодар;Молодёжная, 80;(630)260-094-213
228;Програмбетонпрод;Омск;Советская, 65;(133)238-433-905
229;Плюсгазмонтаж;Челябинск;Лесная, 52;(722)263-908-250
230;Програмснаб;Воронеж;Центральная, 94;(565)675-075-603
231;Лакшерипроект;Санкт-Петербург;Советская, 12;(618)958-297-704
232;Лакшерибетон;Саратов;Молодёжная, 47;(421)300-602-404
233;Програмпродснабгазпроект;Новосибирск;Школьная, 96;(482)893-668-551
234;Плюспромспецпроектлакшери;Тольятти;Центральная, 38;(661)559-040-914
235;Спец;Воронеж;Школьная, 94;(123)115-583-874
236;Плюсмясмонтажпроектлакшери;Тюмень;Ленина, 27;(704)995-230-666
237;Промбетонглавпроект;Ростов-на-Дону;Новая, 2;(576)528-541-281
238;Програмплюспромглавбетон;Уфа;Лесная, 6;(551)047-532-521
239;Продмонтажгазснаббетон;Тольятти;Ленина, 55;(014)763-485-968
240;Спецпрогрампродпроект;Новосибирск;Школьная, 23;(842)844-401-914
241;Спецпрограммонтаж;Москва;Лесная, 79;(841)573-471-004
242;Жилгаз;Челябинск;Советская, 80;(914)891-380-485
243;Лакшеримонтаж;Самара;Ленина, 28;(454)054-634-070
244;Плюспром;Санкт-Петербург;Советская, 79;(637)934-904-121
245;Жилглав;Екатеринбург;Мира, 83;(743)216-757-416
246;Промглав;Казань;Лесная, 61;(839)667-523-859
247;Спецмонтажжилгазпроект;Самара;Школьная, 56;(196)412-155-310
248;Мяс;Красноярск;Лесная, 39;(582)545-074-338
249;Газмяс;Новосибирск;Новая, 91;(498)556-907-909
250;Газпром;Санкт-Петербург;Набережная, 97;(310)926-014-559
251;Главмясспецмонтажпроект;Уфа;Садовая, 9;(821)702-998-776
252;Плюсмясглавпродснаб;Ижевск;Школьная, 53;(247)556-762-247
253;Жилснаб;Нижний Новгород;Новая, 28;(516)856-860-717
254;Спецгазглав;Челябинск;Школьная, 32;(401)282-611-184
255;Монтажжилгазбетонлакшери;Саратов;Набережная, 82;(835)429-370-728
256;Програмлакшериглавпрод;Тольятти;Школьная, 70;(423)041-648-325
257;Лакшериглавпромпроект;Тольятти;Мира, 81;(123)416-086-350
258;Програмгаз;Тюмень;Ленина, 57;(688)388-171-474
259;Бетонмяс;Санкт-Петербург;Школьная, 40;(995)317-586-203
260;Лакшерибетон;Санкт-Петербург;Набережная, 72;(310)510-688-492
261;Плюспродбетонпроектлакшери;Саратов;Ленина, 58;(287)052-346-699
262;Газбетонпром;Волгоград;Мира, 29;(225)799-767-304
263;Продмонтажгазбетонлакшери;Ижевск;Новая, 70;(006)145-098-516
264;Жилгазмонтаж;Москва;Советская, 68;(807)987-210-380
265;Жилглавпром;Екатеринбург;Набережная, 9;(617)158-788-662
266;Бетонглав;Казань;Центральная, 97;(990)480-451-193
267;Програмбетонмонтажпроект;Казань;Лесная, 34;(775)558-680-832
268;Спецгазпрод;Новосибирск;Лесная, 44;(704)463-481-532
269;Плюсжилпроект;Челябинск;Лесная, 36;(242)103-130-826
270;Плюсбетонпрод;Новосибирск;Набережная, 13;(167)878-582-876
271;Спецгазмонтаж;Тольятти;Мира, 70;(367)647-525-341
272;Спецлакшеригазпроект;Воронеж;Набережная, 44;(245)876-154-601
273;Мясмонтаж;Красноярск;Набережная, 27;(308)501-031-217
274;Продглавмонтажпроект;Екатеринбург;Мира, 25;(736)537-569-926
275;Спецплюсгаз;Ростов-на-Дону;Лесная, 27;(242)969-950-170
276;Спецлакшериглавплюс;Красноярск;Школьная, 45;(376)734-711-071
277;Спецснабмясмонтаж;Волгоград;Школьная, 99;(068)909-239-050
278;Лакшерижилпроект;Уфа;Мира, 41;(794)217-677-118
279;Мясснабглавпроект;Санкт-Петербург;Лесная, 81;(785)508-390-718
280;Жилгазбетонпроект;Тюмень;Школьная, 75;(263)272-497-324
281;Мясглав;Тольятти;Молодёжная, 37;(475)037-013-483
282;Мяспромпрод;Москва;Лесная, 79;(800)633-960-596
283;Промжилгазмяс;Москва;Набережная, 91;(189)994-386-273
284;Програмпромспецгазпроект;Уфа;Центральная, 0;(270)348-484-852
285;Газбетонглав;Ростов-на-Дону;Мира, 45;(434)952-022-224
286;Газ;Санкт-Петербург;Садовая, 17;(795)877-530-079
287;Програмбетонглав;Самара;Новая, 80;(831)828-521-666
288;Газмяс;Краснодар;Молодёжная, 66;(050)116-128-242
289;Программяс;Челябинск;Мира, 30;(877)362-498-820
290;Жилпроект;Уфа;Школьная, 7;(528)964-146-082
291;Снаббетонмонтажпроект;Волгоград;Садовая, 73;(453)821-260-763
292;Лакшерипродмонтаж;Уфа;Центральная, 48;(984)719-187-529
293;Програмплюсбетонмяс;Санкт-Петербург;Ленина, 97;(294)808-655-107
294;Жилбетонпрод;Воронеж;Лесная, 18;(530)404-584-557
295;Програмпрод;Екатеринбург;Центральная, 47;(339)675-541-032
296;Спецпродмонтаж;Саратов;Садовая, 12;(962)917-247-589
297;Продмонтаж;Омск;Мира, 79;(569)279-396-866
298;Програмгазбетонпром;Тольятти;Советская, 39;(379)576-627-822
299;Плюсбетонглавпроект;Ростов-на-Дону;Школьная, 84;(727)821-560-492
300;Лакшериснаб;Самара;Молодёжная, 5;(713)755-241-351
301;Спецмяс;Ижевск;Ленина, 38;(087)534-248-050
302;Программясмонтажснабгаз;Красноярск;Лесная, 70;(604)250-023-539
303;Мяспроект;Москва;Лесная, 7;(650)121-846-375
304;Програмспецпродмонтажпроект;Екатеринбург;Лесная, 20;(792)579-911-931
305;Мясглавпрод;Волгоград;Советская, 53;(894)059-863-727
306;Монтажжилгазснаббетон;Волгоград;Набережная, 10;(537)632-927-176
307;Програмгазспецпрод;Челябинск;Школьная, 4;(072)631-350-407
308;Плюсгазглавмонтаж;Челябинск;Садовая, 60;(595)503-907-431
309;Мясмонтаж;Санкт-Петербург;Центральная, 17;(509)090-224-459
310;Плюсмяслакшери;Ростов-на-Дону;Школьная, 46;(925)261-614-571
311;Мяслакшериснабпрод;Ростов-на-Дону;Советская, 81;(224)878-081-591
312;Снаббетонмонтаж;Казань;Садовая, 12;(942)042-437-484
313;Лакшеригазмяс;Саратов;Лесная, 52;(486)366-701-645
314;Програмплюсснабглав;Волгоград;Набережная, 33;(617)467-671-012
315;Жилглавпрод;Москва;Мира, 70;(480)569-035-378
316;Спецпрограмснаб;Самара;Лесная, 2;(767)099-774-379
317;Спецжилснабпром;Екатеринбург;Новая, 53;(368)198-542-118
318;Спецпрограммяс;Санкт-Петербург;Мира, 68;(721)267-524-964
319;Спецплюс;Тольятти;Лесная, 71;(250)348-801-362
320;Програмплюсмясснаблакшери;Ростов-на-Дону;Советская, 5;(429)447-065-028
321;Плюсжилбетонмонтаж;Красноярск;Лесная, 38;(032)332-074-049
322;Продмонтаж;Нижний Новгород;Молодёжная, 74;(446)417-860-445
323;Спецбетон;Новосибирск;Молодёжная, 85;(285)688-317-917
324;Бетонмяс;Краснодар;Садовая, 64;(434)469-598-969
325;Програмглавспецпром;Ростов-на-Дону;Лесная, 2;(742)523-019-904
326;Програмлакшерипрод;Новосибирск;Школьная, 21;(380)523-301-822
327;Лакшеригазпроект;Пермь;Лесная, 46;(021)785-678-826
328;Снабпром;Воронеж;Молодёжная, 87;(019)321-478-996
329;Програмплюсжил;Тюмень;Новая, 42;(388)120-105-052
330;Лакшерижилгазпрод;Тольятти;Школьная, 64;(209)051-682-563
331;Снаббетонмяс;Казань;Ленина, 0;(669)314-993-649
332;Спецгазпромпроект;Новосибирск;Новая, 32;(489)680-839-669
333;Спецлакшериснаб;Екатеринбург;Ленина, 33;(126)649-189-682
334;Програмплюсжилснаб;Нижний Новгород;Мира, 81;(052)974-372-069
335;Мясмонтажжилгазснаб;Краснодар;Советская, 52;(062)693-436-848
336;Жилснабпроект;Москва;Ленина, 42;(056)512-730-999
337;Снабмяс;Тольятти;Садовая, 86;(494)096-729-492
338;Лакшеригаз;Омск;Набережная, 28;(818)127-692-167
339;Програмлакшериглавмонтаж;Москва;Молодёжная, 51;(643)047-345-405
340;Плюсгазбетонмяс;Уфа;Мира, 0;(257)196-170-355
341;Програмснабглавпроект;Москва;Садовая, 34;(647)932-367-965
342;Жилбетонпроект;Новосибирск;Набережная, 37;(792)140-296-878
343;Лакшериснабглав;Нижний Новгород;Новая, 66;(440)344-764-786
344;Програмпроммяспроджил;Тольятти;Центральная, 73;(473)895-094-275
345;Снаббетон;Пермь;Молодёжная, 42;(612)997-991-208
346;Спецглавмяспроект;Краснодар;Садовая, 9;(192)441-474-296
347;Газбетонмяс;Казань;Мира, 92;(500)213-574-227
348;Спецлакшерижилглав;Пермь;Лесная, 20;(020)893-444-124
349;Спецплюсжилснаб;Ижевск;Центральная, 90;(102)634-423-932
350;Программонтаж;Волгоград;Молодёжная, 21;(484)931-998-975
351;Промпрограмглавпрод;Омск;Мира, 97;(363)426-150-127
352;Програмжилпрод;Новосибирск;Молодёжная, 75;(846)539-503-480
353;Лакшеригаз;Челябинск;Новая, 85;(982)488-879-846
354;Бетонпроект;Екатеринбург;Новая, 66;(711)725-424-609
355;Снабпром;Краснодар;Лесная, 42;(823)058-836-137
356;Плюсгаз;Воронеж;Лесная, 12;(620)199-640-881
357;Плюсглавмонтажпроектлакшери;Екатеринбург;Набережная, 100;(098)176-492-103
358;Промпроект;Самара;Центральная, 3;(286)969-300-908
359;Плюсмясснабгазбетон;Челябинск;Новая, 42;(078)778-410-378
360;Спецплюспром;Омск;Набережная, 70;(425)284-378-333
361;Програмжилгазбетонпроект;Казань;Школьная, 13;(690)192-256-490
362;Програмлакшериснаб;Уфа;Ленина, 48;(054)254-011-403
363;Спецлакшерипрограмбетон;Краснодар;Набережная, 64;(569)999-880-136
364;Спецгаз;Москва;Набережная, 69;(811)463-430-408
365;Плюсглавмонтажлакшери;Красноярск;Лесная, 22;(113)426-729-833
366;Жилпром;Тольятти;Лесная, 61;(686)788-085-510
367;Спецглавпродпроект;Санкт-Петербург;Лесная, 32;(567)913-306-952
368;Промпродснаббетонпроект;Ростов-на-Дону;Молодёжная, 89;(488)814-167-738
369;Главмонтаж;Самара;Школьная, 83;(132)228-982-683
370;Жилгазмонтажпроект;Новосибирск;Советская, 22;(208)435-020-879
371;Программясмонтаж;Волгоград;Садовая, 75;(404)844-444-273
372;Жилбетон;Новосибирск;Лесная, 73;(191)106-300-636
373;Лакшеригазбетонмонтаж;Тольятти;Ленина, 20;(064)109-015-061
374;Лакшерижилмонтажпроект;Омск;Мира, 94;(791)852-605-228
375;Програмжилпром;Пермь;Молодёжная, 32;(969)292-634-927
376;Спецлакшериглавмяс;Казань;Новая, 67;(435)557-682-477
377;Снабгаз;Нижний Новгород;Набережная, 20;(937)383-813-430
378;Плюсбетон;Красноярск;Мира, 89;(770)789-207-162
379;Плюспродгазпроектлакшери;Воронеж;Молодёжная, 1;(979)861-953-836
380;Лакшерипроект;Санкт-Петербург;Ленина, 96;(277)547-327-928
381;Спецпроммонтажпроект;Тюмень;Советская, 83;(640)907-175-646
382;Жилглавмонтажпрод;Уфа;Мира, 88;(835)850-586-994
383;Лакшеригазглав;Волгоград;Лесная, 100;(647)779-810-490
384;Спецмонтаж;Тольятти;Лесная, 93;(502)334-055-740
385;Жилпроммонтаж;Омск;Центральная, 41;(685)564-455-439
386;Бетонпромпрод;Пермь;Советская, 21;(939)103-716-336
387;Спецпродбетонпроектлакшери;Омск;Новая, 37;(299)067-676-982
388;Програмлакшеригазбетон;Екатеринбург;Центральная, 23;(369)993-689-072
389;Програмплюсглав;Тольятти;Набережная, 22;(272)841-104-700
390;Промплюсмяс;Челябинск;Новая, 85;(615)492-726-714
391;Мяспром;Тюмень;Центральная, 17;(491)364-682-961
392;Снабпрод;Воронеж;Молодёжная, 34;(762)394-161-541
393;Лакшерипрод;Тольятти;Садовая, 6;(385)598-320-910
394;Програмспецмонтаж;Ростов-на-Дону;Лесная, 42;(076)002-415-506
395;Жилпроект;Самара;Ленина, 17;(300)019-870-277
396;Главмясспецснаблакшери;Казань;Молодёжная, 99;(612)751-997-935
397;Спецлакшерипром;Краснодар;Школьная, 86;(852)938-531-054
398;Плюсглав;Санкт-Петербург;Лесная, 22;(058)602-559-763
399;Спецмяс;Пермь;Мира, 75;(719)148-650-586
400;Програмснабмонтаж;Волгоград;Ленина, 99;(349)284-923-676
401;Газжилснаб;Санкт-Петербург;Молодёжная, 28;(294)369-515-390
402;Плюсмясспецжилснаб;Пермь;Набережная, 85;(855)520-926-229
403;Програмснабпроект;Нижний Новгород;Центральная, 86;(893)866-153-937
404;Програмспецжилснабпроект;Пермь;Молодёжная, 55;(633)963-138-456
405;Програмпрод;Екатеринбург;Мира, 73;(764)092-029-757
406;Бетонпромпрод;Краснодар;Набережная, 62;(606)463-905-235
407;Бетонглав;Нижний Новгород;Советская, 64;(617)783-875-963
408;Монтажпроект;Самара;Набережная, 84;(284)237-280-977
409;Програмжилглавпром;Волгоград;Лесная, 25;(344)021-320-963
410;Жилгазбетон;Казань;Советская, 45;(113)450-858-474
411;Плюсбетонпромпроект;Красноярск;Школьная, 18;(482)647-304-852
412;Програмглавспецснабпроект;Воронеж;Ленина, 56;(497)970-275-308
413;Газплюсснабглав;Нижний Новгород;Школьная, 2;(313)851-205-752
414;Промглав;Новосибирск;Садовая, 74;(060)016-618-405
415;Газснаблакшери;Челябинск;Новая, 7;(405)613-601-782
416;Жилснабпроект;Челябинск;Школьная, 86;(795)301-978-832
417;Главпром;Самара;Ленина, 93;(201)318-152-500
418;Плюсбетонмяс;Пермь;Лесная, 23;(069)451-958-131
419;Плюсжилпром;Москва;Советская, 75;(167)129-348-314
420;Програмбетонпромпроект;Пермь;Центральная, 28;(836)100-848-364
421;Спецснаб;Красноярск;Школьная, 50;(640)716-889-159
422;Жилснабмяс;Уфа;Новая, 25;(687)308-311-338
423;Спецжилгазснаб;Тольятти;Школьная, 15;(728)079-373-947
424;Бетонмонтаж;Пермь;Центральная, 48;(741)773-803-583
425;Програмжилгазпром;Саратов;Мира, 19;(147)565-915-747
426;Бетонпром;Пермь;Набережная, 87;(921)527-808-383
427;Лакшеримяс;Москва;Лесная, 58;(077)046-274-092
428;Проект;Уфа;Набережная, 73;(953)517-481-927
429;Жилмонтаж;Нижний Новгород;Центральная, 3;(355)781-910-513
430;Спецплюсглав;Тюмень;Центральная, 6;(769)872-696-134
431;Спецглавпроммонтаж;Екатеринбург;Молодёжная, 61;(951)645-816-953
432;Плюспром;Омск;Лесная, 91;(318)709-955-487
433;Снабмонтаж;Краснодар;Мира, 77;(530)319-456-850
434;Лакшеригазбетонплюс;Саратов;Лесная, 97;(677)933-752-367
435;Программонтажжилснабпроект;Саратов;Мира, 37;(946)182-418-481
436;Бетонглав;Екатеринбург;Мира, 56;(087)246-418-400
437;Плюспродпроект;Красноярск;Молодёжная, 85;(605)714-965-099
438;Спецмяспрод;Челябинск;Ленина, 42;(644)949-617-536
439;Газмонтаж;Нижний Новгород;Ленина, 89;(040)057-973-069
440;Снаббетон;Уфа;Новая, 81;(671)040-686-105
441;Плюспродмонтаж;Москва;Советская, 64;(867)789-949-079
442;Плюсгаз;Уфа;Ленина, 81;(784)271-539-173
443;Монтаж;Воронеж;Лесная, 72;(335)198-763-547
444;Спецпрограммясмонтаж;Уфа;Ленина, 19;(385)899-062-191
445;Програмплюспродмонтаж;Новосибирск;Лесная, 76;(976)488-432-087
446;Спец;Красноярск;Садовая, 33;(786)791-051-693
447;Жилпрод;Красноярск;Лесная, 55;(730)307-298-190
448;Программяс;Омск;Центральная, 19;(417)660-960-608
449;Програмпроммяспрод;Самара;Ленина, 34;(947)669-642-640
450;Спецлакшериглав;Екатеринбург;Ленина, 37;(133)327-157-806
451;Програмспецпродбетонлакшери;Пермь;Мира, 43;(046)010-787-425
452;Спецгазмяс;Уфа;Лесная, 47;(603)609-875-372
453;Спецглавснабпрод;Тюмень;Набережная, 63;(997)390-951-319
454;Спецмяспрод;Саратов;Школьная, 4;(599)089-896-602
455;Промлакшериснабплюс;Волгоград;Лесная, 93;(483)894-111-104
456;Снабглав;Новосибирск;Садовая, 66;(227)463-681-839
457;Програмлакшеригазмонтаж;Пермь;Ленина, 15;(112)049-550-097
458;Спецгаз;Воронеж;Садовая, 3;(854)011-701-359
459;Плюсбетонмяспроект;Саратов;Новая, 34;(578)089-661-806
460;Спецбетонмясмонтаж;Краснодар;Новая, 84;(941)446-570-410
461;Програмснаб;Уфа;Садовая, 69;(381)520-484-428
462;Спецплюсбетонмонтаж;Пермь;Ленина, 83;(081)565-050-817
463;Спецпрогрампрод;Омск;Школьная, 66;(922)022-224-284
464;Лакшерижил;Воронеж;Центральная, 62;(040)561-595-218
465;Лакшерибетонпроект;Саратов;Новая, 72;(272)375-262-454
466;Спецглавпроект;Новосибирск;Школьная, 14;(479)673-441-296
467;Програмбетонмяс;Ижевск;Новая, 31;(693)980-832-729
468;Главмяс;Воронеж;Набережная, 75;(344)443-662-873
469;Проектмяспрод;Екатеринбург;Советская, 93;(574)127-824-902
470;Газснабпроммонтаж;Нижний Новгород;Ленина, 1;(186)096-740-667
471;Программяс;Воронеж;Советская, 9;(558)379-085-745
472;Промснабмяспрод;Ижевск;Лесная, 51;(891)645-584-620
473;Плюсжил;Новосибирск;Садовая, 8;(509)203-589-523
474;Жилснабпроммонтаж;Ижевск;Набережная, 36;(312)383-279-789
475;Програмглав;Тольятти;Советская, 78;(518)120-758-857
476;Плюспроджилгазлакшери;Тюмень;Мира, 69;(790)615-016-938
477;Плюсглав;Саратов;Молодёжная, 88;(538)431-844-868
478;Лакшериглав;Челябинск;Мира, 54;(247)328-698-730
479;Лакшерибетонглавпроект;Уфа;Центральная, 12;(675)091-526-664
480;Плюспромпроект;Саратов;Лесная, 79;(015)314-072-718
481;Плюспрод;Волгоград;Центральная, 54;(046)054-899-722
482;Главпром;Красноярск;Мира, 24;(943)503-775-450
483;Жилпроект;Тольятти;Мира, 94;(353)760-467-353
484;Плюсмяспромгазлакшери;Самара;Центральная, 79;(395)083-402-829
485;Програмжилснаб;Нижний Новгород;Центральная, 59;(513)391-451-389
486;Спецпром;Ростов-на-Дону;Ленина, 70;(687)719-549-807
487;Газбетон;Ростов-на-Дону;Ленина, 13;(245)129-869-378
488;Спецпродмонтажпроект;Москва;Советская, 75;(451)503-714-872
489;Плюсжилпрод;Челябинск;Лесная, 88;(375)626-769-946
490;Жилбетонпром;Тюмень;Мира, 97;(384)260-147-554
491;Мясглавпродснабпроект;Пермь;Набережная, 41;(944)753-489-582
492;Програмплюспроект;Челябинск;Мира, 84;(160)387-502-313
493;Спецлакшеригаз;Москва;Советская, 21;(194)908-820-923
494;Жилпроект;Уфа;Мира, 68;(343)166-616-704
495;Спецплюс;Пермь;Ленина, 59;(705)351-800-214
496;Плюспром;Ижевск;Советская, 0;(372)277-043-055
497;Газбетонмонтаж;Красноярск;Мира, 76;(654)099-795-941
498;Плюспромглавспецпрод;Новосибирск;Центральная, 64;(175)870-474-305
499;Плюспромглавмяспрод;Ижевск;Школьная, 50;(034)069-501-927
500;Снабмяс;Краснодар;Новая, 15;(756)004-978-164
501;Бетонмяс;Краснодар;Мира, 1;(112)525-343-521
502;Спецплюспроммяс;Красноярск;Садовая, 65;(992)390-872-811
503;Програм;Казань;Центральная, 45;(477)111-413-128
504;Снабгазглав;Москва;Школьная, 95;(198)210-593-460
505;Плюсгазглавпроект;Красноярск;Молодёжная, 84;(040)725-903-119
506;Жилпроект;Уфа;Садовая, 19;(114)691-809-475
507;Жилглав;Челябинск;Лесная, 45;(422)842-915-654
508;Главмонтажгазснаблакшери;Ижевск;Школьная, 27;(430)404-059-235
509;Программонтажпроект;Санкт-Петербург;Советская, 39;(660)807-091-252
510;Лакшеригазпродплюс;Екатеринбург;Новая, 54;(681)327-762-124
511;Газснабмонтаж;Казань;Садовая, 2;(919)961-616-079
512;Спецгазпродмонтаж;Ижевск;Мира, 5;(168)487-124-135
513;Спецгаз;Пермь;Молодёжная, 38;(974)100-086-544
514;Плюсгазпроект;Ростов-на-Дону;Советская, 41;(517)830-836-824
515;Програмглавмонтажжилбетон;Самара;Центральная, 21;(088)352-377-667
516;Плюсглавмонтажпрод;Красноярск;Советская, 78;(051)453-678-160
517;Лакшериснабмясмонтаж;Воронеж;Мира, 100;(641)444-822-456
518;Лакшерипроектпромпрод;Красноярск;Садовая, 27;(315)099-569-653
519;Програмжилпроект;Самара;Ленина, 14;(100)380-695-909
520;Спецплюсснабпроект;Омск;Мира, 75;(391)220-460-173
521;Мясснабпроммонтаж;Ростов-на-Дону;Советская, 29;(913)286-836-430
522;Спецпром;Тольятти;Садовая, 6;(202)210-953-200
523;Лакшеримонтажпроект;Екатеринбург;Молодёжная, 55;(524)561-358-998
524;Спецгазпром;Челябинск;Набережная, 94;(899)586-337-269
525;Снаббетонпром;Уфа;Новая, 1;(931)317-003-887
526;Проммонтаж;Санкт-Петербург;Центральная, 90;(254)683-728-963
527;Жилгазглав;Челябинск;Мира, 75;(744)558-840-818
528;Мясглавгазпром;Челябинск;Новая, 30;(060)648-622-533
529;Спецплюспром;Санкт-Петербург;Советская, 31;(898)164-852-789
530;Жилгаз;Самара;Ленина, 30;(442)877-507-572
531;Плюспрод;Омск;Центральная, 98;(464)545-426-614
532;Главмонтажснабпроектлакшери;Челябинск;Лесная, 51;(026)543-107-937
533;Програмглавпроджилпроект;Тюмень;Советская, 55;(331)765-995-082
534;Програмпромглавгазпроект;Ижевск;Ленина, 78;(197)379-237-700
535;Снаббетон;Санкт-Петербург;Центральная, 17;(100)734-698-491
536;Лакшериснабмясмонтаж;Казань;Советская, 93;(246)069-082-081
537;Спецпрограм;Казань;Новая, 7;(434)424-021-781
538;Лакшерижил;Екатеринбург;Советская, 55;(093)231-588-105
539;Газпроект;Краснодар;Ленина, 18;(915)738-009-864
540;Спецплюсгазбетон;Воронеж;Набережная, 87;(466)010-053-498
541;Плюслакшери;Волгоград;Школьная, 82;(013)800-185-980
542;Програмплюсбетон;Самара;Школьная, 36;(453)409-545-363
543;Програмплюсгазбетон;Самара;Советская, 88;(930)916-515-967
544;Плюсжилглавмяс;Красноярск;Лесная, 43;(672)630-591-664
545;Проект;Омск;Новая, 88;(059)185-299-977
546;Газпроект;Самара;Лесная, 27;(123)021-200-385
547;Снаббетонглав;Тольятти;Школьная, 33;(192)085-665-682
548;Промглавмясспецгаз;Челябинск;Садовая, 21;(783)863-094-821
549;Програмгазснабглав;Омск;Лесная, 0;(509)032-812-986
550;Мясснабглав;Санкт-Петербург;Мира, 91;(493)448-931-804
551;Лакшерибетон;Ростов-на-Дону;Молодёжная, 58;(880)196-082-147
552;Програмглавмонтажпроект;Челябинск;Центральная, 62;(494)352-083-071
553;Програмгазпрод;Красноярск;Советская, 25;(924)349-540-913
554;Лакшеримонтажпроект;Ростов-на-Дону;Лесная, 83;(047)313-582-233
555;Бетонглав;Тюмень;Центральная, 94;(206)702-158-097
556;Программяспроект;Тюмень;Ленина, 17;(069)091-484-132
557;Снабглав;Самара;Молодёжная, 29;(544)410-996-812
558;Спецпрогрампром;Омск;Центральная, 60;(791)633-085-671
559;Пром;Омск;Мира, 8;(311)190-864-577
560;Промпродмонтажгазбетон;Тюмень;Центральная, 8;(286)304-187-367
561;Програмснабглавпрод;Саратов;Мира, 51;(908)803-017-997
562;Главмонтажбетонпроектлакшери;Пермь;Молодёжная, 23;(364)546-890-191
563;Лакшериснаб;Челябинск;Молодёжная, 70;(102)347-079-829
564;Лакшерибетонмяс;Москва;Новая, 28;(467)906-490-562
565;Жилснабпродмонтаж;Екатеринбург;Набережная, 48;(008)994-001-781
566;Бетон;Красноярск;Советская, 45;(682)207-006-037
567;Лакшеримяс;Тольятти;Мира, 3;(311)391-045-176
568;Снабпромпроект;Уфа;Садовая, 50;(928)631-571-230
569;Плюсжилпрод;Екатеринбург;Садовая, 55;(232)042-926-573
570;Програмснаб;Ростов-на-Дону;Молодёжная, 96;(707)079-247-190
571;Лакшериснабмяспроект;Волгоград;Школьная, 16;(464)726-992-897
572;Програмжил;Красноярск;Советская, 7;(853)468-389-519
573;Жилгазпрод;Челябинск;Школьная, 87;(706)552-859-621
574;Снабмяс;Новосибирск;Центральная, 96;(053)273-955-356
575;Лакшерибетонпромпроект;Казань;Советская, 27;(653)821-867-701
576;Програмгазбетонспец;Екатеринбург;Молодёжная, 7;(347)808-060-294
577;Лакшерижилснаб;Нижний Новгород;Советская, 15;(945)117-255-532
578;Мяслакшериглавпроект;Краснодар;Мира, 25;(029)894-109-882
579;Програмжил;Уфа;Центральная, 18;(181)837-233-734
580;Плюсснабпродпроект;Саратов;Молодёжная, 64;(614)331-086-955
581;Програмглавснабпром;Москва;Школьная, 62;(633)686-398-776
582;Програмлакшериглав;Самара;Школьная, 90;(116)233-495-343
583;Лакшеримяс;Санкт-Петербург;Лесная, 73;(070)383-245-049
584;Мясспецбетонглав;Пермь;Набережная, 34;(876)379-502-292
585;Промплюсмяслакшери;Краснодар;Мира, 83;(239)922-849-891
586;Лакшеригаз;Краснодар;Центральная, 3;(393)213-406-660
587;Програмснабпром;Тюмень;Новая, 16;(946)364-249-048
588;Спецбетон;Екатеринбург;Новая, 30;(167)280-691-466
589;Спецбетон;Уфа;Лесная, 32;(286)733-934-168
590;Мясплюсжилглав;Пермь;Молодёжная, 1;(268)276-808-634
591;Мясснабглав;Самара;Набережная, 2;(833)038-860-057
592;Спецлакшериснаб;Краснодар;Набережная, 57;(799)745-222-399
593;Програмплюсспецпром;Москва;Лесная, 40;(279)127-499-017
594;Плюсглавпрод;Омск;Молодёжная, 36;(818)173-437-150
595;Снаббетонпроммонтаж;Москва;Школьная, 18;(090)760-093-847
596;Снабпрод;Омск;Центральная, 7;(988)106-337-012
597;Спецгазпрод;Санкт-Петербург;Лесная, 45;(148)787-212-372
598;Лакшеримяс;Самара;Лесная, 16;(603)525-546-452
599;Газснабмонтаж;Санкт-Петербург;Молодёжная, 14;(516)682-671-653
600;Жилгазмяс;Саратов;Мира, 9;(246)901-999-672
601;Главмонтажснаббетонлакшери;Тольятти;Набережная, 16;(102)144-200-692
602;Програмпромглав;Казань;Набережная, 16;(600)125-819-139
603;Жилпродмонтаж;Уфа;Лесная, 76;(586)387-717-653
604;Плюсснабпром;Новосибирск;Лесная, 30;(799)846-345-224
605;Спецгазбетонпром;Тюмень;Центральная, 39;(930)508-151-227
606;Лакшерижилплюс;Москва;Лесная, 38;(255)541-492-100
607;Спецлакшериснабглав;Ижевск;Новая, 80;(181)722-706-783
608;Плюсгазглав;Воронеж;Школьная, 3;(549)171-532-554
609;Лакшериснаббетонпром;Уфа;Школьная, 33;(387)831-278-154
610;Плюсмяспродбетонпроект;Омск;Ленина, 69;(241)197-319-107
611;Спецснабпродмонтаж;Новосибирск;Лесная, 24;(676)069-782-635
612;Спецжилпрод;Екатеринбург;Мира, 80;(902)374-603-223
613;Прод;Екатеринбург;Советская, 86;(828)574-100-578
614;Лакшеригазмяс;Волгоград;Набережная, 43;(334)176-247-596
615;Лакшеримонтаж;Санкт-Петербург;Молодёжная, 72;(847)876-411-044
616;Спецбетонпрод;Екатеринбург;Набережная, 0;(537)172-264-121
617;Снабгазбетонмонтаж;Екатеринбург;Центральная, 29;(548)054-579-299
618;Бетонпроект;Ростов-на-Дону;Молодёжная, 39;(047)320-247-478
619;Спецпром;Казань;Молодёжная, 89;(898)444-359-149
620;Плюсбетон;Новосибирск;Садовая, 66;(130)327-710-282
621;Лакшериплюс;Волгоград;Центральная, 16;(818)116-284-624
622;Газплюсснаблакшери;Краснодар;Лесная, 9;(366)795-259-875
623;Снабплюсгазмонтаж;Пермь;Новая, 34;(430)862-641-033
624;Плюспромглавгазлакшери;Самара;Молодёжная, 92;(081)909-103-631
625;Спецгаз;Новосибирск;Мира, 18;(986)158-799-543
626;Промпроект;Волгоград;Мира, 68;(977)534-979-804
627;Програмлакшериплюспром;Самара;Ленина, 45;(216)039-728-286
628;Плюсгазпродмонтаж;Казань;Набережная, 55;(046)271-061-204
629;Монтаж;Тюмень;Центральная, 83;(028)832-667-328
630;Снабмяс;Омск;Советская, 43;(405)539-592-091
631;Плюсмясснабгазлакшери;Красноярск;Мира, 71;(173)669-822-850
632;Жилмяс;Волгоград;Центральная, 78;(834)503-041-181
633;Жилгазглав;Саратов;Новая, 1;(350)527-772-530
634;Бетонпроект;Пермь;Молодёжная, 26;(069)128-650-056
635;Спецпроммяс;Нижний Новгород;Садовая, 86;(981)919-867-068
636;Спецплюсглавпрод;Нижний Новгород;Лесная, 67;(479)565-114-413
637;Спецпромпрод;Новосибирск;Молодёжная, 5;(318)321-591-405
638;Жилгазбетонмонтаж;Пермь;Новая, 91;(197)133-887-861
639;Газпродмонтаж;Красноярск;Мира, 5;(138)251-789-536
640;Програмплюсмясспецпроект;Пермь;Советская, 34;(449)859-139-824
641;Мясснабглав;Тольятти;Новая, 90;(956)965-971-340
642;Програмжилгазмонтаж;Омск;Школьная, 40;(090)428-522-022
643;Программяс;Воронеж;Новая, 73;(158)795-951-223
644;Спецбетон;Ростов-на-Дону;Молодёжная, 29;(330)662-774-091
645;Лакшериглавмяс;Казань;Садовая, 42;(991)282-371-800
646;Спецплюспрограмснаб;Ростов-на-Дону;Центральная, 34;(114)128-227-106
647;Промспецпродмонтажлакшери;Саратов;Мира, 51;(519)197-133-920
648;Проммонтаж;Краснодар;Мира, 6;(760)125-913-928
649;Програмспецбетонглав;Тюмень;Ленина, 5;(168)636-024-492
650;Главпродпроект;Воронеж;Лесная, 72;(976)140-746-695
651;Програмснабпром;Тюмень;Советская, 18;(625)046-258-601
652;Жилпродмонтаж;Тольятти;Молодёжная, 30;(456)921-685-632
653;Газбетон;Тольятти;Молодёжная, 12;(412)677-031-912
654;Плюсжилснаб;Нижний Новгород;Школьная, 31;(368)501-556-752
655;Програмпрод;Нижний Новгород;Центральная, 56;(924)437-990-046
656;Спецлакшеримонтаж;Москва;Набережная, 16;(317)915-001-080
657;Главгазмяспроект;Краснодар;Ленина, 35;(287)714-633-813
658;Лакшерипрод;Казань;Советская, 10;(598)084-546-781
659;Газпродмонтажпроект;Волгоград;Молодёжная, 67;(190)061-646-641
660;Програмгазпрод;Самара;Школьная, 28;(946)781-196-781
661;Жилснабмонтаж;Тюмень;Новая, 15;(811)980-068-140
662;Спецжилпрогрампроект;Саратов;Лесная, 80;(538)619-709-900
663;Промглавпроект;Ижевск;Мира, 35;(125)169-938-278
664;Лакшеригазбетон;Воронеж;Молодёжная, 88;(671)315-193-041
665;Снабглавмонтажпрод;Воронеж;Набережная, 50;(379)360-915-475
666;Спецплюспроммяс;Тюмень;Набережная, 53;(999)564-391-700
667;Жилснаб;Омск;Лесная, 97;(380)272-290-100
668;Глав;Екатеринбург;Садовая, 82;(367)985-321-960
669;Плюсжилмяс;Ижевск;Мира, 93;(432)541-018-932
670;Главгазмяс;Тюмень;Набережная, 14;(780)178-664-784
671;Лакшеримонтаж;Красноярск;Мира, 18;(229)377-766-650
672;Програмжил;Саратов;Молодёжная, 91;(795)428-532-496
673;Плюспромпроект;Челябинск;Лесная, 86;(756)279-675-687
674;Спецпроммонтажпроект;Волгоград;Мира, 50;(290)512-628-729
675;Спецжилглав;Пермь;Молодёжная, 39;(432)709-587-078
676;Газбетонпром;Омск;Молодёжная, 30;(132)528-645-868
677;Промпроект;Челябинск;Новая, 19;(364)378-084-222
678;Бетонпромпроект;Екатеринбург;Новая, 1;(418)065-588-529
679;Снабпроект;Нижний Новгород;Молодёжная, 43;(133)527-367-851
680;Газмяс;Воронеж;Новая, 17;(637)134-199-294
681;Плюсжилпромпрод;Нижний Новгород;Ленина, 90;(718)547-565-608
682;Лакшериснабпрод;Новосибирск;Садовая, 96;(868)137-730-160
683;Лакшерипродпроект;Казань;Набережная, 95;(473)925-955-815
684;Промплюсглавпрод;Ростов-на-Дону;Советская, 7;(160)551-834-258
685;Спецснаббетон;Ростов-на-Дону;Центральная, 2;(111)999-944-947
686;Газпрод;Краснодар;Ленина, 81;(207)449-462-569
687;Газглав;Тюмень;Советская, 49;(214)015-127-646
688;Програмспецпром;Ижевск;Набережная, 86;(175)383-447-493
689;Програмпром;Ростов-на-Дону;Школьная, 42;(048)105-781-468
690;Мясглав;Саратов;Школьная, 90;(071)923-520-875
691;Монтаж;Москва;Ленина, 14;(230)811-542-537
692;Плюсмяс;Челябинск;Школьная, 52;(551)117-841-566
693;Программяс;Челябинск;Садовая, 3;(071)851-722-038
694;Снаббетонмяс;Ростов-на-Дону;Набережная, 82;(977)673-210-215
695;Мясплюсглавпрод;Москва;Молодёжная, 38;(684)265-042-318
696;Лакшерижилпромпрод;Тольятти;Советская, 5;(133)429-474-780
697;Главгазпромпрод;Москва;Школьная, 67;(749)663-598-972
698;Главпроммонтажгазпроект;Ростов-на-Дону;Набережная, 54;(041)072-959-111
699;Програмлакшерипродмонтаж;Тюмень;Новая, 97;(280)451-118-711
700;Лакшерижилснаббетон;Ижевск;Садовая, 64;(572)047-150-606
701;Газпрод;Москва;Молодёжная, 14;(145)827-664-803
702;Програмплюсснабмяс;Екатеринбург;Центральная, 60;(414)562-581-694
703;Програмплюспроммяс;Омск;Лесная, 67;(309)385-302-484
704;Газбетон;Красноярск;Мира, 79;(161)383-201-940
705;Главспецмонтажбетонлакшери;Красноярск;Ленина, 50;(268)620-934-985
706;Снаббетонпрод;Ижевск;Советская, 74;(567)065-087-353
707;Промжилпрод;Тольятти;Лесная, 55;(483)140-442-714
708;Снабпродпроект;Тольятти;Советская, 28;(685)475-773-795
709;Плюсжилпром;Тюмень;Лесная, 58;(785)712-027-860
710;Главгазпромпрод;Новосибирск;Молодёжная, 98;(422)098-366-728
711;Жилпром;Ижевск;Новая, 59;(838)715-368-143
712;Спецжилпрограмглав;Нижний Новгород;Советская, 80;(925)843-271-209
713;Плюсбетон;Нижний Новгород;Набережная, 49;(752)536-710-838
714;Плюспроммонтажпроект;Нижний Новгород;Советская, 86;(264)310-547-255
715;Лакшериснабглавмонтаж;Саратов;Набережная, 25;(951)022-934-704
716;Спецлакшерипром;Саратов;Садовая, 71;(133)356-943-556
717;Главпрод;Екатеринбург;Молодёжная, 7;(399)494-218-943
718;Плюспроект;Омск;Ленина, 39;(947)330-796-040
719;Спецбетонпром;Красноярск;Ленина, 43;(558)988-519-463
720;Жилмяс;Саратов;Центральная, 87;(951)439-882-628
721;Лакшериглав;Уфа;Новая, 55;(328)256-616-763
722;Спецплюспрогрампрод;Ижевск;Садовая, 31;(610)975-721-355
723;Лакшериснабмонтажпроект;Нижний Новгород;Школьная, 50;(782)226-917-518
724;Газснабглав;Санкт-Петербург;Садовая, 41;(870)021-177-741
725;Програмпромпродснаббетон;Тюмень;Лесная, 62;(857)991-108-962
726;Плюсснаббетонглав;Москва;Советская, 94;(371)801-340-886
727;Жилпром;Нижний Новгород;Советская, 100;(920)575-361-793
728;Плюсжилбетонпром;Краснодар;Новая, 39;(008)359-014-830
729;Плюсмонтаж;Нижний Новгород;Набережная, 49;(169)614-101-188
730;Снаблакшеригаз;Екатеринбург;Мира, 37;(578)915-010-689
731;Плюсжилпрод;Уфа;Советская, 69;(748)199-645-200
732;Бетонпромпроект;Красноярск;Лесная, 56;(829)700-346-100
733;Программясспецпроектлакшери;Тюмень;Садовая, 94;(570)857-940-276
734;Бетонпром;Ижевск;Ленина, 38;(900)447-982-047
735;Спецгазбетонпрод;Уфа;Школьная, 36;(988)663-738-177
736;Лакшеригазбетон;Тюмень;Садовая, 74;(528)090-259-364
737;Плюсснабпрод;Новосибирск;Новая, 62;(645)950-548-434
738;Спецплюсжилбетон;Москва;Молодёжная, 66;(362)034-677-006
739;Главгазпром;Омск;Молодёжная, 39;(270)069-231-227
740;Програмплюс;Москва;Молодёжная, 85;(031)173-173-913
741;Спецснаб;Казань;Школьная, 35;(730)203-246-145
742;Газглав;Ростов-на-Дону;Мира, 6;(387)276-513-336
743;Бетонглав;Волгоград;Молодёжная, 44;(948)396-167-217
744;Лакшеримяспроект;Пермь;Садовая, 9;(142)087-628-344
745;Спецлакшериснабплюс;Краснодар;Лесная, 53;(537)939-584-716
746;Газмяспроект;Омск;Ленина, 13;(775)966-375-206
747;Плюсснабмонтаж;Казань;Набережная, 66;(624)915-794-313
748;Програмплюсмяс;Пермь;Новая, 23;(880)651-230-394
749;Плюспрод;Красноярск;Молодёжная, 39;(566)945-931-213
750;Газснабмонтаж;Челябинск;Мира, 62;(121)022-429-246
751;Спецпроект;Челябинск;Советская, 89;(965)809-803-315
752;Монтажпроект;Воронеж;Мира, 85;(954)483-356-657
753;Бетонпрод;Уфа;Мира, 42;(276)133-850-426
754;Програмжил;Краснодар;Молодёжная, 28;(077)324-581-764
755;Программясмонтажжиллакшери;Саратов;Центральная, 3;(900)288-517-556
756;Спецплюсмяспроект;Самара;Мира, 81;(710)268-227-510
757;Мясснабглавмонтаж;Челябинск;Молодёжная, 33;(211)896-940-783
758;Бетонпроект;Воронеж;Молодёжная, 9;(196)694-320-209
759;Програмпроект;Уфа;Набережная, 14;(988)418-065-977
760;Спецпромпродмяс;Новосибирск;Ленина, 50;(252)514-923-299
761;Мясмонтаж;Уфа;Советская, 36;(465)443-039-311
762;Снаббетонпроект;Пермь;Советская, 87;(054)345-828-142
763;Лакшерижил;Казань;Лесная, 34;(675)055-873-321
764;Спецгазпроммонтаж;Омск;Садовая, 33;(976)038-954-548
765;Спецбетонпроммонтаж;Санкт-Петербург;Школьная, 2;(204)013-552-900
766;Програмпромпродбетонпроект;Омск;Школьная, 80;(627)493-254-722
767;Програмжилснаб;Омск;Мира, 41;(907)163-130-572
768;Спецгаз;Уфа;Ленина, 82;(061)112-377-882
769;Спецлакшериснабглав;Москва;Мира, 26;(804)956-496-917
770;Промспецмонтажжилгаз;Омск;Молодёжная, 7;(589)847-330-939
771;Плюсглавмонтажпрод;Омск;Новая, 4;(559)830-497-228
772;Промглавспецгазпроект;Пермь;Набережная, 80;(147)676-772-085
773;Промпрогрампрод;Тюмень;Ленина, 94;(854)361-867-213
774;Плюсснаб;Пермь;Школьная, 22;(281)961-168-859
775;Програмпрод;Тольятти;Лесная, 47;(109)625-805-671
776;Промглав;Тюмень;Ленина, 80;(264)028-073-908
777;Газпром;Санкт-Петербург;Новая, 96;(921)643-750-698
778;Газмясмонтажпрод;Волгоград;Школьная, 35;(119)412-689-266
779;Газмонтаж;Новосибирск;Новая, 33;(370)778-274-486
780;Газглавпроект;Екатеринбург;Мира, 68;(610)358-935-716
781;Бетонпродмонтаж;Воронеж;Новая, 6;(678)429-428-458
782;Жилгаз;Челябинск;Новая, 39;(568)519-598-668
783;Снабмонтаж;Новосибирск;Набережная, 28;(525)609-533-533
784;Спецплюспродпроект;Саратов;Лесная, 47;(307)918-811-944
785;Лакшериснаб;Уфа;Лесная, 93;(068)072-783-142
786;Спецжилгаз;Казань;Школьная, 8;(822)319-598-732
787;Промпрод;Краснодар;Мира, 30;(402)890-741-236
788;Лакшерибетонпроммонтаж;Тольятти;Советская, 43;(999)677-464-321
789;Програмглавмяс;Саратов;Лесная, 97;(368)896-826-659
790;Главпроект;Тюмень;Школьная, 2;(233)442-283-014
791;Спецглавмонтаж;Ростов-на-Дону;Новая, 41;(492)043-609-728
792;Програмпромспецжилгаз;Москва;Лесная, 18;(808)859-925-116
793;Снабглавпроект;Нижний Новгород;Садовая, 4;(105)326-147-132
794;Главгазпром;Омск;Мира, 4;(226)298-895-225
795;Мяспром;Санкт-Петербург;Лесная, 100;(461)401-678-994
796;Мясспецпром;Воронеж;Новая, 100;(521)846-353-440
797;Програмжил;Воронеж;Ленина, 20;(096)520-351-278
798;Снабглав;Самара;Мира, 100;(567)981-166-916
799;Програмлакшериглавпроект;Казань;Ленина, 89;(442)146-965-573
800;Плюсбетонмяслакшери;Казань;Новая, 39;(636)560-203-581
801;Снабпрод;Тюмень;Советская, 30;(495)756-992-229
802;Газлакшериснабплюс;Новосибирск;Лесная, 67;(900)193-185-864
803;Мясглавпрод;Санкт-Петербург;Советская, 96;(786)087-234-966
804;Бетонпром;Новосибирск;Садовая, 46;(627)049-058-920
805;Програмжил;Краснодар;Школьная, 79;(132)266-513-887
806;Главпроект;Новосибирск;Набережная, 11;(330)856-491-762
807;Спецпрод;Уфа;Молодёжная, 88;(679)892-534-670
808;Спецбетонмяс;Краснодар;Мира, 86;(125)417-367-852
809;Мяспродмонтажпроект;Челябинск;Новая, 93;(321)886-092-938
810;Плюс;Тольятти;Советская, 32;(341)580-601-049
811;Главпродснаббетонпроект;Ростов-на-Дону;Лесная, 3;(048)801-531-385
812;Програмснабпродмонтаж;Омск;Новая, 25;(222)419-952-867
813;Лакшерижилснабмяс;Екатеринбург;Набережная, 11;(096)829-839-720
814;Плюсжилмонтажпроект;Пермь;Школьная, 20;(201)186-453-103
815;Лакшерибетон;Саратов;Советская, 67;(308)055-234-844
816;Спецбетонпром;Тюмень;Центральная, 49;(435)839-548-409
817;Програмснабмонтажпроект;Ростов-на-Дону;Новая, 70;(959)076-280-344
818;Спецглавмяс;Ростов-на-Дону;Школьная, 89;(212)467-571-999
819;Главпром;Уфа;Садовая, 8;(606)366-351-960
820;Лакшерибетонпроект;Новосибирск;Набережная, 19;(128)347-718-874
821;Жилглавпроект;Самара;Набережная, 15;(355)216-050-203
822;Мяспроект;Москва;Школьная, 16;(914)260-322-969
823;Лакшерибетонмонтаж;Москва;Ленина, 57;(096)141-279-614
824;Жилснабглав;Ростов-на-Дону;Мира, 67;(909)329-779-789
825;Жилбетонпромпроект;Красноярск;Центральная, 29;(056)219-272-662
826;Плюспромгазбетонпроект;Москва;Лесная, 38;(757)830-434-278
827;Спецлакшериснаб;Москва;Советская, 37;(181)110-951-762
828;Газснабпромпрод;Челябинск;Набережная, 99;(598)869-736-125
829;Лакшерижил;Новосибирск;Ленина, 92;(983)717-046-059
830;Лакшерибетонпрод;Екатеринбург;Ленина, 84;(385)034-177-361
831;Плюсгазмонтажлакшери;Пермь;Набережная, 61;(277)782-583-414
832;Спецплюспрограм;Ижевск;Школьная, 50;(511)685-046-742
833;Спецжилбетонглав;Новосибирск;Мира, 82;(414)107-570-875
834;Жилпромпрод;Омск;Центральная, 83;(741)164-015-310
835;Плюсглавлакшери;Волгоград;Молодёжная, 27;(327)243-384-654
836;Газглавпрод;Санкт-Петербург;Новая, 38;(499)552-390-071
837;Жилмяс;Тюмень;Советская, 57;(458)023-707-925
838;Монтажпроект;Уфа;Советская, 70;(665)164-504-760
839;Спецплюсснабпроект;Ижевск;Новая, 99;(607)889-824-576
840;Лакшеримяс;Саратов;Советская, 0;(180)859-462-339
841;Програмлакшериснабмонтаж;Красноярск;Школьная, 63;(714)726-423-144
842;Програмлакшеримяс;Санкт-Петербург;Лесная, 15;(892)994-147-612
843;Жилглавмяспроект;Самара;Молодёжная, 29;(682)673-456-137
844;Плюсжил;Пермь;Садовая, 79;(543)506-451-413
845;Снабпроект;Омск;Садовая, 51;(980)821-803-859
846;Плюспроект;Уфа;Школьная, 16;(430)885-296-074
847;Спецбетонглавпроект;Воронеж;Набережная, 65;(084)007-046-502
848;Програмглавпроджилпроект;Тюмень;Ленина, 53;(088)870-419-267
849;Програмплюсжилпрод;Тольятти;Ленина, 47;(414)779-505-851
850;Програмжилбетонпрод;Казань;Набережная, 73;(829)122-129-283
851;Програмлакшеригазснаб;Ростов-на-Дону;Ленина, 76;(572)805-287-840
852;Главгазпромпрод;Омск;Центральная, 64;(816)898-178-001
853;Програмпродмонтажгазлакшери;Новосибирск;Набережная, 10;(985)710-460-099
854;Промпрограммяспрод;Воронеж;Центральная, 55;(325)566-243-679
855;Газмяс;Москва;Садовая, 69;(828)674-991-293
856;Лакшерижилпродмонтаж;Пермь;Школьная, 91;(205)797-482-554
857;Промспецпроджилснаб;Омск;Садовая, 53;(357)183-708-054
858;Програмпроммонтажгазлакшери;Омск;Набережная, 11;(974)114-975-788
859;Програмплюсспецпродлакшери;Казань;Лесная, 19;(115)967-576-563
860;Програмбетон;Волгоград;Лесная, 79;(396)454-259-041
861;Спецпромгазглав;Ижевск;Центральная, 53;(991)629-420-585
862;Мяс;Челябинск;Лесная, 66;(199)533-958-062
863;Спецжил;Тюмень;Мира, 97;(353)862-080-979
864;Жилснаббетонпроект;Саратов;Новая, 55;(363)004-038-254
865;Лакшерижил;Уфа;Набережная, 91;(609)042-129-268
866;Газпрод;Екатеринбург;Советская, 48;(190)096-358-788
867;Програмплюсглав;Саратов;Садовая, 53;(842)472-241-896
868;Плюспроект;Краснодар;Центральная, 98;(386)755-742-717
869;Спецлакшери;Самара;Школьная, 13;(634)229-512-906
870;Програмпромглавспецпроект;Пермь;Новая, 37;(453)426-625-365
871;Лакшеригазбетонмонтаж;Красноярск;Ленина, 3;(448)968-012-039
872;Спецлакшеримяс;Тюмень;Садовая, 68;(970)193-786-704
873;Програмбетонмонтаж;Екатеринбург;Мира, 41;(330)937-948-302
874;Жилгаз;Санкт-Петербург;Набережная, 31;(353)627-778-592
875;Програмпром;Новосибирск;Советская, 79;(135)800-998-007
876;Програмжилбетон;Санкт-Петербург;Новая, 65;(838)051-975-520
877;Программяспроект;Омск;Центральная, 27;(206)593-880-469
878;Плюсглав;Нижний Новгород;Молодёжная, 84;(355)307-434-099
879;Газглав;Санкт-Петербург;Школьная, 10;(928)830-333-135
880;Програмплюсмяс;Саратов;Ленина, 61;(005)968-510-502
881;Плюсбетонпром;Уфа;Набережная, 91;(026)476-032-206
882;Спецснабмяспроект;Красноярск;Набережная, 79;(434)711-301-590
883;Снабгазмяс;Саратов;Центральная, 15;(255)539-318-973
884;Спецпрограмгазбетон;Самара;Новая, 8;(558)311-515-597
885;Програмпрод;Омск;Набережная, 13;(839)557-382-566
886;Газбетонпром;Саратов;Молодёжная, 95;(617)977-384-649
887;Промгазглав;Нижний Новгород;Ленина, 36;(831)112-356-326
888;Програмснаббетон;Саратов;Набережная, 14;(236)066-065-143
889;Промпрод;Воронеж;Советская, 98;(622)739-113-289
890;Програмпродмонтаж;Екатеринбург;Мира, 30;(500)612-021-727
891;Програмпром;Волгоград;Школьная, 6;(768)875-156-004
892;Лакшериснабпром;Волгоград;Садовая, 48;(669)729-927-008
893;Спецбетонглав;Челябинск;Мира, 67;(996)759-879-511
894;Газбетон;Красноярск;Центральная, 46;(172)373-887-208
895;Програмплюсглавпродлакшери;Ижевск;Советская, 13;(405)692-550-629
896;Промспецпрод;Уфа;Ленина, 83;(366)703-429-717
897;Газмяспродпроект;Пермь;Ленина, 7;(299)256-352-452
898;Газпродпроект;Челябинск;Новая, 24;(828)678-898-647
899;Спецмяс;Ижевск;Ленина, 18;(502)037-867-948
900;Лакшеримяс;Ростов-на-Дону;Центральная, 92;(327)978-694-116
901;Промплюсглав;Красноярск;Школьная, 92;(995)455-784-235
902;Снаббетон;Уфа;Садовая, 6;(923)456-036-029
903;Програмбетон;Нижний Новгород;Садовая, 98;(017)671-015-553
904;Газбетон;Красноярск;Школьная, 15;(661)688-984-431
905;Програмснаб;Омск;Центральная, 4;(064)542-566-783
906;Газбетонпроект;Новосибирск;Ленина, 59;(165)844-701-776
907;Спецпрограм;Уфа;Набережная, 86;(213)168-809-356
908;Лакшериснаббетонмяс;Тольятти;Новая, 67;(808)683-738-932
909;Промлакшериплюс;Санкт-Петербург;Ленина, 46;(552)672-432-589
910;Лакшериснаббетонглав;Екатеринбург;Молодёжная, 86;(025)498-296-499
911;Лакшерипроммонтаж;Омск;Молодёжная, 79;(333)905-500-663
912;Програмлакшериснаббетон;Санкт-Петербург;Советская, 6;(740)111-292-710
913;Програмлакшеримяс;Пермь;Молодёжная, 0;(285)935-215-041
914;Жилбетонпроммонтаж;Уфа;Набережная, 61;(906)601-918-773
915;Продмонтаж;Новосибирск;Набережная, 62;(917)676-849-910
916;Промснабглав;Челябинск;Школьная, 24;(159)389-089-477
917;Плюсмясглавмонтажснаб;Омск;Советская, 54;(253)712-958-071
918;Плюсснабпроект;Екатеринбург;Лесная, 79;(143)704-051-457
919;Плюсжилпродлакшери;Ижевск;Набережная, 4;(378)293-172-546
920;Мяс;Красноярск;Молодёжная, 8;(745)771-011-192
921;Плюспродгазбетонпроект;Пермь;Мира, 24;(583)615-129-636
922;Плюсгазбетонпрод;Омск;Молодёжная, 1;(724)859-271-678
923;Лакшеримонтаж;Самара;Мира, 76;(870)228-003-621
924;Жил;Красноярск;Молодёжная, 12;(076)642-184-868
925;Бетонпроект;Краснодар;Набережная, 84;(272)264-515-076
926;Спецмонтаж;Новосибирск;Мира, 60;(520)176-900-097
927;Промглавпродбетонпроект;Санкт-Петербург;Лесная, 68;(040)125-631-034
928;Спецпрограмгазглав;Челябинск;Школьная, 82;(884)155-954-009
929;Промснабмяс;Самара;Советская, 3;(715)893-096-515
930;Лакшериглав;Краснодар;Новая, 36;(545)162-470-063
931;Програмснаб;Новосибирск;Школьная, 69;(153)031-035-496
932;Програмплюсжил;Воронеж;Ленина, 60;(286)622-384-941
933;Плюсгазглавпроект;Краснодар;Лесная, 31;(691)926-245-312
934;Програмпродснабпроектлакшери;Санкт-Петербург;Молодёжная, 56;(675)908-120-704
935;Бетонпром;Омск;Новая, 77;(438)060-207-089
936;Бетонпродпроект;Москва;Лесная, 77;(262)505-263-222
937;Програмглавпромспецжил;Волгоград;Новая, 77;(534)491-425-640
938;Програмпрод;Воронеж;Мира, 41;(528)902-702-713
939;Проммонтажгазснабпроект;Казань;Набережная, 26;(963)692-378-821
940;Лакшериплюспром;Воронеж;Молодёжная, 100;(280)241-990-110
941;Газбетонглавпроект;Пермь;Набережная, 66;(090)869-781-713
942;Спецглавгазпром;Санкт-Петербург;Мира, 74;(915)322-547-193
943;Главпромпрод;Саратов;Мира, 71;(338)216-085-945
944;Лакшерибетон;Красноярск;Набережная, 36;(329)496-194-242
945;Програмплюсжилмонтаж;Волгоград;Садовая, 80;(666)321-942-831
946;Промплюсглавмонтаж;Краснодар;Молодёжная, 29;(739)992-815-260
947;Газмяс;Тольятти;Молодёжная, 97;(117)577-868-742
948;Програмпроект;Саратов;Школьная, 4;(651)773-808-923
949;Програмплюсснабпром;Екатеринбург;Школьная, 21;(201)286-649-712
950;Газмонтажпроект;Красноярск;Новая, 90;(656)222-318-081
951;Спецглав;Челябинск;Центральная, 94;(880)838-583-151
952;Лакшериснабглавмонтаж;Тольятти;Новая, 33;(494)197-021-108
953;Програмгазбетонпроект;Казань;Школьная, 30;(927)882-987-364
954;Газглавмонтажпроект;Ростов-на-Дону;Молодёжная, 88;(992)024-174-307
955;Програмжилпром;Красноярск;Советская, 3;(068)368-407-472
956;Главмонтажжилбетонпроект;Уфа;Набережная, 81;(376)727-184-404
957;Промжилпрод;Ижевск;Мира, 69;(343)339-598-370
958;Спецплюсснабмонтаж;Самара;Советская, 10;(568)784-179-570
959;Газснабглав;Нижний Новгород;Ленина, 2;(607)695-092-931
960;Жилснабмяс;Санкт-Петербург;Молодёжная, 17;(360)314-462-477
961;Жилмонтажпроект;Краснодар;Садовая, 14;(655)743-063-172
962;Программяспродбетонлакшери;Тюмень;Садовая, 3;(254)541-780-042
963;Плюсбетонпрод;Челябинск;Мира, 23;(772)824-626-849
964;Програмлакшерибетонмонтаж;Москва;Мира, 28;(557)374-570-228
965;Промгазмяс;Тольятти;Школьная, 14;(288)876-099-775
966;Газпром;Пермь;Молодёжная, 76;(959)010-434-600
967;Газснаббетон;Новосибирск;Новая, 53;(983)164-430-776
968;Промплюсглавмонтаж;Ижевск;Новая, 34;(780)448-332-550
969;Програмспецглав;Казань;Школьная, 63;(179)428-686-602
970;Промглав;Омск;Ленина, 5;(698)824-220-346
971;Лакшериснаббетонпроект;Пермь;Набережная, 96;(688)888-366-840
972;Програмлакшерипроммяс;Пермь;Набережная, 1;(445)886-943-994
973;Програмжилснаб;Тольятти;Набережная, 47;(467)234-624-631
974;Бетонмяс;Краснодар;Школьная, 12;(929)079-284-413
975;Програмпродмонтаж;Саратов;Набережная, 31;(166)260-839-350
976;Жилснаб;Волгоград;Молодёжная, 22;(460)994-100-982
977;Жилглавмонтажпроект;Ижевск;Мира, 96;(304)107-213-595
978;Програмпромгазснабпроект;Пермь;Садовая, 57;(034)199-624-904
979;Снабпроммонтаж;Ижевск;Ленина, 60;(524)184-332-441
980;Бетонпром;Санкт-Петербург;Садовая, 14;(031)497-307-583
981;Програмжилгазпрод;Пермь;Мира, 41;(966)940-126-761
982;Програмпром;Саратов;Центральная, 42;(742)495-874-436
983;Спецлакшериснабпроект;Воронеж;Лесная, 25;(636)606-236-769
984;Продмонтаж;Саратов;Ленина, 70;(861)514-414-924
985;Спецгазглав;Красноярск;Мира, 82;(946)509-150-977
986;Програмплюсмонтажгазбетон;Челябинск;Молодёжная, 67;(312)833-263-319
987;Спецмонтаж;Краснодар;Советская, 15;(854)826-106-441
988;Монтажпроект;Уфа;Лесная, 49;(248)903-866-836
989;Газжилснаб;Омск;Советская, 61;(794)588-867-404
990;Проммонтаж;Краснодар;Садовая, 52;(331)336-106-111
991;Спецплюсбетонпроект;Санкт-Петербург;Школьная, 83;(928)464-050-914
992;Лакшерипроект;Челябинск;Лесная, 95;(095)885-720-761
993;Лакшеригаз;Ижевск;Новая, 67;(103)975-888-678
994;Спецплюспроммонтаж;Нижний Новгород;Советская, 11;(760)061-793-399
995;Програмгаз;Краснодар;Мира, 80;(413)550-339-832
996;Мясплюсспецпром;Ростов-на-Дону;Ленина, 5;(409)551-904-708
997;Промглав;Воронеж;Школьная, 88;(048)106-743-322
998;Програмгазпроммонтаж;Тольятти;Новая, 94;(222)543-153-091
999;Газснабмонтаж;Самара;Советская, 75;(202)894-994-306
1000;Програмлакшеригазбетон;Новосибирск;Мира, 53;(008)431-758-833
