1;Главмяс;Воронеж;Школьная, 53;(970)817-242-461
2;Мяспромпродпроект;Санкт-Петербург;Молодёжная, 47;(750)868-833-799
3;Мяспрод;Уфа;Лесная, 1;(233)841-065-563
4;Спецбетонмяспрод;Волгоград;Ленина, 77;(939)378-844-448
5;Плюсспецмонтажгазснаб;Новосибирск;Советская, 80;(261)204-027-524
6;Мясспецжилгазснаб;Ижевск;Садовая, 74;(433)513-135-484
7;Програмплюсмонтаж;Воронеж;Лесная, 100;(627)669-550-153
8;Програмлакшериглавпрод;Красноярск;Школьная, 45;(584)398-096-464
9;Спецглавпром;Екатеринбург;Набережная, 82;(457)362-299-045
10;Плюспромспецгазлакшери;Новосибирск;Школьная, 62;(895)673-838-985
11;Спецлакшеригазпром;Омск;Советская, 75;(522)998-882-699
12;Плюспрод;Челябинск;Лесная, 25;(786)987-253-755
13;Спецмяс;Пермь;Ленина, 44;(052)358-215-287
14;Плюсжилснабмонтаж;Санкт-Петербург;Набережная, 71;(246)662-552-813
15;Снабпромпроект;Самара;Школьная, 91;(938)154-599-200
16;Газпрод;Красноярск;Молодёжная, 58;(035)091-802-014
17;Спецплюспроммяс;Москва;Центральная, 34;(654)928-719-839
18;Спецгазснабглав;Санкт-Петербург;Молодёжная, 45;(357)592-853-883
19;Мяслакшерижилпрод;Москва;Центральная, 10;(990)626-658-459
20;Плюсмяс;Пермь;Лесная, 28;(086)299-143-038
21;Лакшериглавпродмонтаж;Уфа;Мира, 49;(887)924-067-548
22;Програмплюсжил;Санкт-Петербург;Советская, 99;(009)147-829-507
23;Спец;Тюмень;Школьная, 90;(058)417-506-619
24;Плюсглавмяслакшери;Ростов-на-Дону;Лесная, 17;(067)435-690-642
25;Плюсснабпромпроект;Екатеринбург;Центральная, 38;(401)485-598-780
26;Прод;Самара;Школьная, 32;(056)897-708-084
27;Програмпроммясжилснаб;Пермь;Мира, 35;(196)805-544-741
28;Лакшерижилснабмонтаж;Тюмень;Садовая, 19;(617)123-606-204
29;Главмонтаж;Самара;Мира, 57;(714)301-633-106
30;Лакшеримяс;Самара;Ленина, 70;(546)709-211-451
31;Жилмяс;Санкт-Петербург;Ленина, 30;(620)627-156-186
32;Лакшериглавпрод;Самара;Центральная, 8;(459)985-379-002
33;Програмпромспецснабпроект;Нижний Новгород;Школьная, 78;(331)101-734-794
34;Мяспроект;Уфа;Советская, 53;(639)465-332-899
35;Главснабмяс;Челябинск;Школьная, 8;(036)589-577-920
36;Мяспроект;Краснодар;Новая, 100;(631)622-688-064
37;Лакшерипроммонтаж;Самара;Ленина, 96;(069)445-930-272
38;Плюсмяспроджиллакшери;Нижний Новгород;Молодёжная, 56;(037)509-107-355
39;Програмплюсгазпром;Уфа;Школьная, 84;(263)306-502-051
40;Мяспром;Воронеж;Садовая, 43;(692)285-440-032
41;Плюсглав;Ростов-на-Дону;Молодёжная, 77;(317)833-928-547
42;Газснаббетонмонтаж;Пермь;Советская, 93;(212)913-816-067
43;Спецжилпрогрампроект;Нижний Новгород;Новая, 41;(663)675-088-333
44;Газбетон;Омск;Школьная, 50;(766)000-416-296
45;Промпрод;Самара;Мира, 32;(704)654-184-720
46;Лакшериснаб;Нижний Новгород;Набережная, 26;(209)037-928-233
47;Жилглавмяс;Тюмень;Центральная, 16;(794)747-351-097
48;Плюсбетон;Челябинск;Набережная, 99;(289)177-036-287
49;Програмплюсмяслакшери;Воронеж;Советская, 75;(328)817-496-231
50;Плюсглавмяспроект;Красноярск;Школьная, 84;(135)128-264-312
51;Жилснабмяс;Красноярск;Советская, 47;(379)146-207-608
52;Мяспроект;Краснодар;Школьная, 36;(889)424-792-483
53;Програмжил;Пермь;Советская, 74;(317)071-042-670
54;Спецгазпромпроект;Тольятти;Новая, 54;(898)247-547-872
55;Жилпром;Омск;Центральная, 1;(646)449-890-414
56;Снабпромпроект;Самара;Молодёжная, 80;(808)928-472-220
57;Плюсжилпрод;Самара;Школьная, 89;(318)032-971-512
58;Програмпроектглавмяс;Тюмень;Новая, 73;(252)320-729-496
59;Лакшеригазбетонмяс;Нижний Новгород;Школьная, 55;(458)803-867-341
60;Снабгазпрод;Челябинск;Садовая, 52;(380)466-550-397
61;Програмспецбетонмонтаж;Омск;Ленина, 72;(210)195-327-835
62;Спецпрод;Тюмень;Садовая, 43;(770)994-539-762
63;Плюспроект;Тюмень;Мира, 54;(700)956-464-251
64;Плюспрод;Воронеж;Мира, 86;(362)101-172-483
65;Снабжилгазпрограм;Нижний Новгород;Лесная, 100;(865)871-049-911
66;Спецпроект;Саратов;Мира, 38;(981)080-048-506
67;Програмспецпрод;Ростов-на-Дону;Садовая, 42;(595)836-194-310
68;Лакшеригазмяс;Омск;Ленина, 25;(468)800-404-499
69;Плюсбетонмонтаж;Тюмень;Молодёжная, 35;(258)319-638-192
70;Програмплюс;Екатеринбург;Школьная, 57;(060)056-420-616
71;Жилпромпроект;Казань;Молодёжная, 28;(336)736-350-009
72;Спецжилбетон;Ижевск;Новая, 36;(412)018-105-639
73;Спецплюс;Ижевск;Набережная, 28;(933)591-558-606
74;Лакшериглавпроект;Екатеринбург;Набережная, 24;(009)823-210-425
75;Програмлакшерипроект;Краснодар;Новая, 59;(434)296-684-065
76;Бетонпроект;Челябинск;Школьная, 52;(782)261-337-805
77;Жилпром;Новосибирск;Школьная, 51;(917)867-206-903
78;Спецглав;Омск;Лесная, 53;(122)779-031-943
79;Програмплюспродпроект;Саратов;Садовая, 32;(322)111-389-988
80;Спецпродгазпроектлакшери;Казань;Лесная, 94;(342)018-969-873
81;Главпрод;Волгоград;Мира, 97;(600)678-585-586
82;Плюсснабпроект;Москва;Ленина, 32;(076)000-606-915
83;Програмжилглавмонтаж;Краснодар;Центральная, 54;(805)245-240-341
84;Програмснабпромпроект;Краснодар;Мира, 14;(939)825-010-564
85;Програмспецмонтаж;Нижний Новгород;Мира, 58;(599)832-406-439
86;Плюспроект;Омск;Мира, 4;(969)399-116-226
87;Жилглавмонтажпроект;Нижний Новгород;Мира, 55;(949)782-044-105
88;Програмглавпроект;Волгоград;Школьная, 6;(931)144-781-330
89;Снабплюсжилгаз;Волгоград;Садовая, 89;(313)058-845-664
90;Газснаббетонплюс;Уфа;Садовая, 86;(206)492-859-283
91;Плюс;Волгоград;Садовая, 38;(696)854-804-082
92;Спецлакшери;Самара;Школьная, 29;(392)306-490-543
93;Спецгазпром;Пермь;Школьная, 54;(980)704-500-177
94;Плюсгазпроект;Саратов;Новая, 80;(844)221-756-402
95;Спецжилснаб;Москва;Школьная, 3;(052)501-046-206
96;Газпрод;Волгоград;Молодёжная, 90;(701)495-907-640
97;Програмжилглав;Уфа;Набережная, 23;(977)394-217-654
98;Програм;Тольятти;Мира, 9;(307)307-521-503
99;Проммясмонтажпрод;Краснодар;Лесная, 18;(357)648-865-595
100;Промлакшериснабпрод;Краснодар;Садовая, 10;(191)091-892-723
101;Спецплюспроммяс;Пермь;Молодёжная, 75;(169)124-988-860
102;Бетонмяс;Пермь;Молодёжная, 29;(493)677-704-670
103;Газглавмонтажпроект;Омск;Новая, 21;(142)306-317-813
104;Промснабпрод;Уфа;Новая, 82;(702)564-537-610
105;Жилбетонмяс;Пермь;Советская, 60;(253)249-486-729
106;Спецлакшерижилглав;Екатеринбург;Садовая, 47;(207)356-661-177
107;Лакшерижилгаз;Красноярск;Лесная, 84;(233)417-272-873
108;Спецснабпромпроект;Ростов-на-Дону;Ленина, 6;(888)007-920-293
109;Спецбетонпродмонтаж;Казань;Набережная, 79;(131)636-281-375
110;Газмясмонтаж;Омск;Новая, 15;(483)051-630-385
111;Плюсспецжилгазпроект;Новосибирск;Садовая, 24;(557)859-760-291
112;Программяс;Нижний Новгород;Советская, 56;(972)196-844-837
113;Мяспром;Казань;Советская, 54;(102)912-700-043
114;Спецпромпроект;Тюмень;Мира, 26;(194)207-243-981
115;Продмонтаж;Санкт-Петербург;Советская, 74;(754)119-155-480
116;Мясжилгазпром;Новосибирск;Школьная, 27;(467)515-209-501
117;Плюсгазпроект;Красноярск;Лесная, 52;(634)929-448-667
118;Газпродмонтажпроект;Пермь;Садовая, 85;(799)688-150-812
119;Плюсснабмяспрод;Ростов-на-Дону;Садовая, 19;(518)985-340-154
120;Плюсмонтаж;Челябинск;Набережная, 98;(362)443-154-937
121;Лакшерипроммонтажпроект;Тюмень;Советская, 19;(731)985-257-137
122;Снабгаз;Краснодар;Ленина, 9;(119)505-653-655
123;Мясмонтажпроект;Челябинск;Набережная, 59;(162)490-483-258
124;Мяспродпроект;Саратов;Молодёжная, 25;(772)238-095-347
125;Спецлакшерибетон;Саратов;Школьная, 56;(579)501-937-283
126;Программяс;Екатеринбург;Садовая, 25;(302)771-325-272
127;Програмбетон;Тюмень;Набережная, 41;(495)847-144-785
128;Газплюсснабмонтаж;Уфа;Лесная, 58;(624)188-810-326
129;Жилснабмонтаж;Саратов;Центральная, 23;(873)318-118-621
130;Мяспроект;Самара;Школьная, 66;(885)164-873-652
131;Проект;Саратов;Новая, 88;(583)798-285-641
132;Програмгазмонтаж;Екатеринбург;Молодёжная, 62;(051)226-210-535
133;Программяс;Пермь;Набережная, 83;(031)326-355-429
134;Спецмяс;Волгоград;Молодёжная, 81;(004)279-371-076
135;Плюсснаббетон;Самара;Набережная, 4;(421)418-469-344
136;Спецпродпроект;Тюмень;Мира, 9;(591)428-846-980
137;Мясглавпроджилпроект;Самара;Лесная, 45;(511)673-262-178
138;Бетонмясмонтаж;Москва;Мира, 41;(755)635-606-157
139;Плюсснаб;Саратов;Новая, 14;(087)123-043-380
140;Снабгазпрод;Нижний Новгород;Лесная, 13;(378)662-246-770
141;Лакшеримонтаж;Волгоград;Новая, 87;(777)254-878-669
142;Спецлакшери;Казань;Ленина, 40;(489)672-776-435
143;Програмплюсспецпром;Тюмень;Мира, 91;(138)589-241-495
144;Спецпродгазбетонлакшери;Уфа;Ленина, 41;(958)056-767-923
145;Лакшериплюс;Челябинск;Центральная, 77;(873)473-540-452
146;Плюспродмонтажлакшери;Санкт-Петербург;Садовая, 75;(090)364-155-121
147;Мяс;Самара;Новая, 21;(101)419-662-686
148;Бетонпрод;Омск;Ленина, 15;(395)514-647-798
149;Мясжилспецпрод;Санкт-Петербург;Молодёжная, 15;(182)894-942-329
150;Спецмяс;Саратов;Набережная, 21;(336)252-203-072
151;Спецплюсжилгаз;Новосибирск;Центральная, 60;(166)944-615-984
152;Програмбетонглавмяс;Москва;Мира, 25;(927)156-532-615
153;Спецгазбетонмяс;Воронеж;Молодёжная, 86;(120)269-930-582
154;Спецпрограм;Саратов;Центральная, 73;(335)004-059-138
155;Бетонпроект;Красноярск;Мира, 23;(423)608-568-537
156;Промпроект;Красноярск;Набережная, 8;(594)457-242-420
157;Спецжилгазснаб;Челябинск;Мира, 9;(772)782-255-706
158;Спецлакшерипром;Самара;Лесная, 88;(730)858-546-567
159;Лакшеригазмяс;Краснодар;Набережная, 26;(405)443-813-637
160;Жилбетон;Нижний Новгород;Мира, 44;(557)558-506-957
161;Спецгаз;Волгоград;Лесная, 94;(666)495-789-703
162;Лакшеримяс;Ростов-на-Дону;Центральная, 91;(378)479-556-840
163;Програмглавснабпром;Екатеринбург;Советская, 93;(383)981-810-216
164;Спецбетонглав;Пермь;Садовая, 67;(280)795-073-139
165;Промлакшерипродмонтаж;Ижевск;Садовая, 99;(830)176-173-713
166;Мясснабпрод;Самара;Советская, 56;(111)306-704-952
167;Програм;Ростов-на-Дону;Новая, 4;(893)732-843-883
168;Лакшерибетонмонтаж;Екатеринбург;Набережная, 0;(419)828-076-215
169;Снабпродмонтажпроект;Воронеж;Молодёжная, 1;(830)342-484-983
170;Лакшерипром;Волгоград;Молодёжная, 8;(502)955-062-108
171;Бетонпром;Воронеж;Молодёжная, 55;(620)390-264-318
172;Проммясгазбетонпроект;Ижевск;Советская, 78;(326)071-088-906
173;Снабмяс;Санкт-Петербург;Набережная, 25;(258)812-273-554
174;Спецпрогрампродпроект;Красноярск;Центральная, 46;(452)562-477-517
175;Плюспромпродгазпроект;Самара;Лесная, 26;(293)374-316-841
176;Програмпрод;Пермь;Садовая, 10;(742)628-136-846
177;Програмпром;Пермь;Советская, 92;(409)964-188-381
178;Спецлакшеримяспроект;Красноярск;Мира, 75;(846)147-262-949
179;Плюспромглавмясгаз;Волгоград;Набережная, 25;(529)912-818-169
180;Снаббетонпродмонтаж;Воронеж;Мира, 100;(225)315-237-951
181;Програмглавспецмонтажгаз;Новосибирск;Новая, 74;(040)606-342-747
182;Мясплюспромпроект;Тольятти;Центральная, 82;(718)541-729-511
183;Газпром;Казань;Школьная, 70;(184)609-067-835
184;Плюсснабпром;Ростов-на-Дону;Молодёжная, 0;(041)034-544-718
185;Спецгазбетонглав;Краснодар;Лесная, 20;(273)660-111-973
186;Програмплюсгазбетон;Новосибирск;Мира, 15;(655)192-054-616
187;Газглавпроект;Тольятти;Мира, 7;(450)757-875-675
188;Газлакшериснабпрод;Нижний Новгород;Мира, 49;(089)996-121-505
189;Плюсбетонмяспроект;Омск;Молодёжная, 26;(038)890-587-176
190;Плюсгазбетон;Волгоград;Молодёжная, 79;(335)615-360-679
191;Проектжилглавпрод;Уфа;Центральная, 84;(649)832-193-383
192;Промжилбетонпрод;Ижевск;Школьная, 93;(982)529-390-927
193;Снабпром;Казань;Лесная, 88;(542)010-758-787
194;Програмплюсглав;Тольятти;Школьная, 36;(635)971-271-487
195;Мясплюсглавпром;Екатеринбург;Мира, 60;(030)732-798-821
196;Спецпрогрампром;Тюмень;Центральная, 16;(669)431-720-404
197;Спецбетон;Челябинск;Мира, 3;(993)502-360-589
198;Програмплюсмонтаж;Тюмень;Ленина, 33;(807)741-728-473
199;Мясгазпродмонтаж;Волгоград;Молодёжная, 13;(916)594-724-367
200;Лакшерижилгазмяс;Уфа;Ленина, 34;(958)403-388-345
201;Лакшеригаз;Уфа;Новая, 100;(202)214-896-654
202;Глав;Екатеринбург;Лесная, 99;(798)470-349-181
203;Газглавмонтаж;Казань;Советская, 0;(918)662-194-518
204;Промгазпродпроект;Пермь;Школьная, 23;(289)345-047-980
205;Програмплюсспецпроект;Красноярск;Садовая, 36;(771)882-959-368
206;Програмснабпрод;Ростов-на-Дону;Школьная, 15;(869)897-341-818
207;Газбетонглав;Саратов;Школьная, 24;(180)541-844-130
208;Жилгаз;Екатеринбург;Садовая, 18;(084)221-264-378
209;Лакшерипрод;Новосибирск;Лесная, 3;(397)604-273-656
210;Спецлакшерибетонмонтаж;Уфа;Садовая, 64;(961)070-975-755
211;Програмплюсспецмяс;Саратов;Молодёжная, 94;(613)837-486-663
212;Плюсбетонпрод;Уфа;Молодёжная, 67;(156)394-498-560
213;Спецбетонмясмонтаж;Новосибирск;Советская, 100;(422)194-751-821
214;Спецплюспрограмглав;Самара;Мира, 28;(636)846-266-574
215;Програмглавмонтаж;Красноярск;Набережная, 56;(974)298-183-214
216;Жилгаз;Ростов-на-Дону;Новая, 50;(694)465-298-097
217;Спецплюсглавпром;Ижевск;Садовая, 26;(751)342-877-416
218;Програмплюсспецмяс;Москва;Мира, 51;(016)289-303-707
219;Бетонпром;Волгоград;Молодёжная, 89;(014)925-286-685
220;Плюсгаз;Красноярск;Садовая, 78;(736)808-059-191
221;Жилглавмясмонтаж;Волгоград;Набережная, 79;(628)232-097-093
222;Програмпроджилгазснаб;Тольятти;Молодёжная, 37;(887)552-761-139
223;Спецплюс;Нижний Новгород;Молодёжная, 39;(134)236-900-524
224;Спецплюсснаб;Уфа;Школьная, 71;(119)928-499-088
225;Плюсмясспецбетонлакшери;Казань;Мира, 29;(590)411-263-626
226;Плюсжилбетон;Нижний Новгород;Новая, 2;(689)356-917-171
227;Програмплюсбетон;Новосибирск;Садовая, 45;(601)862-130-311
228;Газглав;Тольятти;Садовая, 58;(132)416-466-999
229;Бетонпрод;Омск;Молодёжная, 32;(230)928-476-925
230;Главмяспродснаббетон;Новосибирск;Мира, 23;(617)250-113-906
231;Снаббетонпроект;Краснодар;Мира, 28;(820)997-355-325
232;Промпроджилбетонлакшери;Самара;Ленина, 22;(882)696-226-937
233;Жилмонтаж;Ижевск;Советская, 85;(029)169-321-235
234;Снабпром;Тюмень;Мира, 24;(111)588-607-910
235;Програмспец;Волгоград;Новая, 14;(620)755-249-244
236;Спецгазпроект;Уфа;Садовая, 96;(687)110-605-811
237;Плюсмяс;Казань;Советская, 59;(626)050-148-405
238;Плюсглавснабмяс;Краснодар;Набережная, 88;(296)066-901-638
239;Плюсжил;Челябинск;Лесная, 7;(059)748-477-045
240;Програмжилбетонглав;Ижевск;Школьная, 69;(296)180-198-079
241;Спецпром;Красноярск;Лесная, 30;(856)694-650-634
242;Програмжил;Уфа;Садовая, 54;(065)550-927-220
243;Снабпроект;Омск;Новая, 10;(109)786-169-903
244;Спецплюспрогрампром;Краснодар;Новая, 61;(455)550-883-248
245;Лакшерижилгаз;Ростов-на-Дону;Молодёжная, 95;(295)793-092-197
246;Программяспроект;Омск;Набережная, 98;(079)976-131-639
247;Главбетонпром;Тольятти;Набережная, 59;(964)403-725-049
248;Жилснаббетонглав;Омск;Новая, 66;(258)687-849-773
249;Спецплюс;Пермь;Лесная, 85;(867)357-479-620
250;Газпрод;Ростов-на-Дону;Школьная, 10;(483)074-192-485
251;Жилснаб;Екатеринбург;Мира, 80;(056)855-614-706
252;Мяспродпроект;Красноярск;Центральная, 6;(704)366-058-314
253;Лакшериплюспроект;Пермь;Лесная, 50;(873)484-081-580
254;Спецглавпрод;Тюмень;Набережная, 88;(752)383-783-221
255;Промпрод;Москва;Школьная, 36;(185)015-326-190
256;Програмснаббетонпрод;Нижний Новгород;Советская, 91;(168)640-672-591
257;Мяспрод;Казань;Молодёжная, 83;(508)411-830-621
258;Лакшерипрод;Казань;Мира, 13;(223)607-014-892
259;Газпрод;Ижевск;Новая, 20;(491)249-957-234
260;Спецжилпрод;Пермь;Набережная, 72;(788)543-563-087
261;Главбетонмяспрод;Казань;Центральная, 1;(401)649-024-970
262;Бетонпрод;Челябинск;Школьная, 26;(877)001-632-353
263;Жилпроммонтажпрод;Воронеж;Ленина, 64;(804)482-311-924
264;Плюсглав;Красноярск;Садовая, 62;(155)587-097-232
265;Спецснабпром;Воронеж;Школьная, 78;(188)977-412-757
266;Плюсжилпром;Воронеж;Набережная, 5;(222)140-204-110
267;Спецжилснаб;Казань;Молодёжная, 74;(678)921-642-244
268;Промжилпродпроект;Новосибирск;Школьная, 48;(864)045-524-292
269;Спецпроект;Воронеж;Ленина, 70;(398)773-121-169
270;Плюсгазбетонмонтаж;Нижний Новгород;Советская, 74;(028)793-059-690
271;Спецглавмяс;Екатеринбург;Центральная, 35;(211)015-089-360
272;Плюсгазбетонпром;Пермь;Садовая, 19;(031)096-806-471
273;Промснаббетонмяс;Красноярск;Новая, 52;(544)886-924-312
274;Програмжилспецбетон;Тольятти;Центральная, 12;(535)207-235-172
275;Бетонпрод;Воронеж;Мира, 35;(854)558-049-173
276;Програмглавспецснабпроект;Санкт-Петербург;Мира, 0;(952)322-560-633
277;Спецжилбетонмонтаж;Воронеж;Советская, 42;(562)461-444-563
278;Спецплюсбетонпрод;Краснодар;Садовая, 42;(490)467-580-631
279;Спецжилгазбетон;Воронеж;Садовая, 41;(913)776-953-521
280;Спецплюсбетонпроект;Москва;Лесная, 86;(581)964-594-712
281;Лакшерибетонглав;Челябинск;Новая, 53;(785)555-087-329
282;Плюсбетонмонтаж;Москва;Школьная, 3;(709)977-187-464
283;Спецжилглав;Саратов;Молодёжная, 23;(309)308-333-017
284;Главпродмонтажжилгаз;Санкт-Петербург;Молодёжная, 52;(943)737-868-759
285;Плюсглавпродмонтажжил;Ростов-на-Дону;Лесная, 13;(480)081-310-214
286;Спецжилснабпром;Волгоград;Садовая, 15;(336)364-792-622
287;Жилбетонпродмонтаж;Уфа;Ленина, 8;(173)196-050-094
288;Програмгазбетон;Казань;Молодёжная, 3;(270)656-109-794
289;Спецгазбетонмонтаж;Тюмень;Центральная, 45;(823)702-380-263
290;Жилснаб;Воронеж;Ленина, 18;(412)079-332-257
291;Спецплюспромпрод;Краснодар;Школьная, 24;(536)908-112-578
292;Спецлакшерипрограммонтаж;Новосибирск;Набережная, 24;(767)071-707-044
293;Програмпрод;Тюмень;Молодёжная, 20;(750)397-848-569
294;Програмжилгаз;Казань;Молодёжная, 32;(784)599-982-901
295;Програмпром;Воронеж;Молодёжная, 17;(622)838-275-096
296;Газмясмонтаж;Тюмень;Набережная, 46;(859)785-881-581
297;Спецснабпром;Москва;Центральная, 24;(164)145-675-124
298;Газ;Санкт-Петербург;Лесная, 55;(056)277-972-283
299;Програмглав;Ростов-на-Дону;Мира, 67;(631)247-564-288
300;Програмглав;Волгоград;Новая, 67;(239)839-010-708
301;Плюспроект;Тюмень;Школьная, 77;(054)724-233-644
302;Спецлакшерибетонплюс;Самара;Центральная, 75;(577)046-900-123
303;Програмплюсгаз;Челябинск;Новая, 39;(433)727-638-594
304;Спецбетон;Тюмень;Центральная, 84;(919)590-989-938
305;Лакшерибетонглав;Краснодар;Мира, 61;(707)377-050-496
306;Плюсбетон;Волгоград;Мира, 76;(079)563-218-205
307;Спецпрограмглавпроект;Москва;Набережная, 13;(399)305-690-783
308;Програмлакшеригазпрод;Волгоград;Лесная, 42;(844)134-321-537
309;Монтажснабгазбетонпроект;Москва;Советская, 78;(901)912-663-622
310;Лакшеригаз;Новосибирск;Центральная, 72;(580)328-835-356
311;Лакшерибетонглавмонтаж;Саратов;Молодёжная, 28;(382)859-393-773
312;Мясспецмонтажпроектлакшери;Москва;Центральная, 11;(168)135-803-820
313;Мясмонтаж;Ростов-на-Дону;Школьная, 38;(660)825-366-314
314;Плюсмонтаж;Тюмень;Ленина, 33;(870)513-712-062
315;Спецпром;Красноярск;Мира, 11;(927)786-822-029
316;Програмплюсбетонпром;Уфа;Лесная, 87;(382)970-404-284
317;Проммонтажснаббетонпроект;Пермь;Советская, 65;(781)881-110-205
318;Главснабпродмонтаж;Санкт-Петербург;Лесная, 76;(437)228-850-917
319;Прод;Нижний Новгород;Молодёжная, 5;(073)144-364-375
320;Снабмонтаж;Саратов;Садовая, 14;(937)731-030-212
321;Лакшеригазплюс;Волгоград;Ленина, 45;(098)014-192-339
322;Плюсглавмяспродпроект;Санкт-Петербург;Садовая, 84;(366)757-609-446
323;Програмлакшериглавмяс;Нижний Новгород;Садовая, 27;(890)202-029-738
324;Програмпроект;Омск;Садовая, 84;(905)645-229-063
325;Лакшерипром;Омск;Молодёжная, 38;(809)842-667-391
326;Лакшерижилмяс;Санкт-Петербург;Лесная, 72;(023)703-992-039
327;Плюсснаб;Санкт-Петербург;Школьная, 73;(803)355-433-306
328;Снаббетон;Москва;Новая, 20;(826)979-235-461
329;Снабгазмяспроект;Волгоград;Советская, 4;(741)994-924-048
330;Програмпродмонтажпроект;Новосибирск;Садовая, 69;(963)112-828-893
331;Спецплюспрод;Тольятти;Мира, 68;(966)231-698-389
332;Спецгазглав;Санкт-Петербург;Ленина, 73;(183)999-057-386
333;Жилгазпрод;Омск;Садовая, 81;(989)802-016-016
334;Лакшерипроммонтаж;Волгоград;Центральная, 78;(144)863-298-935
335;Програмгазмонтаж;Омск;Мира, 39;(977)646-003-210
336;Жилснабпроект;Москва;Ленина, 30;(933)522-170-538
337;Програмбетонмонтажпроект;Саратов;Набережная, 46;(793)317-291-160
338;Лакшерипрод;Самара;Набережная, 63;(693)050-464-582
339;Плюсглавпромпроект;Краснодар;Набережная, 66;(307)034-057-024
340;Мяспродмонтажснабпроект;Пермь;Садовая, 73;(232)203-298-455
341;Газ;Казань;Ленина, 64;(487)831-234-587
342;Лакшерижилпром;Екатеринбург;Центральная, 29;(491)004-126-790
343;Жилгазглав;Екатеринбург;Молодёжная, 96;(579)587-594-146
344;Снабмонтаж;Волгоград;Лесная, 69;(362)202-519-904
345;Програмпроджилснаббетон;Казань;Лесная, 41;(607)662-043-670
346;Програмплюспроект;Москва;Молодёжная, 92;(606)761-567-574
347;Бетонмяспроект;Екатеринбург;Центральная, 31;(442)694-493-221
348;Програмплюс;Саратов;Ленина, 48;(119)916-900-400
349;Плюсмонтажпроект;Омск;Набережная, 36;(032)409-689-340
350;Спецлакшеригазпром;Саратов;Набережная, 45;(715)907-050-001
351;Мяспром;Москва;Советская, 67;(607)027-890-344
352;Програмлакшеригазплюс;Пермь;Новая, 9;(334)788-785-938
353;Жилснабмяс;Омск;Новая, 9;(740)379-444-844
354;Снабмонтаж;Екатеринбург;Школьная, 77;(229)924-162-044
355;Лакшеригаз;Ростов-на-Дону;Лесная, 28;(681)244-769-950
356;Снабпроект;Новосибирск;Новая, 80;(805)138-245-343
357;Лакшерипром;Омск;Школьная, 4;(282)522-752-784
358;Програмпродмонтаж;Тюмень;Мира, 56;(668)213-588-667
359;Програмлакшерипродпроект;Новосибирск;Школьная, 83;(097)166-370-480
360;Спецмонтаж;Красноярск;Мира, 54;(946)540-338-192
361;Бетонпроект;Омск;Мира, 42;(863)436-508-365
362;Плюсжилпродпроект;Воронеж;Мира, 11;(883)316-072-878
363;Плюсмяспроект;Уфа;Молодёжная, 19;(866)668-541-656
364;Лакшериплюс;Красноярск;Набережная, 20;(586)173-719-200
365;Спецплюсгаз;Тольятти;Ленина, 18;(755)252-748-233
366;Мяспроект;Ростов-на-Дону;Лесная, 22;(720)698-954-668
367;Плюсгазпром;Тольятти;Новая, 60;(313)768-673-196
368;Програмлакшериспецглав;Челябинск;Школьная, 77;(671)928-177-518
369;Програмплюсмясбетонпроект;Санкт-Петербург;Новая, 31;(514)165-469-991
370;Програмплюсглав;Тюмень;Садовая, 86;(476)212-107-225
371;Програмгазснаб;Уфа;Ленина, 71;(093)600-990-814
372;Лакшерипроект;Новосибирск;Молодёжная, 47;(487)473-934-710
373;Лакшериглавпром;Санкт-Петербург;Школьная, 80;(552)641-036-698
374;Спецмяспроект;Краснодар;Молодёжная, 13;(062)021-687-703
375;Програмснабпроект;Воронеж;Набережная, 5;(010)572-835-027
376;Снаб;Пермь;Молодёжная, 5;(554)155-806-827
377;Спецбетонмясмонтаж;Краснодар;Советская, 68;(465)651-144-409
378;Мяслакшерижилплюс;Ижевск;Мира, 99;(806)643-695-299
379;Програмжил;Екатеринбург;Садовая, 75;(508)696-731-577
380;Програмпродмонтаж;Уфа;Садовая, 79;(060)144-569-591
381;Плюсглавпродпроект;Тольятти;Молодёжная, 54;(475)713-621-739
382;Плюсснаббетон;Челябинск;Набережная, 95;(836)062-901-746
383;Плюсмяс;Краснодар;Советская, 79;(945)997-059-799
384;Газглавпроект;Тюмень;Школьная, 80;(167)055-510-778
385;Снабгазпром;Омск;Молодёжная, 68;(318)268-766-108
386;Программяс;Краснодар;Набережная, 62;(671)251-221-187
387;Газбетонпром;Самара;Лесная, 47;(415)564-492-366
388;Снабмонтаж;Омск;Школьная, 25;(285)265-185-576
389;Програмбетонмяс;Красноярск;Школьная, 94;(792)383-772-741
390;Програмглавмяс;Тюмень;Центральная, 39;(451)478-547-096
391;Жилпродмонтаж;Москва;Набережная, 88;(251)192-498-643
392;Плюсмясспецмонтажснаб;Тюмень;Молодёжная, 98;(881)895-542-785
393;Спецлакшеримяс;Москва;Ленина, 82;(194)683-768-689
394;Програмснабмяспроект;Новосибирск;Молодёжная, 54;(814)642-571-654
395;Жилгазбетон;Нижний Новгород;Новая, 93;(673)749-962-474
396;Снабмонтаж;Ростов-на-Дону;Молодёжная, 92;(360)756-704-578
397;Газглав;Ижевск;Новая, 38;(623)287-444-572
398;Мясспецгазснабпроект;Челябинск;Молодёжная, 8;(699)376-432-716
399;Промпроджилснабпроект;Санкт-Петербург;Новая, 13;(333)155-582-062
400;Спецпроджилгазпроект;Тольятти;Садовая, 6;(330)846-629-109
401;Програмжилгазпроект;Самара;Школьная, 41;(574)964-644-927
402;Главгазбетонпрод;Нижний Новгород;Молодёжная, 11;(545)698-931-225
403;Спецплюспроммяс;Москва;Мира, 24;(719)969-086-407
404;Лакшериглав;Екатеринбург;Советская, 56;(493)670-632-127
405;Плюсснабпроммонтаж;Москва;Мира, 52;(088)318-676-177
406;Лакшеримяс;Омск;Лесная, 74;(290)330-611-594
407;Лакшериглав;Москва;Мира, 23;(692)199-080-344
408;Лакшеримонтаж;Омск;Садовая, 43;(432)171-416-193
409;Газлакшериснаб;Воронеж;Набережная, 44;(103)987-981-088
410;Жилмонтажпроект;Самара;Молодёжная, 64;(986)508-690-918
411;Снабпроммонтаж;Самара;Мира, 97;(480)814-097-847
412;Главпрод;Ростов-на-Дону;Центральная, 63;(973)045-482-662
413;Промглавпрод;Казань;Садовая, 56;(576)373-998-306
414;Лакшерижилглавпрод;Красноярск;Новая, 96;(554)367-887-254
415;Промгазпрод;Красноярск;Центральная, 8;(831)182-298-004
416;Лакшерипром;Новосибирск;Ленина, 4;(301)311-508-911
417;Мясглавгазпрод;Саратов;Лесная, 77;(932)869-916-100
418;Спецмяс;Пермь;Молодёжная, 93;(598)484-519-828
419;Плюсглавмяспроект;Воронеж;Советская, 53;(969)025-454-802
420;Плюсмясглавснабпроект;Волгоград;Молодёжная, 44;(133)460-992-166
421;Лакшеригаз;Саратов;Советская, 37;(269)668-933-653
422;Жилпродпроект;Воронеж;Лесная, 86;(405)334-116-967
423;Програмснабмяс;Тюмень;Советская, 38;(304)551-432-643
424;Снаб;Самара;Ленина, 5;(911)336-951-527
425;Программяс;Ижевск;Садовая, 8;(934)113-822-208
426;Снабглавгазмяс;Уфа;Набережная, 78;(293)786-240-094
427;Програмлакшерипром;Новосибирск;Садовая, 25;(186)543-774-016
428;Плюспромжилбетонпроект;Ростов-на-Дону;Молодёжная, 38;(479)800-188-274
429;Мясжилгазпроектлакшери;Тольятти;Мира, 94;(505)588-247-752
430;Програмглавпроджилснаб;Омск;Садовая, 100;(293)475-413-802
431;Мясснабглав;Саратов;Центральная, 56;(864)645-177-275
432;Плюсглавмонтажгазпроект;Краснодар;Новая, 41;(329)362-650-746
433;Плюсжилпрод;Красноярск;Школьная, 7;(017)531-658-613
434;Спецгазбетонмонтаж;Краснодар;Новая, 29;(435)240-709-230
435;Спецплюс;Красноярск;Лесная, 8;(617)324-859-432
436;Лакшеригазпром;Нижний Новгород;Садовая, 96;(928)623-398-906
437;Програмбетонпром;Ростов-на-Дону;Садовая, 29;(885)660-260-032
438;Програмгазпроект;Уфа;Садовая, 94;(122)865-105-779
439;Програмплюсбетонпрод;Саратов;Ленина, 5;(056)138-598-670
440;Жилснабпроект;Новосибирск;Ленина, 59;(625)107-474-612
441;Жилснабпрод;Уфа;Школьная, 16;(655)913-944-632
442;Жилгазмяс;Тюмень;Молодёжная, 41;(768)265-315-980
443;Снабгазспецпроект;Ростов-на-Дону;Школьная, 55;(740)376-608-580
444;Спецплюсмонтаж;Москва;Садовая, 88;(264)838-095-005
445;Жилгазмонтаж;Нижний Новгород;Советская, 11;(102)317-692-512
446;Програмспецбетонмонтаж;Казань;Лесная, 8;(785)004-720-676
447;Газбетонпром;Ижевск;Центральная, 0;(570)629-847-861
448;Спецбетонпрод;Москва;Центральная, 1;(325)593-820-244
449;Спецпроджилгазпроект;Красноярск;Советская, 33;(148)807-044-048
450;Главгазпрод;Уфа;Центральная, 54;(464)421-355-663
451;Промснаббетонмяс;Санкт-Петербург;Ленина, 96;(357)005-848-470
452;Промглавмяс;Москва;Школьная, 39;(009)280-228-700
453;Промпроджилгазснаб;Новосибирск;Школьная, 5;(486)243-162-849
454;Спецснабпром;Самара;Новая, 92;(480)569-004-357
455;Програмбетонмяспроект;Челябинск;Центральная, 26;(484)215-609-842
456;Плюсгазпроект;Новосибирск;Набережная, 48;(093)687-540-396
457;Спецпрогрампроект;Саратов;Мира, 57;(366)680-542-844
458;Газпрод;Омск;Садовая, 71;(217)553-969-530
459;Мясжилпром;Нижний Новгород;Новая, 59;(984)686-098-022
460;Газмяс;Тюмень;Молодёжная, 58;(052)683-881-688
461;Спецснаббетонмяс;Краснодар;Ленина, 5;(017)119-556-082
462;Промжилснабпрод;Санкт-Петербург;Советская, 24;(641)959-677-267
463;Програмжилпроект;Омск;Молодёжная, 10;(966)275-964-998
464;Бетонпроект;Пермь;Новая, 28;(663)745-952-439
465;Програмлакшери;Волгоград;Лесная, 13;(413)534-353-475
466;Спецлакшерипром;Ростов-на-Дону;Школьная, 60;(377)983-536-403
467;Мясглавжилпроектлакшери;Самара;Набережная, 18;(097)148-383-276
468;Мяспроджилгазлакшери;Нижний Новгород;Мира, 36;(083)000-227-350
469;Промспецпродмонтажпроект;Тольятти;Новая, 44;(922)603-263-801
470;Жилмяс;Москва;Советская, 78;(018)660-329-820
471;Програмплюсгаз;Санкт-Петербург;Новая, 12;(796)702-490-999
472;Плюспромспецмонтажлакшери;Тольятти;Лесная, 84;(770)293-776-255
473;Спецснабмясмонтаж;Екатеринбург;Школьная, 87;(566)881-152-222
474;Плюсмяс;Омск;Садовая, 36;(580)735-647-040
475;Проммяс;Челябинск;Мира, 79;(916)414-127-288
476;Програмплюсжилпрод;Саратов;Новая, 48;(431)727-783-983
477;Жилснабглавмонтаж;Ижевск;Центральная, 58;(323)467-542-857
478;Жилпродпроект;Саратов;Советская, 99;(587)982-768-012
479;Жилглавплюспрод;Екатеринбург;Лесная, 21;(275)660-649-773
480;Програмгазбетонпроект;Уфа;Ленина, 90;(607)430-781-717
481;Лакшериснаб;Ростов-на-Дону;Садовая, 78;(495)080-030-214
482;Плюсснаб;Санкт-Петербург;Новая, 13;(852)316-267-226
483;Програмснаббетонспец;Волгоград;Садовая, 60;(486)102-931-541
484;Бетонмяс;Омск;Советская, 25;(961)802-720-877
485;Плюсгазмяс;Уфа;Школьная, 30;(507)026-009-492
486;Мяспроект;Пермь;Молодёжная, 61;(566)016-860-489
487;Плюсмяс;Тюмень;Центральная, 39;(808)759-854-785
488;Газглав;Краснодар;Советская, 52;(200)037-572-692
489;Спецлакшеримяс;Челябинск;Ленина, 56;(510)137-777-816
490;Програмжил;Красноярск;Советская, 64;(943)687-930-399
491;Промглавмясжилпроект;Саратов;Советская, 95;(765)257-230-948
492;Снабглавмонтажпрод;Ростов-на-Дону;Набережная, 84;(701)052-621-226
493;Плюсглавмяспродлакшери;Ижевск;Советская, 58;(321)248-894-823
494;Лакшеригазпром;Екатеринбург;Советская, 91;(785)575-222-024
495;Мясглав;Краснодар;Мира, 60;(506)116-860-332
496;Лакшеригазпроект;Красноярск;Садовая, 91;(665)089-452-521
497;Спецглавмяс;Уфа;Ленина, 37;(911)684-084-447
498;Програмлакшери;Краснодар;Центральная, 44;(652)244-425-426
499;Газбетонглавпрод;Ростов-на-Дону;Молодёжная, 77;(644)945-391-111
500;Плюспроект;Краснодар;Советская, 74;(364)665-448-874
501;Программяс;Челябинск;Лесная, 59;(368)499-250-660
502;Лакшерипроект;Ростов-на-Дону;Центральная, 11;(964)318-315-307
503;Газглав;Екатеринбург;Мира, 64;(961)619-071-001
504;Жилснабпромпроект;Ростов-на-Дону;Ленина, 36;(457)225-611-252
505;Програмжилспец;Нижний Новгород;Ленина, 42;(273)122-173-441
506;Мясплюсглавпром;Красноярск;Школьная, 5;(323)247-960-714
507;Продмонтаж;Красноярск;Молодёжная, 75;(388)461-224-560
508;Спецжилбетон;Пермь;Садовая, 86;(043)720-939-460
509;Мяспродпроект;Новосибирск;Советская, 42;(852)635-600-881
510;Газпроект;Уфа;Советская, 23;(203)362-200-132
511;Мясспецпродгазбетон;Уфа;Садовая, 25;(954)519-536-918
512;Програмплюсжилгаз;Омск;Лесная, 70;(049)284-973-180
513;Лакшериглавпром;Ростов-на-Дону;Лесная, 53;(275)983-662-030
514;Плюсгазпрод;Челябинск;Ленина, 68;(513)509-027-852
515;Плюсгазпродлакшери;Волгоград;Молодёжная, 75;(577)250-986-746
516;Програмлакшерипромпроект;Ижевск;Садовая, 90;(071)640-851-788
517;Лакшеригазпроект;Красноярск;Мира, 20;(306)336-334-611
518;Програмпромглавмонтаж;Уфа;Молодёжная, 73;(051)776-919-708
519;Програмплюс;Казань;Молодёжная, 82;(960)676-487-293
520;Газмонтажпроект;Краснодар;Мира, 71;(106)222-779-331
521;Промплюсжилпрод;Новосибирск;Школьная, 19;(147)011-825-025
522;Газснаббетон;Челябинск;Лесная, 38;(287)320-726-930
523;Проммонтажпроект;Самара;Молодёжная, 96;(172)730-435-649
524;Програмплюсбетонмонтаж;Санкт-Петербург;Мира, 18;(290)877-922-639
525;Програмбетонпром;Самара;Школьная, 77;(430)236-956-622
526;Плюсглавлакшери;Саратов;Молодёжная, 23;(913)640-516-337
527;Плюсбетонглав;Краснодар;Ленина, 83;(653)873-709-318
528;Плюсспецпроджилгаз;Краснодар;Лесная, 59;(045)219-348-704
529;Снабпроект;Нижний Новгород;Новая, 25;(513)830-665-529
530;Спецплюсбетонмонтаж;Саратов;Набережная, 46;(071)942-421-143
531;Лакшерипродмонтажпроект;Челябинск;Мира, 45;(151)844-048-121
532;Плюсмясглавжилбетон;Тюмень;Школьная, 84;(457)208-794-904
533;Плюсжилснабпроектлакшери;Саратов;Советская, 43;(598)282-758-649
534;Програмснабглавмяс;Челябинск;Новая, 95;(097)220-879-386
535;Мясглавпроджилгаз;Нижний Новгород;Набережная, 62;(709)137-624-042
536;Програмглавмонтаж;Новосибирск;Мира, 97;(920)434-982-043
537;Програмлакшерижилмяс;Воронеж;Мира, 47;(745)287-333-228
538;Мясбетонпрод;Пермь;Набережная, 89;(617)055-317-981
539;Проммонтаж;Москва;Новая, 69;(554)610-264-747
540;Жилснаб;Ижевск;Лесная, 17;(323)823-392-863
541;Мяспромспецгазлакшери;Волгоград;Садовая, 86;(855)348-414-704
542;Газбетонпроект;Пермь;Центральная, 50;(975)643-176-876
543;Спецснаббетонпроект;Пермь;Центральная, 57;(914)909-323-121
544;Програмлакшериплюс;Пермь;Советская, 6;(558)790-058-877
545;Газбетонпроммонтаж;Омск;Мира, 78;(973)671-812-529
546;Спецбетонглав;Саратов;Садовая, 62;(582)777-201-484
547;Спецплюслакшери;Красноярск;Школьная, 77;(178)110-058-511
548;Жилпром;Самара;Садовая, 99;(696)024-022-330
549;Снабпроммонтажпроект;Казань;Ленина, 87;(664)013-371-167
550;Снабмонтаж;Новосибирск;Садовая, 67;(725)517-990-250
551;Жилглавпром;Санкт-Петербург;Новая, 72;(196)868-580-036
552;Спецснабпродмяс;Москва;Мира, 24;(463)125-711-005
553;Лакшерижилмяс;Нижний Новгород;Садовая, 1;(795)042-265-296
554;Програмжилглав;Тольятти;Садовая, 6;(775)238-270-390
555;Спецснаб;Омск;Новая, 62;(930)371-186-919
556;Газбетонмонтаж;Ижевск;Молодёжная, 47;(287)497-083-362
557;Плюсжил;Москва;Молодёжная, 29;(937)965-941-453
558;Мяс;Пермь;Мира, 5;(515)675-781-174
559;Жилпром;Тюмень;Центральная, 59;(033)655-507-371
560;Плюспроект;Челябинск;Новая, 27;(179)852-353-116
561;Лакшерибетонпром;Пермь;Набережная, 23;(184)061-802-867
562;Снабмяспроект;Санкт-Петербург;Новая, 93;(056)062-691-281
563;Спецжил;Москва;Лесная, 42;(767)919-352-133
564;Плюспром;Санкт-Петербург;Лесная, 29;(411)235-687-529
565;Главмяс;Волгоград;Новая, 52;(537)681-334-335
566;Програмплюсмонтаж;Омск;Новая, 43;(291)001-454-304
567;Плюсснабмяс;Самара;Мира, 97;(945)560-144-180
568;Жилгазмяспроект;Екатеринбург;Центральная, 16;(868)019-248-728
569;Програмгазпромпроект;Уфа;Советская, 78;(591)004-697-852
570;Бетонпроект;Пермь;Набережная, 27;(855)407-156-503
571;Спецмяс;Краснодар;Молодёжная, 61;(174)192-906-907
572;Главмонтажжилгазбетон;Казань;Мира, 22;(560)004-718-774
573;Програмплюсмясмонтажбетон;Ростов-на-Дону;Ленина, 9;(694)905-354-658
574;Спецглавпромпроект;Омск;Советская, 66;(152)629-881-901
575;Проммонтажпроект;Пермь;Школьная, 63;(913)239-217-329
576;Бетонглавмонтаж;Воронеж;Советская, 97;(179)968-877-718
577;Снабпродпроект;Казань;Молодёжная, 14;(780)005-356-488
578;Програмглавпроджилбетон;Волгоград;Молодёжная, 71;(424)480-767-910
579;Бетонмясмонтаж;Тольятти;Центральная, 1;(728)644-839-120
580;Спецжилгазмонтаж;Москва;Молодёжная, 78;(492)082-233-246
581;Снабпроммонтаж;Казань;Новая, 5;(268)746-818-301
582;Спецгазпроект;Челябинск;Садовая, 28;(868)344-846-328
583;Бетонмонтаж;Самара;Лесная, 71;(224)980-609-002
584;Мясспецжилснаббетон;Казань;Мира, 71;(026)367-552-736
585;Плюспроммонтажбетонлакшери;Санкт-Петербург;Лесная, 77;(474)315-755-303
586;Снабмяспроект;Саратов;Центральная, 5;(950)531-806-657
587;Плюсгазбетонпроект;Тюмень;Новая, 70;(531)945-858-635
588;Плюсгазпром;Пермь;Набережная, 98;(623)908-739-860
589;Мясмонтаж;Новосибирск;Мира, 81;(975)748-313-350
590;Промжилбетонглав;Нижний Новгород;Центральная, 52;(070)987-975-744
591;Плюсмонтажлакшери;Уфа;Новая, 82;(035)894-070-044
592;Лакшеригаз;Краснодар;Ленина, 24;(764)322-863-102
593;Промснабмяс;Москва;Мира, 55;(683)188-307-915
594;Плюсглавпродмонтажжил;Уфа;Мира, 77;(746)876-382-137
595;Спецбетонмяс;Краснодар;Лесная, 52;(799)396-957-533
596;Програмжилпрод;Челябинск;Ленина, 5;(719)496-858-109
597;Жилмясмонтажпроект;Санкт-Петербург;Ленина, 100;(026)419-663-153
598;Главпроект;Челябинск;Лесная, 97;(973)561-933-084
599;Газпроект;Нижний Новгород;Центральная, 43;(238)755-078-717
600;Жилпрод;Уфа;Набережная, 34;(553)321-380-684
601;Снаб;Пермь;Лесная, 60;(180)475-183-450
602;Плюсмясснаббетонпроект;Нижний Новгород;Молодёжная, 72;(406)056-384-482
603;Плюсспецпродмонтажлакшери;Санкт-Петербург;Центральная, 73;(856)704-712-821
604;Проммонтаж;Нижний Новгород;Центральная, 35;(035)910-538-971
605;Лакшериглавмяспрод;Самара;Новая, 17;(130)691-899-725
606;Програмжилмонтаж;Омск;Центральная, 70;(782)603-485-389
607;Мясглавмонтажпрод;Тюмень;Мира, 76;(263)307-257-521
608;Проммонтаж;Воронеж;Мира, 34;(296)664-412-655
609;Монтажпроект;Самара;Школьная, 65;(081)491-222-866
610;Снабпроект;Омск;Ленина, 9;(898)065-934-177
611;Плюсгазглав;Омск;Новая, 45;(297)847-392-317
612;Плюсбетонлакшери;Санкт-Петербург;Молодёжная, 95;(318)236-091-896
613;Спецглав;Омск;Молодёжная, 17;(975)518-307-359
614;Мяслакшерипромпроект;Ижевск;Советская, 13;(496)129-801-002
615;Лакшерипром;Воронеж;Лесная, 95;(247)701-149-282
616;Програмгазмонтаж;Нижний Новгород;Набережная, 64;(335)079-670-701
617;Бетонглав;Нижний Новгород;Центральная, 45;(101)472-736-596
618;Жилснаббетонмяс;Санкт-Петербург;Центральная, 84;(088)473-166-611
619;Мяспроект;Омск;Новая, 93;(988)407-251-953
620;Програмглавпромспецмонтаж;Пермь;Центральная, 64;(618)906-118-472
621;Спецбетонпроект;Уфа;Мира, 54;(920)362-603-813
622;Газмяспроект;Нижний Новгород;Мира, 100;(702)624-745-894
623;Плюсжилмяспроект;Новосибирск;Ленина, 93;(873)095-017-071
624;Програмгазглавснаб;Ижевск;Школьная, 16;(573)196-768-168
625;Плюсжилглавлакшери;Пермь;Молодёжная, 97;(750)284-504-586
626;Снабпроект;Ростов-на-Дону;Центральная, 47;(559)425-448-067
627;Мясплюсглавпроект;Казань;Ленина, 30;(333)073-991-980
628;Лакшерижил;Челябинск;Советская, 93;(606)435-757-657
629;Главспецмонтажбетонпроект;Ижевск;Центральная, 55;(219)744-073-379
630;Промпроект;Ростов-на-Дону;Центральная, 52;(498)454-714-177
631;Спецплюсглавмяс;Уфа;Лесная, 10;(593)086-417-991
632;Спецглавпромпроект;Уфа;Молодёжная, 59;(531)180-595-818
633;Главпроект;Уфа;Школьная, 23;(146)170-077-006
634;Мясжилпром;Самара;Советская, 70;(289)179-196-641
635;Програмбетон;Тюмень;Молодёжная, 53;(431)186-938-092
636;Програмплюсглавмясмонтаж;Краснодар;Советская, 2;(592)646-349-627
637;Газснаб;Нижний Новгород;Новая, 1;(223)721-416-600
638;Спецплюсбетонпром;Красноярск;Молодёжная, 62;(912)923-932-854
639;Промглавпроджилгаз;Красноярск;Новая, 65;(921)900-983-807
640;Плюсгазмонтаж;Краснодар;Школьная, 31;(140)950-374-029
641;Спецглавпрод;Уфа;Новая, 7;(822)593-943-090
642;Програмспецбетонглав;Екатеринбург;Молодёжная, 2;(502)876-468-377
643;Программонтаж;Самара;Центральная, 36;(673)362-312-892
644;Снабпрод;Санкт-Петербург;Ленина, 44;(220)192-570-598
645;Бетонмяс;Уфа;Школьная, 85;(207)727-390-465
646;Мясглавжилснаббетон;Воронеж;Школьная, 88;(374)234-224-209
647;Жилгазбетонмонтаж;Москва;Набережная, 6;(846)311-381-250
648;Спецплюсгазмяс;Казань;Ленина, 76;(059)501-764-668
649;Жилснабпрод;Казань;Садовая, 31;(951)692-368-505
650;Програмжилмяс;Ижевск;Мира, 8;(451)015-734-724
651;Плюсмяспродснабгаз;Ижевск;Школьная, 61;(484)768-332-377
652;Спецлакшеримонтажпроект;Воронеж;Молодёжная, 100;(410)740-345-194
653;Плюсжилбетонпроект;Ижевск;Мира, 35;(947)807-761-781
654;Программясмонтаж;Нижний Новгород;Набережная, 76;(177)304-647-489
655;Жилснаббетонпром;Нижний Новгород;Школьная, 95;(872)279-362-702
656;Бетонглав;Екатеринбург;Мира, 26;(723)987-369-317
657;Спецснабмяс;Новосибирск;Садовая, 80;(325)156-007-904
658;Снабпрод;Москва;Мира, 1;(459)932-064-742
659;Програмплюсжилпроект;Красноярск;Мира, 14;(892)884-421-855
660;Жилглав;Челябинск;Набережная, 57;(512)680-922-983
661;Програмснабпром;Екатеринбург;Молодёжная, 21;(794)800-108-430
662;Програмлакшериглавмяс;Омск;Мира, 27;(648)876-306-345
663;Газглавпроект;Новосибирск;Новая, 77;(039)057-640-895
664;Програмплюсмонтаж;Тольятти;Молодёжная, 17;(839)141-899-408
665;Програмплюсмясмонтажгаз;Ижевск;Ленина, 13;(514)244-901-325
666;Жилгаз;Ростов-на-Дону;Лесная, 9;(147)968-784-151
667;Мясмонтаж;Тольятти;Новая, 40;(459)552-484-921
668;Главснабмяс;Нижний Новгород;Молодёжная, 89;(738)128-795-625
669;Програмспецмяс;Санкт-Петербург;Мира, 36;(009)778-137-779
670;Промспецглав;Пермь;Ленина, 6;(508)603-999-056
671;Газ;Воронеж;Молодёжная, 66;(086)153-563-999
672;Мясглавбетонпрод;Пермь;Мира, 45;(191)088-312-963
673;Лакшерижилпродмонтаж;Новосибирск;Центральная, 31;(861)516-080-878
674;Лакшерижилснабпрод;Красноярск;Советская, 40;(850)295-342-411
675;Плюсгаз;Казань;Лесная, 25;(186)248-861-778
676;Плюспродгазпроектлакшери;Воронеж;Ленина, 58;(170)240-091-535
677;Промглавмясспецмонтаж;Новосибирск;Ленина, 51;(907)399-091-578
678;Програмлакшерибетон;Воронеж;Молодёжная, 97;(831)240-358-555
679;Плюсспецпроджилпроект;Самара;Садовая, 0;(797)723-180-013
680;Лакшерибетонглавпроект;Пермь;Центральная, 63;(399)907-776-550
681;Лакшеримонтаж;Екатеринбург;Центральная, 17;(900)657-467-628
682;Газснабпромпроект;Екатеринбург;Садовая, 21;(818)815-395-775
683;Плюспром;Воронеж;Садовая, 70;(243)261-627-152
684;Програмплюс;Екатеринбург;Советская, 71;(392)696-681-469
685;Лакшериглавпрод;Ростов-на-Дону;Центральная, 100;(156)583-288-248
686;Програмглавмонтаж;Омск;Ленина, 54;(784)951-238-469
687;Програмлакшериснабмяс;Тюмень;Новая, 23;(876)474-879-472
688;Спецгазмонтажпроект;Омск;Советская, 93;(754)015-365-630
689;Мяслакшериглавпроект;Тюмень;Новая, 94;(281)922-541-848
690;Програмглавмясмонтаж;Казань;Новая, 84;(349)202-992-377
691;Бетонмяспрод;Москва;Лесная, 91;(485)070-895-313
692;Бетонмяс;Воронеж;Садовая, 74;(876)019-712-577
693;Спецжилбетонпром;Екатеринбург;Школьная, 98;(565)830-079-047
694;Програмжилглавмяс;Волгоград;Советская, 41;(202)075-363-804
695;Лакшерижилглав;Санкт-Петербург;Лесная, 39;(586)995-356-404
696;Программонтажпроект;Уфа;Центральная, 13;(120)523-310-250
697;Газмонтажпроект;Волгоград;Центральная, 79;(127)927-144-724
698;Програмплюспрод;Санкт-Петербург;Новая, 68;(303)361-397-099
699;Програмгазпрод;Казань;Ленина, 75;(009)368-333-675
700;Плюспродмонтаж;Самара;Советская, 17;(980)423-982-098
701;Спецжилбетон;Новосибирск;Мира, 50;(285)250-992-997
702;Програмглав;Санкт-Петербург;Молодёжная, 47;(907)973-234-407
703;Спецгазпромпрод;Омск;Советская, 45;(905)734-608-296
704;Промпрод;Ростов-на-Дону;Новая, 85;(436)260-779-192
705;Снаббетон;Краснодар;Лесная, 70;(839)316-845-132
706;Спецплюслакшери;Ижевск;Набережная, 30;(015)878-440-937
707;Главснабпродпроект;Нижний Новгород;Набережная, 93;(591)853-512-239
708;Программяс;Новосибирск;Советская, 43;(265)268-485-020
709;Промпроект;Москва;Школьная, 40;(077)631-627-997
710;Плюсмонтаж;Нижний Новгород;Новая, 87;(514)157-529-084
711;Програмжилпроект;Воронеж;Лесная, 80;(116)329-582-418
712;Мясплюспром;Саратов;Молодёжная, 7;(693)223-408-437
713;Плюспродснабгазлакшери;Новосибирск;Ленина, 76;(657)003-444-161
714;Газпроект;Тольятти;Лесная, 17;(851)292-507-785
715;Плюспромглавспецснаб;Ижевск;Советская, 37;(472)576-184-663
716;Главгазмяс;Омск;Советская, 84;(875)910-453-044
717;Плюспрод;Саратов;Центральная, 89;(804)663-736-537
718;Бетонглав;Красноярск;Советская, 77;(857)718-822-813
719;Лакшеригазпрод;Санкт-Петербург;Садовая, 79;(301)920-541-255
720;Плюспромпродбетонлакшери;Уфа;Лесная, 100;(489)311-602-347
721;Продпроект;Волгоград;Школьная, 99;(931)404-150-567
722;Спецпром;Пермь;Советская, 42;(286)636-654-838
723;Лакшеригаз;Ижевск;Центральная, 80;(592)725-441-082
724;Программяспродмонтажснаб;Самара;Школьная, 73;(266)812-875-644
725;Програмлакшерипромпроект;Челябинск;Школьная, 31;(237)788-883-609
726;Жилпродмонтаж;Нижний Новгород;Садовая, 87;(537)676-322-220
727;Спецжилмяспрод;Челябинск;Советская, 19;(916)978-733-457
728;Продмонтаж;Уфа;Садовая, 31;(541)606-480-805
729;Програмглав;Пермь;Молодёжная, 70;(223)412-817-865
730;Спецжилмонтаж;Тольятти;Мира, 10;(988)595-710-157
731;Плюсгазбетон;Казань;Ленина, 75;(724)112-049-741
732;Снабпром;Омск;Молодёжная, 82;(187)396-175-876
733;Главмонтажснабгазпроект;Тольятти;Центральная, 9;(389)050-588-017
734;Плюсглавпромснабпроект;Краснодар;Школьная, 64;(920)204-918-639
735;Спецснабпродмяс;Ижевск;Школьная, 28;(996)433-731-513
736;Жилгаз;Омск;Школьная, 55;(337)916-540-704
737;Лакшерижилпрод;Тюмень;Набережная, 69;(399)984-358-643
738;Плюс;Саратов;Новая, 58;(039)021-070-480
739;Газпроект;Омск;Набережная, 4;(221)797-043-552
740;Програмпродмонтаж;Новосибирск;Школьная, 56;(533)700-141-178
741;Газпрод;Челябинск;Школьная, 71;(934)390-561-326
742;Снабмонтаж;Саратов;Лесная, 79;(425)890-614-866
743;Снабглавпроект;Красноярск;Новая, 38;(425)939-937-634
744;Бетонмяс;Тольятти;Мира, 53;(758)213-790-980
745;Проммонтаж;Уфа;Садовая, 12;(349)387-337-188
746;Мясплюспродпроект;Омск;Мира, 85;(986)804-907-417
747;Лакшериплюсгазпроект;Самара;Ленина, 83;(271)617-075-558
748;Програмлакшерибетонмонтаж;Нижний Новгород;Молодёжная, 100;(575)535-862-208
749;Плюсгаз;Самара;Центральная, 22;(291)055-384-600
750;Плюспрод;Тольятти;Советская, 48;(757)311-456-337
751;Главпрод;Казань;Лесная, 74;(858)602-293-360
752;Программяс;Нижний Новгород;Мира, 97;(667)392-986-020
753;Проммясмонтажжилгаз;Челябинск;Ленина, 9;(712)167-933-693
754;Програмглав;Красноярск;Центральная, 68;(355)506-680-090
755;Плюспродпроект;Казань;Садовая, 8;(667)460-369-044
756;Програмлакшеримонтаж;Омск;Набережная, 39;(063)548-839-072
757;Снабглав;Екатеринбург;Молодёжная, 81;(220)006-570-233
758;Бетонмяс;Казань;Садовая, 97;(274)411-866-384
759;Лакшерипромпрод;Омск;Советская, 83;(518)801-910-207
760;Спецбетон;Ростов-на-Дону;Набережная, 39;(129)313-723-812
761;Плюсбетонпрод;Пермь;Ленина, 52;(629)033-718-158
762;Програмплюсмонтажпроект;Екатеринбург;Центральная, 65;(637)289-486-055
763;Програмплюспроект;Челябинск;Молодёжная, 76;(481)770-603-643
764;Жилбетонмясмонтаж;Санкт-Петербург;Садовая, 73;(738)476-471-919
765;Жилпромпрод;Саратов;Ленина, 90;(792)386-396-334
766;Жилглав;Краснодар;Садовая, 22;(333)868-257-902
767;Проект;Нижний Новгород;Набережная, 98;(349)599-157-231
768;Газглавмонтажпроект;Самара;Мира, 15;(973)067-652-716
769;Бетонпром;Екатеринбург;Новая, 68;(440)723-739-578
770;Програмглавмонтаж;Санкт-Петербург;Набережная, 11;(864)642-917-122
771;Жилгазмяс;Саратов;Садовая, 33;(874)413-836-338
772;Спецпром;Нижний Новгород;Набережная, 2;(601)499-925-372
773;Спецлакшерипрограм;Воронеж;Садовая, 48;(831)760-458-906
774;Програмплюсспецснабпроект;Екатеринбург;Ленина, 69;(136)529-543-830
775;Програмлакшериснаб;Тюмень;Набережная, 29;(495)873-759-310
776;Програмгазмонтажпроект;Пермь;Набережная, 60;(150)439-482-681
777;Плюспроектлакшери;Ижевск;Школьная, 93;(365)095-081-520
778;Спецпродгазснаблакшери;Тюмень;Лесная, 3;(374)678-923-451
779;Спецпромпроект;Самара;Лесная, 26;(056)728-706-597
780;Жилгазглавпрод;Пермь;Новая, 87;(297)367-899-654
781;Програмплюсснаб;Санкт-Петербург;Садовая, 24;(133)907-916-499
782;Снабпром;Нижний Новгород;Ленина, 75;(159)884-744-932
783;Програмплюспродснаблакшери;Тольятти;Ленина, 19;(059)293-927-944
784;Програмпрод;Ростов-на-Дону;Набережная, 62;(000)536-448-860
785;Спецпроммяс;Уфа;Молодёжная, 26;(790)751-756-864
786;Жилгазпрод;Ростов-на-Дону;Советская, 81;(422)277-348-328
787;Снабпром;Ростов-на-Дону;Школьная, 58;(128)590-618-732
788;Програмплюспром;Москва;Садовая, 36;(527)291-395-767
789;Спецлакшериглавпроект;Воронеж;Набережная, 74;(930)488-835-341
790;Програмплюсгазмяс;Москва;Молодёжная, 68;(081)378-673-270
791;Лакшерижил;Москва;Новая, 44;(653)834-889-129
792;Газпром;Ижевск;Молодёжная, 60;(051)681-090-511
793;Проммонтаж;Новосибирск;Школьная, 86;(572)054-184-554
794;Жилснаб;Санкт-Петербург;Школьная, 25;(100)724-702-400
795;Лакшеримонтаж;Ижевск;Советская, 76;(862)632-077-722
796;Мясгазпрод;Ижевск;Мира, 28;(077)471-533-509
797;Программяс;Воронеж;Ленина, 85;(558)097-874-342
798;Спецбетонпроект;Саратов;Центральная, 65;(384)854-762-227
799;Главпроект;Новосибирск;Набережная, 35;(032)669-364-131
800;Спецглавпром;Уфа;Ленина, 47;(131)339-474-706
801;Плюсжилглав;Екатеринбург;Школьная, 11;(326)822-975-813
802;Бетонмяспрод;Ростов-на-Дону;Ленина, 52;(629)348-780-355
803;Програмплюсглавжилпроект;Москва;Садовая, 67;(366)006-435-064
804;Газснабпродпроект;Казань;Советская, 21;(038)758-640-124
805;Спецплюсгазмонтаж;Ижевск;Лесная, 23;(689)253-040-703
806;Спецплюсглав;Нижний Новгород;Лесная, 28;(735)040-567-766
807;Мяс;Уфа;Ленина, 26;(446)689-831-993
808;Бетонмяспроект;Санкт-Петербург;Мира, 61;(481)238-620-163
809;Плюсжилмяс;Красноярск;Центральная, 16;(608)958-339-851
810;Промбетонпродпроект;Ростов-на-Дону;Центральная, 46;(167)001-105-020
811;Плюспродпроект;Новосибирск;Садовая, 28;(827)203-091-603
812;Спецгазглав;Ижевск;Новая, 78;(840)097-440-835
813;Жилпрод;Уфа;Школьная, 47;(025)499-197-851
814;Главпромспецпроджил;Воронеж;Лесная, 70;(873)306-384-562
815;Бетонмяс;Новосибирск;Лесная, 50;(496)295-555-981
816;Бетонмонтаж;Казань;Новая, 29;(558)668-572-634
817;Спецпроект;Москва;Садовая, 98;(160)726-025-556
818;Бетонмяспроект;Волгоград;Ленина, 56;(243)277-738-013
819;Лакшериглавмяс;Ижевск;Центральная, 16;(523)555-166-508
820;Плюсжилмяс;Москва;Мира, 20;(749)672-958-094
821;Плюсснабпрод;Нижний Новгород;Ленина, 97;(261)044-966-215
822;Газмонтаж;Ижевск;Школьная, 3;(018)926-031-337
823;Плюсмясмонтажлакшери;Уфа;Садовая, 49;(129)970-976-500
824;Лакшериснабглав;Самара;Набережная, 78;(457)583-775-913
825;Газмяс;Новосибирск;Набережная, 65;(397)370-915-480
826;Лакшерипроект;Екатеринбург;Школьная, 16;(319)978-804-802
827;Газглавпроект;Самара;Центральная, 12;(979)179-231-531
828;Лакшерижилпрод;Москва;Советская, 41;(409)139-217-696
829;Жилснаб;Нижний Новгород;Школьная, 57;(496)236-631-132
830;Плюсмясмонтаж;Пермь;Садовая, 8;(518)386-874-004
831;Лакшерижилпроект;Пермь;Мира, 6;(380)014-864-249
832;Програмгазспецмонтаж;Ижевск;Школьная, 100;(282)274-521-404
833;Лакшерибетонмяс;Уфа;Советская, 61;(927)895-981-962
834;Плюспродснабгазбетон;Тюмень;Лесная, 31;(269)135-551-018
835;Главмяспродпроектлакшери;Казань;Новая, 92;(704)882-245-847
836;Спецгазбетонпрод;Ижевск;Ленина, 13;(292)816-551-924
837;Продмонтаж;Челябинск;Лесная, 24;(546)414-107-631
838;Снаббетонмясмонтаж;Москва;Лесная, 30;(765)867-690-827
839;Снабпромпроект;Москва;Ленина, 36;(377)188-603-829
840;Программяспроект;Волгоград;Набережная, 15;(570)861-514-837
841;Програмгазснабпроектлакшери;Воронеж;Лесная, 17;(182)308-055-518
842;Жилгазбетон;Ростов-на-Дону;Центральная, 81;(230)311-672-747
843;Плюсжилпром;Саратов;Лесная, 97;(166)695-874-071
844;Проммонтажжилснаббетон;Челябинск;Советская, 32;(144)654-501-910
845;Програмбетон;Нижний Новгород;Молодёжная, 70;(745)679-532-554
846;Спецплюс;Ижевск;Набережная, 90;(103)672-297-298
847;Мяслакшерипродмонтаж;Уфа;Школьная, 81;(625)703-164-437
848;Промглавжилгазлакшери;Челябинск;Центральная, 90;(089)361-788-192
849;Промжилгазпроектлакшери;Санкт-Петербург;Мира, 29;(214)268-720-497
850;Снабглавпроект;Тольятти;Ленина, 12;(069)818-153-665
851;Программонтажснаббетонлакшери;Тольятти;Лесная, 15;(709)331-324-263
852;Спецглавпром;Екатеринбург;Новая, 9;(013)643-053-016
853;Лакшериснаб;Волгоград;Мира, 23;(406)852-445-977
854;Спецбетонмонтаж;Санкт-Петербург;Советская, 92;(389)014-350-819
855;Програмснабглавпроект;Санкт-Петербург;Молодёжная, 79;(552)303-761-907
856;Промплюсглавмяс;Красноярск;Набережная, 41;(513)577-050-237
857;Програм;Краснодар;Школьная, 27;(885)874-043-445
858;Програмснабпроект;Нижний Новгород;Школьная, 98;(539)509-377-426
859;Спецглавснабпрод;Воронеж;Центральная, 71;(094)345-368-022
860;Главмонтаж;Пермь;Школьная, 59;(879)660-255-478
861;Лакшерижилгазпроект;Новосибирск;Набережная, 79;(151)893-777-088
862;Лакшеримясмонтаж;Екатеринбург;Школьная, 55;(037)983-127-902
863;Снаббетонмонтаж;Ижевск;Набережная, 9;(689)285-430-783
864;Газпроект;Екатеринбург;Лесная, 13;(368)588-197-724
865;Снабпрограмгазпром;Воронеж;Новая, 78;(343)902-202-047
866;Газмонтаж;Казань;Советская, 92;(515)273-540-968
867;Программясжилгазпроект;Тюмень;Ленина, 60;(497)360-766-597
868;Промспецмонтажбетонлакшери;Саратов;Новая, 80;(630)089-708-298
869;Главмонтажпроект;Челябинск;Садовая, 43;(806)033-470-101
870;Програмлакшерибетон;Уфа;Лесная, 2;(187)193-272-910
871;Проммонтажпрод;Нижний Новгород;Новая, 4;(742)704-613-000
872;Программясснаббетонлакшери;Челябинск;Лесная, 8;(728)828-618-780
873;Програмжил;Саратов;Школьная, 21;(853)964-596-154
874;Продмонтажпроект;Москва;Новая, 97;(145)075-548-569
875;Лакшерипроектпромпрод;Челябинск;Новая, 88;(143)414-772-304
876;Програмлакшерибетон;Тольятти;Садовая, 46;(992)533-343-553
877;Спецплюспродлакшери;Волгоград;Новая, 96;(050)534-447-939
878;Спецплюсжилснаб;Казань;Новая, 8;(050)941-298-789
879;Спецлакшериглавмяс;Краснодар;Набережная, 59;(707)276-425-548
880;Жилпрод;Красноярск;Мира, 30;(464)828-027-337
881;Плюс;Ростов-на-Дону;Мира, 3;(281)873-559-936
882;Програмплюсмонтажгазлакшери;Екатеринбург;Набережная, 1;(495)520-417-369
883;Плюсгазпроект;Красноярск;Садовая, 47;(036)459-627-935
884;Промплюсснабглав;Екатеринбург;Ленина, 64;(161)994-799-190
885;Спецплюспром;Ижевск;Лесная, 53;(155)413-839-688
886;Плюсбетон;Уфа;Школьная, 98;(284)477-466-361
887;Проммонтаж;Санкт-Петербург;Центральная, 46;(390)780-555-276
888;Спецглав;Санкт-Петербург;Садовая, 15;(964)305-705-477
889;Лакшериснабпродмонтаж;Пермь;Ленина, 53;(996)253-533-544
890;Плюсснабпроммонтаж;Санкт-Петербург;Ленина, 12;(887)459-811-984
891;Проммясглавспецпрод;Уфа;Центральная, 63;(017)016-811-172
892;Главмясспецмонтажлакшери;Саратов;Мира, 8;(997)874-261-732
893;Лакшерипрод;Нижний Новгород;Новая, 56;(097)579-259-303
894;Лакшерипроект;Тюмень;Молодёжная, 91;(228)213-477-168
895;Програмгаз;Ижевск;Молодёжная, 81;(776)909-061-443
896;Програмснабмяс;Новосибирск;Ленина, 7;(029)932-506-719
897;Плюсглавпромпрод;Екатеринбург;Новая, 34;(042)311-337-734
898;Програмснаб;Воронеж;Центральная, 60;(116)830-437-911
899;Газмяспродпроект;Краснодар;Школьная, 85;(598)031-102-639
900;Спецплюсгазпром;Омск;Молодёжная, 64;(355)838-940-287
901;Спецлакшериглавмяс;Казань;Садовая, 68;(398)583-346-754
902;Газмонтаж;Уфа;Молодёжная, 33;(573)152-609-397
903;Проммонтаж;Краснодар;Молодёжная, 40;(493)593-149-269
904;Програмспецбетон;Нижний Новгород;Центральная, 100;(721)779-213-825
905;Мяспром;Красноярск;Садовая, 92;(427)972-788-818
906;Спецглавмяспроект;Ижевск;Лесная, 36;(918)269-287-682
907;Плюсмясспецмонтажлакшери;Новосибирск;Ленина, 15;(143)013-956-934
908;Плюсбетон;Москва;Центральная, 63;(851)433-608-957
909;Жилснаббетонпроектлакшери;Омск;Новая, 79;(911)436-538-943
910;Бетонпром;Красноярск;Новая, 55;(783)447-348-864
911;Мяслакшерибетонпрод;Ростов-на-Дону;Ленина, 28;(285)600-878-188
912;Газбетон;Пермь;Советская, 13;(202)726-529-313
913;Снаб;Челябинск;Садовая, 61;(506)737-120-950
914;Плюсснаббетонпром;Красноярск;Молодёжная, 74;(060)625-232-865
915;Главмонтаж;Тюмень;Ленина, 80;(498)989-693-574
916;Плюсжилмяс;Ижевск;Набережная, 77;(928)589-810-235
917;Лакшерибетонмяспроект;Воронеж;Садовая, 55;(877)014-957-350
918;Снабпром;Москва;Набережная, 15;(029)519-911-307
919;Плюсжилснаб;Пермь;Набережная, 39;(006)796-001-062
920;Спецгазпром;Нижний Новгород;Молодёжная, 10;(731)328-305-923
921;Главпром;Тюмень;Ленина, 32;(439)327-793-384
922;Главспецпроджилпроект;Самара;Центральная, 38;(458)055-052-034
923;Газснабмяс;Челябинск;Центральная, 73;(324)320-666-118
924;Мяспродпроект;Краснодар;Ленина, 38;(421)727-784-494
925;Газмяс;Уфа;Новая, 50;(219)385-300-372
926;Снаббетонпрод;Тольятти;Ленина, 87;(952)805-022-215
927;Спец;Казань;Советская, 45;(249)060-237-325
928;Снабгаз;Ростов-на-Дону;Школьная, 11;(324)388-689-978
929;Жилмясмонтаж;Ижевск;Новая, 75;(075)894-911-471
930;Спецгазбетон;Волгоград;Новая, 73;(730)847-355-928
931;Спецснабмяс;Волгоград;Лесная, 23;(656)355-705-617
932;Спецпродмонтажснаблакшери;Уфа;Молодёжная, 44;(364)823-188-167
933;Спецплюсбетонглав;Ижевск;Мира, 71;(819)550-108-557
934;Плюсглавлакшери;Волгоград;Школьная, 94;(224)568-136-381
935;Спецпроект;Омск;Школьная, 93;(943)992-593-970
936;Програмплюсбетонглав;Санкт-Петербург;Лесная, 29;(876)741-291-180
937;Спецжилпроммяс;Ростов-на-Дону;Центральная, 36;(247)481-070-815
938;Плюсмяспроммонтажжил;Тюмень;Ленина, 15;(325)632-913-147
939;Програмгазснабмяс;Нижний Новгород;Центральная, 40;(392)540-561-357
940;Газпродпроект;Санкт-Петербург;Садовая, 58;(832)183-491-216
941;Мясгазбетонглав;Санкт-Петербург;Мира, 2;(561)890-888-207
942;Программясспецжилснаб;Уфа;Лесная, 82;(088)952-664-454
943;Спецжилснабмонтаж;Тольятти;Новая, 42;(439)153-162-947
944;Спецснабмяспроект;Краснодар;Ленина, 86;(217)525-061-247
945;Спецлакшеригаз;Казань;Советская, 42;(888)482-001-207
946;Плюсбетонпром;Челябинск;Новая, 100;(312)934-282-133
947;Снаблакшеригаз;Тольятти;Советская, 6;(129)026-825-189
948;Мясгазпроммонтаж;Ростов-на-Дону;Центральная, 40;(752)189-296-925
949;Главмонтаж;Уфа;Школьная, 41;(116)514-959-868
950;Спецглав;Новосибирск;Советская, 32;(812)526-571-512
951;Програмглавмяс;Екатеринбург;Новая, 34;(623)853-544-430
952;Програмпромгазснабпроект;Волгоград;Ленина, 91;(130)539-921-620
953;Програмспецпроект;Екатеринбург;Садовая, 84;(652)318-844-055
954;Жилглавпроект;Самара;Школьная, 99;(646)878-757-345
955;Бетон;Казань;Советская, 17;(509)207-411-768
956;Програмбетон;Саратов;Советская, 23;(713)899-122-407
957;Лакшерипром;Нижний Новгород;Новая, 68;(003)085-756-434
958;Бетонпрод;Уфа;Молодёжная, 2;(567)986-419-303
959;Жилпроект;Екатеринбург;Школьная, 94;(152)607-417-549
960;Лакшериснабпром;Москва;Набережная, 60;(400)464-685-804
961;Промпроект;Санкт-Петербург;Новая, 81;(037)093-423-489
962;Жилснабпроект;Саратов;Центральная, 97;(067)885-327-482
963;Плюсснабпром;Новосибирск;Молодёжная, 86;(738)157-074-360
964;Програмжилснаб;Тюмень;Ленина, 20;(318)270-958-823
965;Плюсснабмонтаж;Ижевск;Школьная, 26;(474)867-921-324
966;Снабгазпроммяс;Краснодар;Мира, 87;(606)820-405-730
967;Лакшериснабпром;Тюмень;Молодёжная, 38;(560)035-779-421
968;Промжилмяс;Краснодар;Центральная, 85;(588)511-259-273
969;Лакшериплюспромпроект;Уфа;Школьная, 75;(593)022-616-354
970;Мясглавпроммонтаж;Тольятти;Школьная, 59;(249)062-623-329
971;Спецгазпрограм;Самара;Набережная, 32;(485)798-091-053
972;Плюсбетонмясмонтаж;Ростов-на-Дону;Ленина, 24;(300)036-803-296
973;Програмглавмонтажмяс;Ростов-на-Дону;Мира, 87;(609)899-703-875
974;Снабгазглав;Пермь;Лесная, 20;(754)174-311-023
975;Програмгаз;Казань;Советская, 61;(183)236-399-699
976;Мяслакшериплюспром;Казань;Набережная, 81;(802)674-686-308
977;Програмлакшерипромпроект;Воронеж;Советская, 64;(006)323-132-709
978;Плюсмясжилбетонпроект;Санкт-Петербург;Набережная, 86;(843)483-641-127
979;Проммясспецжиллакшери;Саратов;Мира, 17;(059)065-896-686
980;Програмспецмяс;Санкт-Петербург;Мира, 50;(021)484-946-816
981;Проммонтаж;Тольятти;Лесная, 38;(436)864-023-357
982;Плюсснаббетонлакшери;Ростов-на-Дону;Набережная, 40;(644)100-161-445
983;Главпродснабпроектлакшери;Тюмень;Советская, 31;(062)212-492-304
984;Плюсспецпродмонтажжил;Санкт-Петербург;Молодёжная, 23;(743)910-805-048
985;Главпродснаббетонпроект;Омск;Центральная, 91;(167)432-018-214
986;Програмглавпрод;Воронеж;Центральная, 58;(376)658-056-314
987;Спецпрограмгаз;Саратов;Набережная, 54;(515)045-202-353
988;Промглавпродмонтажпроект;Красноярск;Мира, 41;(337)284-204-964
989;Главпроект;Воронеж;Советская, 77;(847)644-108-196
990;Програмглавпрод;Екатеринбург;Лесная, 17;(686)662-285-364
991;Газпрод;Санкт-Петербург;Лесная, 8;(399)532-010-163
992;Бетонпроект;Казань;Советская, 61;(517)191-966-627
993;Спецглав;Красноярск;Новая, 38;(492)498-714-821
994;Бетон;Тюмень;Мира, 82;(531)059-389-352
995;Плюсмонтажпроект;Нижний Новгород;Лесная, 44;(384)621-847-185
996;Главгазпродмонтаж;Краснодар;Школьная, 5;(878)012-933-871
997;Газбетон;Нижний Новгород;Мира, 98;(281)038-076-715
998;Газмонтаж;Уфа;Центральная, 31;(694)270-963-500
999;Жилснабмонтаж;Ростов-на-Дону;Набережная, 29;(244)436-795-337
1000;Лакшерижил;Ростов-на-Дону;Школьная, 35;(379)712-629-950
