1;Соловьёв Ч.Э.;Ижевск;Лесная, 94;(404)582-584-512
2;Павлов Я.Э.;Москва;Мира, 23;(155)362-564-047
3;Павлова Е.Г.;Тольятти;Молодёжная, 63;(509)586-933-461
4;Васильев Ч.Б.;Самара;Набережная, 85;(583)033-934-267
5;Попова В.П.;Москва;Садовая, 21;(179)386-098-857
6;Волков Ф.Г.;Омск;Садовая, 42;(471)844-895-337
7;Петров А.И.;Санкт-Петербург;Центральная, 69;(379)279-609-558
8;Соколов Е.Щ.;Уфа;Садовая, 90;(484)642-358-181
9;Павлова Д.С.;Нижний Новгород;Советская, 84;(786)534-662-980
10;Лебедева Н.Р.;Самара;Мира, 29;(298)181-665-545
11;Соловьёва Ц.И.;Санкт-Петербург;Школьная, 97;(353)019-596-000
12;Волкова Э.Т.;Уфа;Лесная, 66;(700)230-100-982
13;Васильев Н.У.;Красноярск;Набережная, 2;(196)572-191-482
14;Морозова Н.И.;Казань;Садовая, 91;(275)821-268-875
15;Павлова Ч.Ф.;Ижевск;Набережная, 24;(978)141-661-931
16;Волкова Х.Х.;Омск;Мира, 23;(295)062-021-091
17;Волкова С.Е.;Саратов;Лесная, 13;(921)844-243-601
18;Морозов Э.Ч.;Москва;Лесная, 38;(305)555-261-101
19;Лебедев Р.Х.;Санкт-Петербург;Лесная, 53;(345)688-081-765
20;Соловьёва У.Ю.;Самара;Набережная, 78;(866)907-399-866
21;Лебедева Н.Н.;Тюмень;Садовая, 87;(574)560-460-361
22;Смирнов А.В.;Красноярск;Садовая, 5;(798)720-523-027
23;Смирнов Д.Б.;Омск;Центральная, 99;(100)866-743-606
24;Смирнова С.О.;Красноярск;Молодёжная, 75;(227)390-989-346
25;Васильев Х.Г.;Пермь;Набережная, 1;(601)277-940-642
26;Соловьёва У.Х.;Тольятти;Мира, 90;(939)428-090-339
27;Васильева Щ.Ю.;Санкт-Петербург;Центральная, 50;(966)248-671-968
28;Васильева Х.Б.;Ижевск;Новая, 25;(934)261-298-498
29;Волкова Р.У.;Пермь;Новая, 26;(204)320-581-132
30;Морозова П.Щ.;Нижний Новгород;Лесная, 23;(521)285-875-431
31;Волкова Д.П.;Уфа;Школьная, 12;(207)879-106-459
32;Морозова О.П.;Волгоград;Мира, 98;(490)971-788-750
33;Павлова Щ.З.;Тольятти;Лесная, 79;(042)325-467-907
34;Кузнецова Х.Р.;Омск;Мира, 34;(590)087-616-879
35;Павлова И.Ш.;Саратов;Центральная, 77;(298)735-059-658
36;Соловьёва Р.Е.;Санкт-Петербург;Советская, 81;(465)828-371-849
37;Зайцева Е.Ф.;Краснодар;Садовая, 28;(948)149-284-002
38;Козлов Е.Ч.;Самара;Садовая, 55;(874)651-090-133
39;Кузнецова О.Ю.;Новосибирск;Советская, 53;(890)244-822-692
40;Павлова З.Э.;Казань;Набережная, 54;(283)242-877-190
41;Соколов З.М.;Волгоград;Ленина, 96;(207)492-387-427
42;Зайцев Ц.Щ.;Москва;Молодёжная, 4;(096)685-255-828
43;Петрова А.М.;Саратов;Набережная, 2;(151)792-126-056
44;Волков Ч.Ш.;Красноярск;Молодёжная, 16;(840)897-893-944
45;Лебедев Н.Ш.;Челябинск;Школьная, 43;(518)698-149-563
46;Соколова Л.Л.;Красноярск;Садовая, 40;(083)684-660-176
47;Смирнова Ж.Щ.;Ижевск;Молодёжная, 84;(903)912-580-020
48;Попова Е.Э.;Уфа;Молодёжная, 97;(623)313-780-242
49;Иванов М.Ю.;Красноярск;Центральная, 31;(091)623-332-598
50;Смирнова П.Ч.;Красноярск;Набережная, 7;(368)063-563-100
51;Морозова М.И.;Москва;Советская, 16;(485)581-763-032
52;Петрова Э.Б.;Омск;Центральная, 8;(179)895-337-585
53;Петров Я.Н.;Красноярск;Лесная, 75;(818)562-694-658
54;Лебедев Х.Х.;Тюмень;Мира, 35;(907)799-801-896
55;Павлов Б.Ф.;Казань;Центральная, 71;(030)465-945-193
56;Соколова Я.Ч.;Новосибирск;Молодёжная, 78;(803)583-387-631
57;Зайцев Я.Г.;Волгоград;Молодёжная, 4;(873)355-162-075
58;Иванова Х.Ж.;Краснодар;Лесная, 39;(777)964-077-186
59;Волкова Д.С.;Волгоград;Мира, 68;(830)143-436-717
60;Смирнов В.Х.;Волгоград;Советская, 62;(434)961-640-356
61;Петрова Е.Ж.;Москва;Набережная, 35;(528)231-396-778
62;Зайцева А.И.;Омск;Молодёжная, 21;(886)303-626-645
63;Павлова В.Б.;Краснодар;Новая, 15;(625)484-261-560
64;Козлов Л.Я.;Волгоград;Набережная, 83;(014)323-297-441
65;Морозова П.Х.;Воронеж;Центральная, 80;(632)687-348-358
66;Павлова И.Б.;Краснодар;Набережная, 93;(312)860-478-723
67;Смирнова Ж.Б.;Красноярск;Набережная, 84;(960)310-754-623
68;Соловьёв Р.Н.;Новосибирск;Лесная, 30;(266)447-303-545
69;Волкова Р.В.;Москва;Центральная, 74;(409)387-169-867
70;Павлова К.Б.;Тюмень;Ленина, 11;(943)805-199-986
71;Волков Г.Ш.;Краснодар;Ленина, 14;(578)204-955-630
72;Морозов Х.Ш.;Красноярск;Центральная, 72;(635)927-971-155
73;Зайцева А.Р.;Самара;Центральная, 56;(868)733-930-496
74;Смирнова Ю.Д.;Ижевск;Лесная, 66;(770)348-284-811
75;Соловьёва Ю.М.;Ростов-на-Дону;Советская, 94;(936)380-183-625
76;Морозова К.Л.;Нижний Новгород;Новая, 39;(298)147-802-258
77;Васильева Ж.С.;Волгоград;Новая, 55;(918)194-258-985
78;Васильев А.Ц.;Челябинск;Центральная, 40;(617)101-952-826
79;Новиков У.З.;Волгоград;Советская, 8;(166)452-185-568
80;Васильев С.Т.;Екатеринбург;Садовая, 23;(913)070-998-520
81;Соловьёва Ф.Б.;Нижний Новгород;Ленина, 15;(581)869-296-893
82;Соловьёва И.А.;Уфа;Набережная, 39;(505)361-361-999
83;Павлов Ц.Е.;Тольятти;Школьная, 54;(792)473-774-301
84;Попов Н.Э.;Воронеж;Советская, 27;(450)752-483-233
85;Козлова З.Ф.;Воронеж;Садовая, 82;(121)648-893-018
86;Смирнова К.О.;Москва;Садовая, 49;(979)902-073-738
87;Петрова Г.У.;Волгоград;Лесная, 72;(172)848-237-217
88;Лебедева Б.К.;Саратов;Ленина, 81;(192)702-287-456
89;Козлова Щ.У.;Челябинск;Ленина, 44;(960)572-880-034
90;Лебедева П.Г.;Екатеринбург;Советская, 62;(472)415-567-945
91;Соколова Ф.Ф.;Челябинск;Садовая, 51;(264)026-672-696
92;Соловьёв М.О.;Волгоград;Мира, 25;(598)307-937-350
93;Козлова П.Э.;Краснодар;Советская, 14;(940)641-455-798
94;Попова Р.Н.;Ижевск;Центральная, 45;(533)435-998-368
95;Смирнова З.Я.;Ростов-на-Дону;Центральная, 0;(284)667-585-288
96;Петров Т.П.;Нижний Новгород;Мира, 6;(390)069-482-658
97;Смирнов К.Н.;Казань;Молодёжная, 64;(751)952-720-099
98;Волкова Ф.Ж.;Красноярск;Советская, 13;(025)950-472-978
99;Кузнецов Х.Д.;Пермь;Набережная, 96;(610)111-790-417
100;Петрова Е.Х.;Челябинск;Школьная, 9;(950)849-394-638
