1;699;840;405;2019-05-09;502
2;729;825;330;2018-11-20;
3;346;317;315;2019-08-03;703
4;993;789;156;2019-04-17;856/380
5;557;654;316;2019-08-03;
6;341;531;90;2019-04-25;664/956
7;974;417;852;2018-12-31;
8;700;866;636;2019-05-02;
9;883;723;134;2019-01-19;
10;147;982;229;2019-05-21;423
11;462;75;307;2018-12-19;129/8
12;137;990;740;2018-12-01;
13;572;569;104;2019-03-17;
14;111;58;479;2019-02-13;
15;172;634;854;2018-12-28;464/171
16;768;930;165;2018-10-08;589
17;29;264;731;2018-12-24;407
18;757;648;70;2019-07-05;675
19;914;30;809;2018-12-13;180
20;77;653;314;2019-02-10;223
21;804;332;485;2019-09-01;610/957
22;876;937;850;2018-10-09;
23;431;341;6;2019-05-20;
24;528;506;605;2018-11-27;330
25;594;613;837;2019-01-05;
26;418;250;947;2019-02-16;
27;917;765;744;2019-08-09;
28;100;206;396;2019-06-01;824
29;37;688;371;2019-07-02;282/75
30;979;286;902;2019-07-28;
31;112;508;642;2019-01-21;
32;641;985;369;2019-01-18;
33;730;329;343;2019-09-05;
34;976;380;132;2019-07-09;22/768
35;880;945;986;2019-03-10;68
36;303;718;953;2019-04-30;418
37;902;251;691;2019-01-06;
38;84;732;995;2019-04-06;254
39;498;905;769;2019-05-07;
40;42;978;669;2018-10-29;537
41;815;907;363;2019-07-28;665/642
42;713;490;671;2018-12-08;
43;50;475;220;2019-05-24;523/410
44;955;157;913;2019-07-07;945/772
45;764;426;880;2019-05-17;942/982
46;330;672;889;2019-07-08;821/618
47;673;317;528;2019-03-12;
48;661;941;994;2019-03-18;306/984
49;229;579;268;2019-09-20;
50;509;945;107;2019-06-26;56
51;980;550;715;2018-11-05;36
52;932;688;140;2019-05-18;67
53;755;894;808;2019-07-16;214/67
54;983;786;617;2019-05-07;
55;399;504;368;2019-08-19;
56;661;871;560;2018-10-21;
57;890;877;989;2018-11-29;825/635
58;751;119;538;2018-10-27;8
59;482;8;243;2018-12-03;424
60;646;969;968;2019-01-05;228
61;662;619;232;2019-03-09;743
62;641;545;169;2019-05-04;512
63;703;145;324;2019-07-14;
64;936;164;926;2019-01-19;259
65;473;365;809;2019-04-07;
66;223;229;590;2018-10-14;911
67;151;22;119;2019-04-17;109/633
68;50;12;924;2019-02-26;
69;135;383;274;2019-07-06;887
70;401;909;22;2019-02-20;740/202
71;491;956;274;2019-09-09;290/989
72;202;519;224;2019-07-19;734
73;334;447;315;2018-12-06;
74;548;541;552;2018-12-23;899/283
75;694;114;155;2019-01-08;
76;361;359;124;2019-05-19;734/620
77;11;984;472;2019-08-02;
78;316;666;128;2019-08-02;529
79;986;480;180;2019-03-23;490/867
80;772;132;693;2019-09-15;434/653
81;258;849;513;2018-12-08;291/995
82;607;968;166;2019-06-14;294
83;324;778;440;2019-05-25;
84;819;811;182;2019-03-14;584/258
85;358;86;19;2018-12-27;93/690
86;481;897;617;2019-05-03;156
87;761;779;779;2019-04-25;307/754
88;554;865;988;2019-05-24;
89;989;315;105;2019-04-24;798/267
90;49;451;527;2019-02-20;727
91;987;39;685;2019-02-19;673
92;147;496;769;2019-08-11;859
93;334;490;223;2019-03-14;678/965
94;254;94;346;2019-06-04;934
95;851;540;693;2019-05-13;
96;574;676;221;2019-05-12;
97;853;419;14;2019-01-11;603/688
98;927;766;165;2018-10-05;
99;968;391;413;2019-06-16;523
100;752;490;303;2018-11-20;762
101;805;599;572;2019-06-04;
102;153;560;686;2019-09-25;
103;10;962;861;2018-12-10;998
104;929;143;327;2019-05-15;391/956
105;176;869;563;2019-02-04;
106;203;718;744;2019-06-26;1
107;585;501;49;2019-04-28;
108;464;313;701;2019-07-22;647
109;499;892;542;2018-10-07;325/770
110;279;587;932;2018-11-15;
111;900;681;336;2019-03-18;649
112;144;1;490;2019-03-26;518
113;560;244;754;2019-01-26;104
114;994;276;847;2018-10-21;446/353
115;876;541;511;2019-01-20;83/633
116;226;74;714;2019-04-23;125/99
117;438;869;646;2019-09-08;238
118;842;736;887;2018-11-27;420
119;30;554;657;2019-06-09;
120;469;528;621;2019-08-30;467/693
121;691;696;702;2019-01-10;
122;860;471;299;2019-05-03;781
123;519;438;188;2019-09-15;895
124;189;949;114;2018-11-22;941
125;307;213;866;2019-08-18;
126;439;491;914;2019-07-07;646
127;236;559;942;2019-08-29;791
128;997;249;925;2019-09-10;
129;342;270;135;2019-03-30;944
130;75;45;312;2019-05-03;933
131;793;877;928;2018-11-01;986/260
132;934;565;766;2019-01-11;705/314
133;196;50;671;2019-07-16;358/114
134;119;39;83;2019-06-30;787/864
135;345;522;65;2019-03-06;816
136;299;373;130;2018-11-12;85/610
137;741;328;121;2019-01-16;953
138;372;426;370;2019-08-13;299/944
139;708;516;446;2019-04-07;150
140;417;16;630;2019-07-24;
141;585;885;506;2019-02-08;139/69
142;789;951;808;2018-10-21;662/257
143;713;826;84;2019-02-27;479/232
144;748;39;398;2018-10-17;
145;202;141;128;2018-09-29;983/753
146;608;808;841;2019-03-06;221/140
147;45;625;749;2019-06-29;101
148;105;765;118;2019-01-02;984/610
149;220;347;983;2019-05-18;
150;127;866;268;2018-12-31;
151;543;458;134;2019-05-27;
152;357;697;946;2019-05-30;820
153;184;196;833;2019-05-23;8
154;282;113;579;2019-05-17;280/701
155;361;980;530;2018-12-14;862
156;373;692;287;2019-08-07;249/885
157;72;748;648;2019-08-22;297
158;614;277;390;2019-05-19;
159;264;164;175;2019-07-10;
160;35;338;90;2018-12-07;
161;666;218;733;2018-10-03;183/655
162;131;560;307;2019-01-12;873/179
163;266;835;851;2019-08-19;282
164;181;539;853;2019-05-20;
165;899;711;323;2018-10-28;481/982
166;279;63;19;2019-03-24;897/148
167;18;122;195;2019-06-11;103
168;359;390;118;2019-03-26;
169;55;413;326;2019-08-17;955/232
170;476;499;478;2019-02-11;
171;603;224;760;2019-09-18;890
172;315;623;232;2018-12-07;606
173;618;250;975;2019-03-16;451
174;278;958;455;2019-05-30;259
175;11;681;822;2019-01-28;944
176;172;546;844;2019-02-22;484/318
177;861;464;194;2019-02-07;278/935
178;391;947;203;2018-12-16;
179;356;399;886;2018-10-02;851/113
180;518;487;450;2019-01-16;
181;909;337;584;2019-04-17;166/335
182;14;181;847;2018-11-09;
183;800;534;543;2018-12-11;
184;993;409;327;2019-01-12;664/272
185;733;980;528;2019-02-11;
186;235;19;154;2019-06-04;92/120
187;915;343;160;2018-11-15;665/223
188;830;375;476;2019-05-20;604
189;583;548;662;2019-04-07;217/381
190;428;409;655;2019-05-07;635
191;597;704;51;2018-10-12;174/50
192;44;734;634;2019-07-18;867
193;760;688;661;2019-03-10;165/611
194;124;71;672;2018-10-24;675/717
195;706;878;312;2019-03-12;
196;714;761;431;2019-06-17;68
197;420;459;383;2019-06-24;
198;755;896;45;2019-05-21;
199;797;556;943;2019-07-08;340/570
200;362;117;234;2019-03-23;547
201;754;669;104;2019-06-10;
202;698;373;302;2018-10-26;206
203;832;633;520;2019-01-01;
204;633;494;388;2019-08-12;
205;221;540;356;2019-08-16;622
206;996;457;166;2019-01-11;
207;131;674;689;2019-02-26;
208;439;367;657;2019-05-30;468/874
209;192;29;20;2019-05-30;843
210;82;282;563;2019-03-12;829/947
211;298;739;694;2019-09-27;263
212;3;810;773;2019-08-03;798/837
213;752;111;300;2018-12-01;541
214;409;727;986;2019-04-07;565/886
215;341;73;968;2019-07-27;395
216;708;634;291;2019-04-23;
217;362;639;588;2018-09-29;
218;683;339;856;2019-05-05;497
219;932;555;715;2018-11-06;
220;419;801;142;2019-09-03;788
221;267;974;550;2019-01-03;47
222;351;865;945;2019-01-28;
223;447;584;778;2019-03-12;345/859
224;325;820;258;2019-04-23;470/996
225;540;187;118;2019-06-12;493/659
226;191;44;133;2018-10-01;897/415
227;103;697;839;2019-01-11;72/721
228;894;13;507;2019-07-06;978/258
229;106;305;405;2019-02-06;395
230;372;924;33;2019-01-13;
231;78;375;247;2019-07-12;144
232;125;277;925;2018-10-24;192/188
233;926;604;826;2019-09-20;279/896
234;273;105;502;2018-10-17;280
235;421;920;903;2018-11-16;155
236;272;708;358;2019-03-07;859
237;95;139;789;2018-10-14;108/38
238;419;820;916;2019-07-29;
239;203;250;809;2018-11-25;519
240;427;486;926;2019-06-30;
241;380;593;158;2018-11-07;26/659
242;252;648;194;2019-03-06;
243;358;872;893;2018-10-26;963/719
244;334;946;86;2018-10-24;628
245;411;412;450;2019-02-01;
246;88;339;773;2019-08-18;458
247;254;662;115;2019-01-26;720/999
248;697;612;356;2019-06-04;
249;377;845;941;2019-02-10;336/90
250;36;335;654;2019-01-24;755/864
251;999;490;29;2019-02-11;166/183
252;443;426;746;2019-02-12;
253;571;813;351;2019-09-26;
254;900;283;170;2019-07-27;3
255;481;83;456;2019-09-18;430
256;527;460;768;2018-11-30;
257;618;602;387;2019-01-22;
258;336;784;48;2019-01-30;499/188
259;670;986;790;2019-03-18;949
260;553;686;428;2019-04-09;75/581
261;564;93;29;2018-12-10;116/364
262;82;172;987;2018-12-15;274
263;3;132;718;2019-08-15;734/956
264;309;48;476;2019-06-30;471
265;773;671;351;2019-07-03;701
266;906;342;59;2019-03-26;526/382
267;979;473;626;2019-06-06;158
268;824;495;711;2019-01-19;106
269;795;739;193;2019-03-01;
270;530;840;887;2019-06-17;625
271;913;354;802;2019-07-01;218/894
272;749;256;703;2018-11-03;641/521
273;407;548;829;2019-09-23;981
274;171;677;27;2019-06-22;865/425
275;819;243;29;2018-11-14;334/246
276;190;215;937;2019-07-28;509/246
277;861;110;738;2019-03-15;875/282
278;154;988;570;2019-06-01;521/821
279;365;229;265;2018-12-11;953
280;496;771;996;2019-03-06;480/477
281;839;722;109;2018-11-11;722/256
282;604;985;410;2019-04-18;780
283;472;255;169;2018-10-18;510
284;874;818;567;2018-10-30;
285;645;262;873;2018-11-21;
286;810;80;817;2019-06-15;317/785
287;395;228;512;2018-12-04;95/849
288;946;630;399;2019-03-06;687
289;205;358;974;2019-03-12;162/623
290;317;488;291;2019-06-22;776
291;746;802;205;2019-05-09;
292;800;292;982;2019-06-05;410/278
293;263;828;205;2018-11-15;476/431
294;797;444;576;2019-08-06;286/408
295;692;858;130;2019-07-25;
296;296;493;860;2018-12-06;117/927
297;846;79;548;2019-02-13;776
298;522;487;133;2019-06-08;
299;643;139;596;2019-02-05;512
300;457;60;767;2019-04-15;815/805
301;338;87;625;2019-06-20;691/719
302;932;653;169;2018-10-27;
303;622;345;570;2019-05-19;54
304;341;655;489;2018-11-15;
305;470;751;284;2019-03-06;610
306;937;795;862;2018-11-19;998/485
307;736;149;299;2019-09-19;671/220
308;368;194;331;2019-07-30;117/397
309;815;561;54;2019-02-10;
310;955;708;576;2019-05-20;703
311;952;759;200;2018-11-21;
312;87;770;189;2019-03-27;433
313;802;80;231;2019-07-24;
314;380;758;417;2019-01-14;361/824
315;938;483;85;2019-04-14;155
316;78;128;972;2019-09-06;55/450
317;247;867;935;2019-06-30;
318;483;839;755;2019-04-13;
319;217;560;360;2019-03-24;
320;736;512;774;2019-05-17;279
321;710;763;102;2019-01-09;
322;437;418;801;2019-03-14;548/72
323;547;368;392;2019-01-06;
324;986;217;570;2019-04-12;716/587
325;190;596;3;2018-10-10;263
326;972;46;949;2018-10-25;689
327;133;931;524;2019-09-04;732
328;471;25;295;2019-07-28;265/660
329;385;293;734;2019-06-25;
330;289;191;18;2019-09-18;
331;610;635;319;2019-08-29;548
332;402;313;217;2019-05-14;
333;40;48;602;2019-05-02;565/962
334;56;866;72;2019-01-04;532/137
335;331;507;908;2019-08-30;964/939
336;953;560;692;2019-08-06;
337;973;878;551;2019-03-11;747
338;923;854;729;2019-05-01;507/680
339;142;709;946;2019-05-21;516
340;225;118;580;2019-02-08;
341;331;954;508;2019-03-08;313/961
342;438;782;162;2018-10-24;
343;161;933;347;2018-10-07;986/857
344;411;239;447;2019-04-24;133/86
345;495;83;307;2018-12-31;
346;711;468;274;2019-01-29;564
347;52;656;977;2019-07-09;396
348;748;949;135;2019-07-21;966
349;598;594;761;2018-11-26;669
350;112;408;251;2019-04-03;897/836
351;533;596;526;2019-05-27;992
352;425;663;973;2019-03-29;187
353;153;303;909;2019-04-29;998
354;339;526;941;2018-11-15;266/104
355;267;961;322;2019-04-06;802/781
356;411;825;856;2019-01-28;392/835
357;104;643;404;2018-12-06;72
358;94;532;980;2019-05-24;356/870
359;164;122;122;2019-08-31;486/290
360;662;513;723;2019-09-19;
361;957;841;186;2018-12-13;351/463
362;780;364;597;2018-11-05;50/955
363;536;180;146;2019-05-25;644/887
364;617;75;744;2019-08-06;505/551
365;766;275;780;2018-10-29;13/29
366;162;857;77;2018-10-12;328/575
367;15;116;600;2019-02-02;
368;863;275;759;2018-11-22;9/448
369;943;683;485;2019-04-26;58/610
370;856;44;285;2019-07-10;776/884
371;124;865;310;2018-12-12;529
372;343;871;417;2018-10-03;580
373;522;574;320;2019-07-17;42
374;274;383;288;2019-06-17;
375;355;311;782;2019-07-20;984
376;770;275;308;2018-12-05;218
377;850;288;941;2019-08-10;385
378;597;165;461;2019-09-22;183
379;520;499;451;2019-01-24;
380;985;526;49;2019-09-14;55
381;386;779;353;2018-11-29;157/177
382;789;893;870;2018-12-06;764/197
383;270;933;127;2019-04-06;966
384;323;157;978;2019-05-09;809
385;409;310;204;2019-08-09;642
386;227;104;539;2018-12-22;277
387;825;385;254;2019-09-19;248
388;589;398;508;2018-12-11;324/88
389;449;464;171;2019-09-18;
390;132;587;528;2018-12-15;939/374
391;184;92;307;2019-06-21;75/534
392;568;261;795;2018-11-17;400
393;804;507;797;2019-08-15;
394;863;951;860;2019-05-06;
395;507;195;878;2019-06-08;96
396;852;218;858;2019-07-26;
397;45;677;961;2019-08-26;539/698
398;928;175;907;2019-01-01;
399;721;115;161;2019-09-12;175/73
400;805;813;782;2019-02-05;
401;552;277;51;2019-01-31;43
402;522;205;41;2019-03-19;
403;825;605;358;2019-02-13;
404;335;564;170;2019-05-18;394/331
405;370;625;252;2018-10-02;27/279
406;626;397;542;2018-12-15;
407;841;797;256;2018-11-01;660/359
408;24;364;818;2018-12-05;435
409;393;793;213;2019-06-20;599
410;8;285;22;2019-05-12;
411;766;591;631;2019-07-17;
412;656;542;444;2019-04-27;595
413;28;367;391;2019-03-04;558/680
414;516;953;856;2019-08-17;646/621
415;955;638;189;2019-01-04;
416;2;484;660;2018-10-02;
417;303;251;625;2019-07-31;
418;16;59;757;2018-10-28;
419;665;130;555;2019-05-08;343
420;194;690;261;2019-05-05;562
421;265;731;414;2019-03-11;171
422;582;283;217;2019-08-24;
423;697;558;688;2019-08-13;698/197
424;754;546;396;2019-04-09;245
425;658;425;718;2018-10-22;700/129
426;384;564;968;2019-09-22;819/325
427;601;78;264;2019-07-01;532
428;871;764;943;2018-09-29;
429;376;946;863;2019-06-13;
430;67;404;188;2019-06-24;
431;115;27;208;2018-12-01;923
432;246;329;218;2019-07-19;429
433;257;630;178;2019-07-10;739/145
434;510;207;689;2019-04-29;841/231
435;253;238;815;2018-11-15;
436;351;79;688;2019-09-18;
437;54;707;412;2019-07-12;872
438;897;377;94;2019-04-14;630/125
439;908;216;303;2018-12-14;180/963
440;61;571;142;2019-09-18;
441;402;311;682;2019-02-18;448
442;11;923;270;2019-03-08;761
443;328;682;541;2019-07-04;
444;945;337;692;2018-10-03;658/949
445;54;363;181;2019-03-13;642
446;995;814;491;2018-12-10;441
447;807;325;270;2018-12-30;
448;236;542;672;2019-09-15;
449;747;187;24;2019-02-10;
450;187;972;902;2019-07-15;
451;363;33;656;2019-08-01;486
452;783;884;344;2019-05-12;
453;154;174;555;2019-07-19;450/723
454;94;21;868;2018-12-12;
455;880;434;452;2019-07-31;446/507
456;330;596;448;2018-11-16;22
457;838;149;803;2019-01-08;852
458;893;448;341;2019-03-10;368/911
459;106;788;990;2018-12-15;488/983
460;851;385;110;2019-06-12;562
461;638;385;659;2019-08-28;
462;326;923;829;2019-08-07;98
463;664;922;152;2019-07-20;725/242
464;48;556;612;2019-03-04;652/822
465;729;411;583;2019-05-31;264
466;126;128;407;2018-10-20;530/300
467;365;741;929;2019-08-13;151/960
468;2;61;37;2019-06-07;95
469;998;286;916;2019-08-05;
470;991;993;632;2018-12-03;
471;675;328;924;2019-06-24;841
472;759;185;997;2019-05-06;391/387
473;810;575;656;2018-09-29;
474;312;450;668;2019-03-10;836/516
475;95;614;543;2018-12-21;352/403
476;370;987;188;2019-05-26;
477;702;826;227;2019-02-20;140/27
478;287;940;713;2019-04-18;
479;838;614;899;2019-02-01;606
480;42;740;922;2019-09-27;542
481;40;911;540;2019-04-08;
482;319;104;4;2018-12-22;531
483;637;180;793;2019-05-03;304/349
484;925;986;365;2018-10-29;885
485;457;970;841;2018-12-05;
486;16;335;694;2019-01-17;
487;100;354;291;2018-11-20;626
488;249;315;993;2019-06-23;103
489;434;8;688;2018-12-03;94
490;143;220;537;2019-07-06;502/428
491;163;120;309;2019-08-03;602
492;885;290;40;2018-10-16;365/27
493;429;452;319;2019-01-30;214/128
494;93;923;804;2019-05-18;826
495;201;156;83;2018-09-29;
496;538;345;783;2019-06-02;
497;114;704;586;2019-08-26;29
498;473;117;235;2018-11-24;
499;566;998;866;2018-12-17;
500;531;796;671;2019-08-09;984
501;187;430;54;2018-10-28;737/866
502;27;582;855;2019-08-05;
503;797;522;182;2019-08-27;664
504;308;136;587;2019-01-10;526
505;926;503;476;2019-01-04;365/955
506;43;707;639;2018-10-21;
507;302;740;947;2019-09-13;
508;97;721;355;2018-11-23;884/9
509;442;627;449;2019-03-17;537/670
510;255;384;476;2019-05-04;
511;684;557;995;2019-06-15;872
512;894;513;377;2018-11-02;
513;57;221;356;2019-08-26;962
514;895;307;564;2019-04-10;650
515;49;55;815;2019-05-06;330
516;467;717;157;2018-12-27;818
517;626;666;514;2019-06-03;616
518;528;361;33;2019-08-27;374/100
519;804;243;867;2019-08-09;972/843
520;115;664;495;2019-03-07;922
521;907;790;427;2019-05-23;
522;808;486;462;2019-01-28;885
523;764;498;236;2019-09-27;497/624
524;834;612;286;2018-12-15;457
525;335;275;586;2018-12-30;
526;530;653;234;2019-08-08;155
527;85;808;321;2019-04-06;984
528;283;195;450;2019-04-23;
529;606;325;118;2019-01-17;
530;418;415;844;2019-02-22;
531;393;668;176;2019-05-22;70
532;416;303;125;2018-11-24;74
533;547;154;157;2019-01-06;
534;987;187;937;2018-11-22;
535;315;523;325;2019-07-03;620/833
536;389;134;909;2019-08-24;
537;23;452;890;2019-08-17;621
538;621;205;402;2019-07-08;331/534
539;163;712;778;2019-07-15;908
540;869;815;318;2019-06-05;711
541;512;351;628;2019-05-17;993
542;755;470;8;2019-03-21;2
543;401;794;152;2019-07-14;161/672
544;790;609;135;2019-09-18;
545;475;262;665;2018-10-10;206/132
546;429;972;393;2019-08-20;
547;730;750;805;2019-06-20;
548;458;594;666;2018-10-02;43
549;497;112;106;2019-09-05;251/305
550;951;613;70;2019-02-21;924
551;827;806;82;2019-09-20;243
552;432;681;471;2018-12-20;239
553;331;814;891;2019-08-04;
554;683;984;709;2019-05-28;
555;751;869;274;2019-01-02;824
556;763;516;928;2018-10-16;
557;787;858;182;2019-08-27;
558;897;165;298;2018-11-17;383
559;497;39;128;2019-06-23;
560;848;765;772;2018-11-01;
561;395;379;316;2019-02-25;671
562;861;414;565;2018-11-07;767/879
563;665;35;761;2019-06-29;320
564;377;181;817;2018-12-30;677/294
565;670;694;923;2018-11-21;452/77
566;341;78;456;2019-03-16;212/419
567;775;600;223;2019-08-25;
568;250;310;852;2018-11-28;
569;829;12;773;2019-08-20;250
570;311;52;999;2019-03-23;118/185
571;386;939;522;2019-05-06;916/460
572;622;414;35;2019-09-04;93/384
573;271;925;269;2018-12-16;120
574;419;222;537;2018-11-15;481/840
575;113;987;470;2018-11-17;680
576;176;107;69;2018-10-09;
577;735;193;119;2018-12-06;673/918
578;678;660;75;2019-08-20;
579;410;344;443;2019-09-03;829/914
580;993;158;194;2019-09-14;
581;57;221;707;2019-01-19;952
582;731;145;115;2019-04-07;
583;697;167;535;2019-01-23;
584;21;471;777;2018-10-28;260
585;313;385;735;2019-04-11;
586;347;834;689;2018-09-28;177/30
587;322;85;145;2018-11-21;395
588;351;108;464;2018-10-23;391
589;790;496;254;2019-05-10;441/586
590;343;71;405;2019-08-03;811/186
591;217;724;580;2018-10-21;526
592;586;431;35;2019-09-05;677
593;988;839;307;2018-11-27;243
594;879;762;937;2019-01-23;303/201
595;452;163;75;2019-09-17;79
596;552;351;437;2019-08-05;595
597;965;902;487;2019-06-16;
598;488;950;622;2019-06-18;
599;474;447;819;2019-03-06;862/646
600;573;798;797;2018-12-24;650
601;857;319;113;2019-01-02;
602;451;991;935;2019-05-27;765/7
603;43;76;192;2019-02-08;403/411
604;56;403;954;2018-12-07;336
605;864;21;682;2019-09-21;
606;875;915;690;2019-07-29;338/921
607;574;566;329;2018-10-02;79
608;753;677;868;2019-07-10;274/41
609;829;767;895;2019-06-17;949
610;295;140;95;2019-05-22;990/903
611;379;202;675;2019-03-07;762/82
612;70;623;136;2019-02-16;35
613;310;370;977;2019-02-01;751
614;365;345;9;2019-07-14;
615;406;188;725;2018-10-04;746
616;801;457;696;2018-11-03;895/278
617;738;589;886;2019-01-21;505/285
618;186;125;883;2019-01-01;
619;43;975;437;2019-04-08;
620;169;90;797;2019-02-04;575/160
621;120;728;561;2019-02-24;454/326
622;984;780;552;2019-03-07;327
623;194;327;231;2018-12-04;48/111
624;595;200;490;2019-03-09;
625;605;603;419;2018-11-02;493/950
626;252;936;195;2019-07-16;
627;62;177;688;2019-03-24;
628;379;746;958;2019-06-16;
629;216;774;823;2019-02-04;73
630;692;640;749;2018-12-02;395
631;108;348;973;2018-11-12;
632;136;693;908;2019-08-27;
633;124;84;570;2019-07-31;
634;612;257;856;2019-04-03;
635;51;223;760;2019-03-08;845/296
636;872;864;425;2019-01-22;392
637;631;933;769;2019-04-28;399
638;736;946;465;2019-05-20;818
639;893;888;160;2019-05-23;637/385
640;696;601;879;2018-11-17;721/732
641;926;552;744;2019-05-16;618
642;851;74;415;2019-01-12;
643;19;905;54;2019-05-03;
644;11;659;570;2019-05-16;191/902
645;701;460;145;2019-05-09;
646;685;181;228;2019-01-11;
647;319;267;102;2019-04-12;818/692
648;144;54;453;2019-02-05;179/756
649;122;419;372;2018-10-24;685/492
650;476;566;477;2019-03-15;789
651;748;171;716;2019-09-20;992
652;127;477;577;2019-01-17;196
653;387;45;351;2019-07-23;123
654;300;793;265;2019-06-29;214
655;77;161;476;2019-03-07;
656;596;768;802;2018-10-02;778/249
657;352;260;589;2019-01-08;339
658;977;127;531;2019-03-31;897/226
659;458;701;831;2019-05-16;294
660;721;441;127;2019-04-25;
661;606;908;481;2019-06-14;
662;582;839;589;2019-05-05;
663;997;675;497;2019-08-17;384
664;356;416;207;2019-01-31;
665;960;876;908;2019-02-08;171/484
666;930;959;975;2018-11-17;
667;972;443;31;2019-03-29;939
668;396;267;142;2019-02-14;
669;538;323;135;2018-11-13;
670;913;235;659;2019-06-08;114/885
671;274;623;435;2019-01-14;369
672;14;465;347;2019-06-28;82
673;700;50;942;2018-10-28;
674;18;523;183;2019-04-14;273/453
675;730;360;401;2019-01-27;
676;236;113;889;2019-05-18;
677;871;408;520;2019-02-12;159
678;317;339;147;2019-05-13;
679;1000;247;168;2019-08-20;
680;694;51;897;2019-05-15;757/268
681;970;464;88;2019-07-26;610/575
682;989;244;681;2019-08-24;148/17
683;66;822;11;2019-06-05;265
684;688;929;755;2019-09-09;32
685;372;792;469;2019-07-04;351
686;605;578;845;2019-04-17;
687;327;739;12;2019-01-16;866
688;679;580;764;2019-02-16;953
689;686;319;970;2019-09-04;743/935
690;383;460;635;2019-09-14;
691;871;260;14;2018-11-22;997
692;732;16;375;2019-07-30;450/768
693;653;264;112;2018-10-23;957/579
694;349;47;909;2019-09-01;835/792
695;561;157;336;2019-04-03;556
696;193;99;692;2019-04-07;
697;993;258;938;2019-05-13;253/439
698;740;125;448;2018-10-31;
699;462;243;611;2019-01-14;
700;83;798;782;2019-06-08;728
701;848;246;580;2019-08-05;298/348
702;329;788;948;2018-11-16;623/998
703;977;105;991;2019-04-28;619
704;655;709;930;2019-08-14;
705;580;932;242;2019-09-14;
706;479;902;863;2019-05-08;
707;276;761;156;2018-10-10;
708;222;626;38;2019-06-29;758
709;704;966;731;2019-09-07;919
710;124;419;9;2019-08-23;
711;704;429;654;2019-02-20;751/203
712;277;236;260;2019-08-24;94
713;860;955;132;2019-07-03;1000/187
714;78;21;254;2019-08-07;534/227
715;202;841;200;2019-05-18;125/361
716;636;882;651;2019-07-14;583/348
717;596;520;335;2019-06-07;297
718;737;51;700;2019-02-10;443/367
719;315;280;242;2019-06-19;303
720;243;644;713;2018-10-12;330/574
721;488;713;693;2019-07-27;653/687
722;803;508;441;2019-01-18;
723;498;578;187;2018-12-17;216/127
724;976;207;844;2018-11-27;579/694
725;380;118;523;2019-01-19;273/957
726;795;276;622;2019-07-23;756/335
727;306;849;262;2019-01-25;384/403
728;434;697;457;2019-09-03;
729;797;549;364;2019-09-11;146
730;57;629;128;2019-02-05;69/69
731;582;181;306;2019-07-19;441/250
732;550;712;212;2019-02-02;
733;730;8;877;2019-03-26;
734;886;927;122;2019-03-05;835
735;160;867;22;2019-08-21;
736;215;561;872;2018-11-29;746
737;176;624;518;2019-07-05;805
738;71;310;994;2019-09-24;670/776
739;171;926;587;2019-04-18;373/682
740;227;1;9;2019-04-02;87
741;88;117;911;2019-02-20;703/958
742;280;564;140;2019-07-09;668/757
743;185;25;821;2019-07-25;934/370
744;154;772;642;2019-02-16;950
745;745;660;345;2018-10-16;
746;473;485;570;2019-02-24;
747;380;720;755;2019-09-14;
748;903;162;963;2019-09-26;
749;545;441;890;2019-06-23;625/395
750;967;933;168;2019-03-23;
751;513;582;150;2019-08-28;854
752;713;495;578;2019-02-16;
753;779;905;488;2018-12-04;178/905
754;373;556;690;2018-12-03;376/107
755;50;427;776;2019-05-06;581/3
756;276;986;387;2019-06-15;456
757;804;752;599;2019-09-05;
758;803;577;670;2019-06-21;120
759;78;183;84;2019-03-17;323/318
760;89;134;634;2019-09-08;
761;562;240;900;2019-07-14;643/348
762;34;595;1000;2019-04-16;
763;538;122;681;2019-03-27;212
764;13;121;553;2019-09-21;486
765;2;141;291;2019-09-06;
766;591;962;599;2019-08-19;250/975
767;352;595;812;2019-03-05;
768;461;889;937;2019-08-16;712
769;444;486;858;2019-09-21;
770;883;681;1000;2019-08-07;53/892
771;399;713;73;2018-10-07;404
772;505;295;343;2018-11-16;880/592
773;817;166;362;2019-05-30;
774;580;939;967;2019-05-13;89/420
775;278;384;96;2019-01-12;
776;658;208;61;2019-04-17;
777;527;64;425;2019-04-27;584/859
778;176;266;855;2019-01-14;
779;592;150;245;2018-09-28;768
780;510;654;843;2019-07-30;813
781;717;349;77;2019-05-12;
782;502;505;241;2019-07-16;628
783;26;447;253;2019-01-13;845
784;51;831;556;2019-09-17;112
785;394;969;366;2019-03-27;
786;506;705;745;2018-11-18;
787;889;858;229;2019-02-27;
788;520;1;134;2019-04-15;964
789;336;492;615;2019-07-11;
790;695;935;865;2018-10-11;624/27
791;914;518;194;2019-05-06;764
792;509;495;476;2019-02-15;
793;920;674;62;2019-02-25;214
794;585;195;724;2019-02-21;634
795;579;340;584;2019-05-28;140
796;617;523;777;2019-09-11;
797;834;497;996;2019-06-07;946/240
798;280;303;319;2019-03-25;49/973
799;473;551;580;2019-08-29;132/816
800;682;331;249;2019-05-10;602/864
801;717;470;209;2018-11-11;25
802;232;52;43;2019-01-17;658/844
803;245;451;757;2019-05-03;488/789
804;969;684;18;2019-06-02;
805;383;454;86;2019-03-03;273/640
806;784;487;696;2018-12-19;
807;814;477;692;2019-06-14;549
808;626;905;449;2018-10-16;634
809;770;821;817;2018-12-29;735/873
810;42;784;760;2019-09-08;445/434
811;243;546;853;2019-07-28;280
812;107;949;206;2019-05-12;600
813;867;718;939;2018-12-28;
814;346;532;532;2019-09-09;
815;554;519;10;2019-09-25;951
816;52;209;322;2019-05-21;
817;53;438;480;2019-01-20;
818;584;623;194;2019-05-15;763
819;159;802;80;2019-02-04;
820;235;252;416;2019-09-12;382
821;579;201;199;2018-10-20;
822;741;57;428;2019-04-06;55/369
823;892;149;514;2019-01-15;81/718
824;473;805;654;2019-01-06;833/998
825;870;194;177;2019-03-31;
826;238;402;457;2019-03-15;650
827;710;189;880;2019-02-22;6/196
828;613;233;800;2018-10-09;
829;417;155;750;2019-01-19;245/716
830;584;483;768;2018-09-30;427
831;810;766;768;2018-12-01;783/82
832;901;784;605;2019-01-02;
833;12;752;289;2018-10-08;714/988
834;114;586;284;2018-10-12;
835;456;427;316;2019-06-10;
836;25;768;566;2019-02-11;452/78
837;829;950;453;2019-06-21;201
838;649;469;519;2019-07-07;78
839;698;515;913;2019-03-21;755/235
840;941;570;601;2019-07-22;184
841;481;744;940;2019-06-07;
842;32;124;376;2019-04-20;
843;870;190;406;2019-01-15;685
844;688;114;156;2018-10-22;510
845;443;503;113;2019-09-08;
846;896;260;521;2019-04-30;22/29
847;111;884;634;2019-03-14;
848;569;456;833;2018-12-15;853
849;950;189;421;2019-08-20;642/138
850;67;532;326;2018-10-30;192
851;954;203;386;2019-09-06;466/764
852;344;945;296;2018-10-29;538/725
853;746;493;980;2019-08-29;672
854;471;339;292;2019-01-06;
855;239;698;909;2018-10-11;938/706
856;628;153;48;2019-05-10;153
857;667;762;88;2019-04-18;733
858;862;424;838;2019-02-08;903/98
859;310;68;99;2018-11-19;816/902
860;386;569;553;2019-08-01;639
861;675;990;519;2019-07-15;59
862;65;271;462;2018-11-11;363/380
863;10;812;356;2019-07-09;599/777
864;540;174;88;2018-12-14;
865;466;42;901;2018-11-23;
866;430;387;655;2019-02-15;658
867;176;26;281;2019-03-18;604/188
868;128;722;544;2018-12-03;154
869;272;359;994;2019-07-29;863
870;663;713;232;2018-11-03;156
871;884;498;996;2019-07-30;477/678
872;157;722;609;2019-07-19;503
873;575;308;674;2019-02-21;
874;490;43;345;2018-11-07;792/536
875;357;222;655;2019-09-10;903
876;272;676;57;2019-06-12;
877;682;210;538;2018-12-30;
878;864;765;379;2019-06-10;
879;182;816;445;2019-07-23;467
880;861;289;407;2019-07-29;583/833
881;869;247;947;2018-10-31;
882;329;222;493;2019-06-09;
883;276;544;726;2018-10-28;904/914
884;866;408;200;2019-01-03;
885;627;260;992;2019-05-10;870
886;416;717;397;2019-09-24;961
887;499;420;9;2019-01-31;353
888;759;805;291;2019-03-24;76/815
889;481;838;19;2019-03-07;384
890;772;492;794;2018-12-06;
891;704;191;662;2019-07-18;651
892;291;740;746;2019-07-16;106
893;910;796;218;2019-01-26;816
894;492;621;752;2019-07-30;112
895;880;366;290;2019-07-19;
896;224;164;448;2019-05-28;601
897;226;973;231;2019-01-23;365/464
898;124;345;207;2018-12-12;
899;308;627;793;2019-01-05;
900;342;233;557;2019-03-14;888
901;871;768;180;2019-07-25;279
902;575;557;868;2019-02-08;
903;412;41;350;2019-06-25;985
904;962;296;132;2019-05-18;463/814
905;18;196;862;2019-02-11;
906;411;341;904;2019-09-01;
907;216;138;378;2019-08-05;123
908;206;555;455;2019-06-18;1
909;392;680;917;2019-08-30;128
910;725;886;195;2019-07-24;884/552
911;46;936;308;2019-01-02;
912;65;382;149;2019-07-02;
913;182;405;508;2019-05-22;147/320
914;284;495;577;2019-03-19;955/750
915;306;985;897;2018-10-07;
916;979;397;952;2019-04-02;
917;520;678;37;2019-09-10;317
918;778;228;278;2019-05-02;648
919;619;813;737;2018-11-28;
920;17;224;457;2018-11-16;692
921;221;553;327;2019-01-08;
922;379;906;197;2019-04-10;405
923;484;1;845;2019-06-17;
924;232;839;149;2019-08-10;129
925;764;795;257;2019-04-21;194/949
926;201;261;838;2019-05-25;
927;444;989;278;2019-08-31;998
928;594;162;46;2019-07-12;535
929;748;181;6;2018-11-02;906/295
930;827;745;622;2019-09-21;
931;691;902;483;2019-01-15;610/691
932;697;567;370;2019-03-24;512
933;425;823;607;2019-04-04;344/271
934;538;385;786;2019-04-09;97
935;241;10;47;2018-12-29;
936;562;687;170;2019-08-14;
937;503;150;740;2019-08-19;830/393
938;202;619;396;2019-04-17;
939;147;976;589;2019-01-29;
940;661;469;843;2019-02-23;
941;381;541;854;2019-05-27;
942;760;81;49;2019-08-03;962
943;564;472;210;2019-04-25;
944;863;493;98;2019-08-02;994/160
945;549;858;774;2018-10-05;488
946;663;637;964;2019-02-04;
947;715;117;377;2019-02-05;216
948;66;908;270;2019-05-21;
949;700;113;460;2019-01-16;547/427
950;304;55;284;2019-06-11;
951;194;253;426;2019-08-30;
952;491;808;916;2019-02-19;
953;690;924;372;2018-10-27;
954;674;760;281;2019-04-12;
955;837;626;81;2018-11-20;
956;959;953;162;2018-10-13;598
957;891;160;579;2019-08-26;421/223
958;675;598;53;2018-11-14;
959;672;740;175;2018-10-09;
960;990;627;410;2019-03-03;
961;466;605;256;2018-10-16;968/351
962;407;547;637;2018-11-27;
963;718;5;4;2018-11-08;601
964;453;489;46;2019-05-17;810/822
965;85;648;847;2018-12-15;120
966;641;200;955;2018-10-07;855/276
967;183;61;605;2018-10-16;883
968;283;934;584;2018-12-19;993
969;851;201;617;2019-08-29;359/299
970;871;249;32;2018-12-30;
971;655;352;847;2019-06-18;390/297
972;549;967;828;2019-08-12;66
973;95;259;793;2018-10-03;
974;603;757;419;2019-05-08;
975;450;115;220;2019-08-19;764
976;325;976;581;2019-02-16;
977;799;498;527;2019-04-20;215
978;85;287;936;2019-01-19;169
979;793;439;137;2019-07-22;440/391
980;723;131;489;2019-01-29;
981;570;677;374;2019-05-30;
982;759;714;265;2018-11-05;198
983;751;960;147;2019-09-06;
984;586;893;154;2019-05-14;
985;505;690;313;2019-08-11;62
986;37;679;990;2019-03-30;600/363
987;727;773;461;2018-12-30;241/198
988;243;751;80;2019-06-30;214/390
989;221;803;859;2018-12-10;806/526
990;694;909;794;2019-05-21;301/159
991;22;290;766;2018-11-19;529/779
992;473;947;126;2018-10-06;933/522
993;90;653;726;2018-12-23;748/335
994;466;734;98;2019-05-07;800/229
995;457;827;838;2019-01-20;118/739
996;282;395;627;2019-04-02;266/452
997;910;222;681;2019-06-07;
998;217;546;244;2019-01-10;716/255
999;922;51;241;2018-11-17;
1000;407;780;934;2019-04-10;464/60
